/home/ake/.local/lib/python3.10/site-packages/setuptools/_distutils/dist.py:289: UserWarning: Unknown distribution option: 'tests_require'
  warnings.warn(msg)
running develop
running egg_info
creating neupan_ros2.egg-info
writing neupan_ros2.egg-info/PKG-INFO
writing dependency_links to neupan_ros2.egg-info/dependency_links.txt
writing entry points to neupan_ros2.egg-info/entry_points.txt
writing requirements to neupan_ros2.egg-info/requires.txt
writing top-level names to neupan_ros2.egg-info/top_level.txt
writing manifest file 'neupan_ros2.egg-info/SOURCES.txt'
reading manifest file 'neupan_ros2.egg-info/SOURCES.txt'
writing manifest file 'neupan_ros2.egg-info/SOURCES.txt'
running build_ext
Creating /home/ake/nav/nav_neupan/install/neupan_ros2/lib/python3.10/site-packages/neupan-ros2.egg-link (link to .)
Installing neupan_node script to /home/ake/nav/nav_neupan/install/neupan_ros2/lib/neupan_ros2

Installed /home/ake/nav/nav_neupan/build/neupan_ros2
running symlink_data
creating /home/ake/nav/nav_neupan/install/neupan_ros2/share/ament_index/resource_index/packages
symbolically linking /home/ake/nav/nav_neupan/build/neupan_ros2/resource/neupan_ros2 -> /home/ake/nav/nav_neupan/install/neupan_ros2/share/ament_index/resource_index/packages
symbolically linking /home/ake/nav/nav_neupan/build/neupan_ros2/package.xml -> /home/ake/nav/nav_neupan/install/neupan_ros2/share/neupan_ros2
creating /home/ake/nav/nav_neupan/install/neupan_ros2/share/neupan_ros2/launch
symbolically linking /home/ake/nav/nav_neupan/build/neupan_ros2/launch/neupan_launch.py -> /home/ake/nav/nav_neupan/install/neupan_ros2/share/neupan_ros2/launch
symbolically linking /home/ake/nav/nav_neupan/build/neupan_ros2/launch/limo_diff_launch.py -> /home/ake/nav/nav_neupan/install/neupan_ros2/share/neupan_ros2/launch
creating /home/ake/nav/nav_neupan/install/neupan_ros2/share/neupan_ros2/config
symbolically linking /home/ake/nav/nav_neupan/build/neupan_ros2/config/limo_diff.yaml -> /home/ake/nav/nav_neupan/install/neupan_ros2/share/neupan_ros2/config
creating /home/ake/nav/nav_neupan/install/neupan_ros2/share/neupan_ros2/config/neupan_config
symbolically linking /home/ake/nav/nav_neupan/build/neupan_ros2/config/neupan_config/neupan_limo_diff.yaml -> /home/ake/nav/nav_neupan/install/neupan_ros2/share/neupan_ros2/config/neupan_config
creating /home/ake/nav/nav_neupan/install/neupan_ros2/share/neupan_ros2/config/dune_checkpoint
symbolically linking /home/ake/nav/nav_neupan/build/neupan_ros2/config/dune_checkpoint/model_5000.pth -> /home/ake/nav/nav_neupan/install/neupan_ros2/share/neupan_ros2/config/dune_checkpoint
symbolically linking /home/ake/nav/nav_neupan/build/neupan_ros2/config/dune_checkpoint/train_dict.pkl -> /home/ake/nav/nav_neupan/install/neupan_ros2/share/neupan_ros2/config/dune_checkpoint
symbolically linking /home/ake/nav/nav_neupan/build/neupan_ros2/config/dune_checkpoint/results.txt -> /home/ake/nav/nav_neupan/install/neupan_ros2/share/neupan_ros2/config/dune_checkpoint
creating /home/ake/nav/nav_neupan/install/neupan_ros2/share/neupan_ros2/rviz
symbolically linking /home/ake/nav/nav_neupan/build/neupan_ros2/rviz/neupan.rviz -> /home/ake/nav/nav_neupan/install/neupan_ros2/share/neupan_ros2/rviz
