[0.010s] Invoking command in '/home/ake/nav/nav_neupan/build/robot_description': CMAKE_PREFIX_PATH=/opt/ros/humble /usr/bin/cmake /home/ake/nav/nav_neupan/src/bot_nav/src/robot_description -DAMENT_CMAKE_SYMLINK_INSTALL=1 -DCMAKE_INSTALL_PREFIX=/home/ake/nav/nav_neupan/install/robot_description
[0.135s] -- The C compiler identification is GNU 11.4.0
[0.135s] -- The CXX compiler identification is GNU 11.4.0
[0.135s] -- Detecting C compiler ABI info
[0.138s] -- Detecting C compiler ABI info - done
[0.143s] -- Check for working C compiler: /usr/bin/cc - skipped
[0.143s] -- Detecting C compile features
[0.143s] -- Detecting C compile features - done
[0.145s] -- Detecting CXX compiler ABI info
[0.195s] -- Detecting CXX compiler ABI info - done
[0.199s] -- Check for working CXX compiler: /usr/bin/c++ - skipped
[0.200s] -- Detecting CXX compile features
[0.200s] -- Detecting CXX compile features - done
[0.203s] -- Found ament_cmake: 1.3.12 (/opt/ros/humble/share/ament_cmake/cmake)
[0.442s] -- Found Python3: /usr/bin/python3 (found version "3.10.12") found components: Interpreter 
[0.483s] -- Override CMake install command with custom implementation using symlinks instead of copying resources
[0.503s] -- Found xacro: 2.1.1 (/opt/ros/humble/share/xacro/cmake)
[0.504s] -- Found urdf: 2.6.1 (/opt/ros/humble/share/urdf/cmake)
[0.545s] -- Found gazebo_ros: 3.9.0 (/opt/ros/humble/share/gazebo_ros/cmake)
[0.564s] -- Found rosidl_generator_c: 3.1.7 (/opt/ros/humble/share/rosidl_generator_c/cmake)
[0.566s] -- Found rosidl_adapter: 3.1.7 (/opt/ros/humble/share/rosidl_adapter/cmake)
[0.571s] -- Found rosidl_generator_cpp: 3.1.7 (/opt/ros/humble/share/rosidl_generator_cpp/cmake)
[0.577s] -- Using all available rosidl_typesupport_c: rosidl_typesupport_fastrtps_c;rosidl_typesupport_introspection_c
[0.584s] -- Using all available rosidl_typesupport_cpp: rosidl_typesupport_fastrtps_cpp;rosidl_typesupport_introspection_cpp
[0.615s] -- Found rmw_implementation_cmake: 6.1.2 (/opt/ros/humble/share/rmw_implementation_cmake/cmake)
[0.617s] -- Found rmw_fastrtps_cpp: 6.2.8 (/opt/ros/humble/share/rmw_fastrtps_cpp/cmake)
[0.637s] -- Found TinyXML2 via Config file: TinyXML2_DIR-NOTFOUND
[0.678s] -- Found OpenSSL: /usr/lib/x86_64-linux-gnu/libcrypto.so (found version "3.0.2")  
[0.681s] -- Found TinyXML2 via Config file: TinyXML2_DIR-NOTFOUND
[0.692s] -- Found FastRTPS: /opt/ros/humble/include  
[0.694s] -- Found TinyXML2 via Config file: TinyXML2_DIR-NOTFOUND
[0.699s] -- Found TinyXML2 via Config file: TinyXML2_DIR-NOTFOUND
[0.707s] -- Using RMW implementation 'rmw_fastrtps_cpp' as default
[0.713s] -- Looking for pthread.h
[0.768s] -- Looking for pthread.h - found
[0.768s] -- Performing Test CMAKE_HAVE_LIBC_PTHREAD
[0.819s] -- Performing Test CMAKE_HAVE_LIBC_PTHREAD - Success
[0.819s] -- Found Threads: TRUE  
[0.860s] -- Found PkgConfig: /usr/bin/pkg-config (found version "0.29.2") 
[0.861s] -- Checking for module 'bullet>=2.82'
[0.871s] --   Found bullet, version 3.05
[0.950s] -- Found fcl: /usr/include (found suitable version "0.7.0", minimum required is "0.5.0") 
[0.987s] -- Found assimp: /usr/include (found version "5.2.0") 
[1.001s] -- Found DART: /usr/include (Required is at least version "6.6") found components: dart 
[1.028s] -- Found Boost: /usr/lib/x86_64-linux-gnu/cmake/Boost-1.74.0/BoostConfig.cmake (found suitable version "1.74.0", minimum required is "1.40.0") found components: thread system filesystem program_options regex iostreams date_time 
[1.040s] -- Found Protobuf: /usr/lib/x86_64-linux-gnu/libprotobuf.so (found version "3.12.4") 
[1.043s] -- Looking for ignition-math6 -- found version 6.15.1
[1.048s] -- Searching for dependencies of ignition-math6
[1.057s] -- Looking for OGRE...
[1.057s] -- OGRE_PREFIX_WATCH changed.
[1.057s] -- Checking for module 'OGRE'
[1.064s] --   Found OGRE, version 1.9.0
[1.088s] -- Found Ogre Ghadamon (1.9.0)
[1.092s] -- Found OGRE: optimized;/usr/lib/x86_64-linux-gnu/libOgreMain.so;debug;/usr/lib/x86_64-linux-gnu/libOgreMain.so
[1.098s] -- Looking for OGRE_Paging...
[1.101s] -- Found OGRE_Paging: optimized;/usr/lib/x86_64-linux-gnu/libOgrePaging.so;debug;/usr/lib/x86_64-linux-gnu/libOgrePaging.so
[1.101s] -- Looking for OGRE_Terrain...
[1.104s] -- Found OGRE_Terrain: optimized;/usr/lib/x86_64-linux-gnu/libOgreTerrain.so;debug;/usr/lib/x86_64-linux-gnu/libOgreTerrain.so
[1.104s] -- Looking for OGRE_Property...
[1.107s] -- Found OGRE_Property: optimized;/usr/lib/x86_64-linux-gnu/libOgreProperty.so;debug;/usr/lib/x86_64-linux-gnu/libOgreProperty.so
[1.107s] -- Looking for OGRE_RTShaderSystem...
[1.109s] -- Found OGRE_RTShaderSystem: optimized;/usr/lib/x86_64-linux-gnu/libOgreRTShaderSystem.so;debug;/usr/lib/x86_64-linux-gnu/libOgreRTShaderSystem.so
[1.109s] -- Looking for OGRE_Volume...
[1.112s] -- Found OGRE_Volume: optimized;/usr/lib/x86_64-linux-gnu/libOgreVolume.so;debug;/usr/lib/x86_64-linux-gnu/libOgreVolume.so
[1.112s] -- Looking for OGRE_Overlay...
[1.115s] -- Found OGRE_Overlay: optimized;/usr/lib/x86_64-linux-gnu/libOgreOverlay.so;debug;/usr/lib/x86_64-linux-gnu/libOgreOverlay.so
[1.171s] -- Looking for ignition-math6 -- found version 6.15.1
[1.172s] -- Looking for ignition-transport8 -- found version 8.2.1
[1.172s] -- Searching for dependencies of ignition-transport8
[1.183s] -- Found Protobuf: /usr/lib/x86_64-linux-gnu/libprotobuf.so (found suitable version "3.12.4", minimum required is "3") 
[1.190s] -- Config-file not installed for ZeroMQ -- checking for pkg-config
[1.193s] -- Checking for module 'libzmq >= 4'
[1.203s] --   Found libzmq , version 4.3.4
[1.231s] -- Found ZeroMQ: TRUE (Required is at least version "4") 
[1.236s] -- Checking for module 'uuid'
[1.245s] --   Found uuid, version 2.37.2
[1.271s] -- Found UUID: TRUE  
[1.274s] -- Looking for ignition-msgs5 -- found version 5.8.1
[1.274s] -- Searching for dependencies of ignition-msgs5
[1.290s] -- Looking for ignition-math6 -- found version 6.15.1
[1.295s] -- Checking for module 'tinyxml2'
[1.306s] --   Found tinyxml2, version 9.0.0
[1.332s] -- Looking for ignition-msgs5 -- found version 5.8.1
[1.333s] -- Looking for ignition-common3 -- found version 3.14.0
[1.333s] -- Searching for dependencies of ignition-common3
[1.334s] -- Looking for dlfcn.h - found
[1.334s] -- Looking for libdl - found
[1.335s] -- Found DL: TRUE  
[1.346s] -- Found tinyobjloader: /usr/lib/x86_64-linux-gnu/cmake/tinyobjloader/tinyobjloader-config.cmake (found version "2.0.0") 
[1.347s] -- Searching for <ignition-common3> component [graphics]
[1.348s] -- Looking for ignition-common3-graphics -- found version 3.14.0
[1.349s] -- Searching for dependencies of ignition-common3-graphics
[1.349s] -- Looking for ignition-math6 -- found version 6.15.1
[1.351s] -- Looking for ignition-fuel_tools4 -- found version 4.4.0
[1.351s] -- Searching for dependencies of ignition-fuel_tools4
[1.410s] -- Found CURL: /usr/lib/x86_64-linux-gnu/libcurl.so (found version "7.81.0")  
[1.417s] -- Checking for module 'jsoncpp'
[1.425s] --   Found jsoncpp, version 1.9.5
[1.449s] -- Found JSONCPP: TRUE  
[1.455s] -- Checking for module 'libzip'
[1.466s] --   Found libzip, version 1.7.3
[1.494s] -- Found ZIP: TRUE  
[1.494s] -- Looking for ignition-common3 -- found version 3.14.0
[1.495s] -- Looking for ignition-math6 -- found version 6.15.1
[1.495s] -- Looking for ignition-msgs5 -- found version 5.8.1
[1.499s] -- Gazebo version: 11.10
[1.500s] -- Checking for module 'tbb'
[1.510s] --   Found tbb, version 2021.5.0
[1.579s] -- Configuring done
[1.581s] -- Generating done
[1.583s] -- Build files have been written to: /home/ake/nav/nav_neupan/build/robot_description
[1.590s] Invoked command in '/home/ake/nav/nav_neupan/build/robot_description' returned '0': CMAKE_PREFIX_PATH=/opt/ros/humble /usr/bin/cmake /home/ake/nav/nav_neupan/src/bot_nav/src/robot_description -DAMENT_CMAKE_SYMLINK_INSTALL=1 -DCMAKE_INSTALL_PREFIX=/home/ake/nav/nav_neupan/install/robot_description
[1.591s] Invoking command in '/home/ake/nav/nav_neupan/build/robot_description': CMAKE_PREFIX_PATH=/opt/ros/humble /usr/bin/cmake --build /home/ake/nav/nav_neupan/build/robot_description -- -j20 -l20
[1.628s] Invoked command in '/home/ake/nav/nav_neupan/build/robot_description' returned '0': CMAKE_PREFIX_PATH=/opt/ros/humble /usr/bin/cmake --build /home/ake/nav/nav_neupan/build/robot_description -- -j20 -l20
[1.635s] Invoking command in '/home/ake/nav/nav_neupan/build/robot_description': CMAKE_PREFIX_PATH=/opt/ros/humble /usr/bin/cmake --install /home/ake/nav/nav_neupan/build/robot_description
[1.641s] -- Install configuration: ""
[1.641s] -- Execute custom install script
[1.641s] -- Symlinking: /home/ake/nav/nav_neupan/install/robot_description/share/robot_description/launch/display.launch.xml
[1.646s] -- Symlinking: /home/ake/nav/nav_neupan/install/robot_description/share/robot_description/launch/gazebo.launch.xml
[1.652s] -- Symlinking: /home/ake/nav/nav_neupan/install/robot_description/share/robot_description/urdf/camera.xacro
[1.657s] -- Symlinking: /home/ake/nav/nav_neupan/install/robot_description/share/robot_description/urdf/common_properties.xacro
[1.664s] -- Symlinking: /home/ake/nav/nav_neupan/install/robot_description/share/robot_description/urdf/lidar.xacro
[1.671s] -- Symlinking: /home/ake/nav/nav_neupan/install/robot_description/share/robot_description/urdf/mobile_robot.urdf.xacro
[1.676s] -- Symlinking: /home/ake/nav/nav_neupan/install/robot_description/share/robot_description/urdf/mobile_robot_base.xacro
[1.681s] -- Symlinking: /home/ake/nav/nav_neupan/install/robot_description/share/robot_description/urdf/mobile_robot_gazebo.xacro
[1.686s] -- Symlinking: /home/ake/nav/nav_neupan/install/robot_description/share/robot_description/meshes/base_link.dae
[1.690s] -- Symlinking: /home/ake/nav/nav_neupan/install/robot_description/share/robot_description/meshes/camera.dae
[1.698s] -- Symlinking: /home/ake/nav/nav_neupan/install/robot_description/share/robot_description/meshes/motor.dae
[1.703s] -- Symlinking: /home/ake/nav/nav_neupan/install/robot_description/share/robot_description/meshes/rplidar.dae
[1.708s] -- Symlinking: /home/ake/nav/nav_neupan/install/robot_description/share/robot_description/meshes/ubase_link.dae
[1.715s] -- Symlinking: /home/ake/nav/nav_neupan/install/robot_description/share/robot_description/meshes/wheel.dae
[1.723s] -- Symlinking: /home/ake/nav/nav_neupan/install/robot_description/share/robot_description/rviz/gazebo_config.rviz
[1.730s] -- Symlinking: /home/ake/nav/nav_neupan/install/robot_description/share/robot_description/rviz/urdf_config.rviz
[1.735s] -- Symlinking: /home/ake/nav/nav_neupan/install/robot_description/share/ament_index/resource_index/package_run_dependencies/robot_description
[1.743s] -- Symlinking: /home/ake/nav/nav_neupan/install/robot_description/share/ament_index/resource_index/parent_prefix_path/robot_description
[1.748s] -- Symlinking: /home/ake/nav/nav_neupan/install/robot_description/share/robot_description/environment/ament_prefix_path.sh
[1.755s] -- Symlinking: /home/ake/nav/nav_neupan/install/robot_description/share/robot_description/environment/ament_prefix_path.dsv
[1.760s] -- Symlinking: /home/ake/nav/nav_neupan/install/robot_description/share/robot_description/environment/path.sh
[1.764s] -- Symlinking: /home/ake/nav/nav_neupan/install/robot_description/share/robot_description/environment/path.dsv
[1.771s] -- Symlinking: /home/ake/nav/nav_neupan/install/robot_description/share/robot_description/local_setup.bash
[1.776s] -- Symlinking: /home/ake/nav/nav_neupan/install/robot_description/share/robot_description/local_setup.sh
[1.783s] -- Symlinking: /home/ake/nav/nav_neupan/install/robot_description/share/robot_description/local_setup.zsh
[1.791s] -- Symlinking: /home/ake/nav/nav_neupan/install/robot_description/share/robot_description/local_setup.dsv
[1.797s] -- Symlinking: /home/ake/nav/nav_neupan/install/robot_description/share/robot_description/package.dsv
[1.803s] -- Symlinking: /home/ake/nav/nav_neupan/install/robot_description/share/ament_index/resource_index/packages/robot_description
[1.811s] -- Symlinking: /home/ake/nav/nav_neupan/install/robot_description/share/robot_description/cmake/robot_descriptionConfig.cmake
[1.817s] -- Symlinking: /home/ake/nav/nav_neupan/install/robot_description/share/robot_description/cmake/robot_descriptionConfig-version.cmake
[1.822s] -- Symlinking: /home/ake/nav/nav_neupan/install/robot_description/share/robot_description/package.xml
[1.830s] Invoked command in '/home/ake/nav/nav_neupan/build/robot_description' returned '0': CMAKE_PREFIX_PATH=/opt/ros/humble /usr/bin/cmake --install /home/ake/nav/nav_neupan/build/robot_description
