[0.010s] Invoking command in '/home/ake/nav/nav_neupan/src/bot_nav/build/costmap_converter_msgs': CMAKE_PREFIX_PATH=${CMAKE_PREFIX_PATH}:/home/ake/nav/nav_neupan/install/nav_launch:/home/ake/nav/nav_neupan/install/robot_patrol:/home/ake/nav/nav_neupan/install/neupan_ros2:/opt/ros/humble /usr/bin/cmake /home/ake/nav/nav_neupan/src/bot_nav/src/costmap_converter/costmap_converter_msgs -DAMENT_CMAKE_SYMLINK_INSTALL=1 -DCMAKE_INSTALL_PREFIX=/home/ake/nav/nav_neupan/src/bot_nav/install/costmap_converter_msgs
[0.049s] -- The C compiler identification is GNU 11.4.0
[0.085s] -- The CXX compiler identification is GNU 11.4.0
[0.090s] -- Detecting C compiler ABI info
[0.143s] -- Detecting C compiler ABI info - done
[0.143s] -- Check for working C compiler: /usr/bin/cc - skipped
[0.144s] -- Detecting C compile features
[0.144s] -- Detecting C compile features - done
[0.144s] -- Detecting CXX compiler ABI info
[0.194s] -- Detecting CXX compiler ABI info - done
[0.198s] -- Check for working CXX compiler: /usr/bin/c++ - skipped
[0.198s] -- Detecting CXX compile features
[0.198s] -- Detecting CXX compile features - done
[0.200s] -- Found ament_cmake: 1.3.12 (/opt/ros/humble/share/ament_cmake/cmake)
[0.449s] -- Found Python3: /usr/bin/python3 (found version "3.10.12") found components: Interpreter 
[0.489s] -- Override CMake install command with custom implementation using symlinks instead of copying resources
[0.507s] -- Found builtin_interfaces: 1.2.2 (/opt/ros/humble/share/builtin_interfaces/cmake)
[0.535s] -- Found rosidl_generator_c: 3.1.7 (/opt/ros/humble/share/rosidl_generator_c/cmake)
[0.539s] -- Found rosidl_adapter: 3.1.7 (/opt/ros/humble/share/rosidl_adapter/cmake)
[0.546s] -- Found rosidl_generator_cpp: 3.1.7 (/opt/ros/humble/share/rosidl_generator_cpp/cmake)
[0.554s] -- Using all available rosidl_typesupport_c: rosidl_typesupport_fastrtps_c;rosidl_typesupport_introspection_c
[0.566s] -- Using all available rosidl_typesupport_cpp: rosidl_typesupport_fastrtps_cpp;rosidl_typesupport_introspection_cpp
[0.575s] -- Found geometry_msgs: 4.9.0 (/opt/ros/humble/share/geometry_msgs/cmake)
[0.591s] -- Found rosidl_default_generators: 1.2.0 (/opt/ros/humble/share/rosidl_default_generators/cmake)
[0.804s] -- Found ament_cmake_ros: 0.10.0 (/opt/ros/humble/share/ament_cmake_ros/cmake)
[1.133s] -- Using all available rosidl_typesupport_c: rosidl_typesupport_fastrtps_c;rosidl_typesupport_introspection_c
[1.259s] -- Using all available rosidl_typesupport_cpp: rosidl_typesupport_fastrtps_cpp;rosidl_typesupport_introspection_cpp
[1.280s] -- Found PythonInterp: /usr/bin/python3 (found suitable version "3.10.12", minimum required is "3.6") 
[1.282s] -- Found python_cmake_module: 0.10.0 (/opt/ros/humble/share/python_cmake_module/cmake)
[1.305s] -- Found PythonLibs: /usr/lib/x86_64-linux-gnu/libpython3.10.so (found suitable version "3.10.12", minimum required is "3.5") 
[1.305s] -- Using PYTHON_EXECUTABLE: /usr/bin/python3
[1.305s] -- Using PYTHON_INCLUDE_DIRS: /usr/include/python3.10
[1.305s] -- Using PYTHON_LIBRARIES: /usr/lib/x86_64-linux-gnu/libpython3.10.so
[1.325s] -- Found PythonExtra: .so  
[1.373s] -- Configuring done
[1.391s] -- Generating done
[1.397s] -- Build files have been written to: /home/ake/nav/nav_neupan/src/bot_nav/build/costmap_converter_msgs
[1.403s] Invoked command in '/home/ake/nav/nav_neupan/src/bot_nav/build/costmap_converter_msgs' returned '0': CMAKE_PREFIX_PATH=${CMAKE_PREFIX_PATH}:/home/ake/nav/nav_neupan/install/nav_launch:/home/ake/nav/nav_neupan/install/robot_patrol:/home/ake/nav/nav_neupan/install/neupan_ros2:/opt/ros/humble /usr/bin/cmake /home/ake/nav/nav_neupan/src/bot_nav/src/costmap_converter/costmap_converter_msgs -DAMENT_CMAKE_SYMLINK_INSTALL=1 -DCMAKE_INSTALL_PREFIX=/home/ake/nav/nav_neupan/src/bot_nav/install/costmap_converter_msgs
[1.404s] Invoking command in '/home/ake/nav/nav_neupan/src/bot_nav/build/costmap_converter_msgs': CMAKE_PREFIX_PATH=${CMAKE_PREFIX_PATH}:/home/ake/nav/nav_neupan/install/nav_launch:/home/ake/nav/nav_neupan/install/robot_patrol:/home/ake/nav/nav_neupan/install/neupan_ros2:/opt/ros/humble /usr/bin/cmake --build /home/ake/nav/nav_neupan/src/bot_nav/build/costmap_converter_msgs -- -j20 -l20
[1.432s] [  2%] [34m[1mGenerating C code for ROS interfaces[0m
[1.440s] [  5%] [34m[1mGenerating C++ code for ROS interfaces[0m
[1.442s] [  5%] Built target ament_cmake_python_symlink_costmap_converter_msgs
[1.573s] running egg_info
[1.583s] creating costmap_converter_msgs.egg-info
[1.583s] writing costmap_converter_msgs.egg-info/PKG-INFO
[1.584s] writing dependency_links to costmap_converter_msgs.egg-info/dependency_links.txt
[1.584s] writing top-level names to costmap_converter_msgs.egg-info/top_level.txt
[1.584s] writing manifest file 'costmap_converter_msgs.egg-info/SOURCES.txt'
[1.613s] reading manifest file 'costmap_converter_msgs.egg-info/SOURCES.txt'
[1.614s] writing manifest file 'costmap_converter_msgs.egg-info/SOURCES.txt'
[1.636s] [  5%] Built target costmap_converter_msgs__cpp
[1.637s] [  7%] [32mBuilding C object CMakeFiles/costmap_converter_msgs__rosidl_generator_c.dir/rosidl_generator_c/costmap_converter_msgs/msg/detail/obstacle_array_msg__functions.c.o[0m
[1.637s] [ 10%] [32mBuilding C object CMakeFiles/costmap_converter_msgs__rosidl_generator_c.dir/rosidl_generator_c/costmap_converter_msgs/msg/detail/obstacle_msg__functions.c.o[0m
[1.640s] [ 10%] Built target ament_cmake_python_build_costmap_converter_msgs_egg
[1.642s] [ 12%] [34m[1mGenerating C++ introspection for ROS interfaces[0m
[1.643s] [ 15%] [34m[1mGenerating C++ type support dispatch for ROS interfaces[0m
[1.644s] [ 17%] [34m[1mGenerating C++ type support for eProsima Fast-RTPS[0m
[1.669s] [ 20%] [32m[1mLinking C shared library libcostmap_converter_msgs__rosidl_generator_c.so[0m
[1.695s] [ 20%] Built target costmap_converter_msgs__rosidl_generator_c
[1.701s] [ 25%] [34m[1mGenerating C introspection for ROS interfaces[0m
[1.701s] [ 25%] [34m[1mGenerating C type support dispatch for ROS interfaces[0m
[1.703s] [ 28%] [34m[1mGenerating C type support for eProsima Fast-RTPS[0m
[1.819s] [ 30%] [32mBuilding CXX object CMakeFiles/costmap_converter_msgs__rosidl_typesupport_cpp.dir/rosidl_typesupport_cpp/costmap_converter_msgs/msg/obstacle_msg__type_support.cpp.o[0m
[1.820s] [ 33%] [32mBuilding CXX object CMakeFiles/costmap_converter_msgs__rosidl_typesupport_cpp.dir/rosidl_typesupport_cpp/costmap_converter_msgs/msg/obstacle_array_msg__type_support.cpp.o[0m
[1.825s] [ 35%] [32mBuilding CXX object CMakeFiles/costmap_converter_msgs__rosidl_typesupport_introspection_cpp.dir/rosidl_typesupport_introspection_cpp/costmap_converter_msgs/msg/detail/obstacle_array_msg__type_support.cpp.o[0m
[1.827s] [ 38%] [32mBuilding CXX object CMakeFiles/costmap_converter_msgs__rosidl_typesupport_introspection_cpp.dir/rosidl_typesupport_introspection_cpp/costmap_converter_msgs/msg/detail/obstacle_msg__type_support.cpp.o[0m
[1.834s] [ 41%] [32mBuilding CXX object CMakeFiles/costmap_converter_msgs__rosidl_typesupport_fastrtps_cpp.dir/rosidl_typesupport_fastrtps_cpp/costmap_converter_msgs/msg/detail/dds_fastrtps/obstacle_array_msg__type_support.cpp.o[0m
[1.835s] [ 43%] [32mBuilding CXX object CMakeFiles/costmap_converter_msgs__rosidl_typesupport_fastrtps_cpp.dir/rosidl_typesupport_fastrtps_cpp/costmap_converter_msgs/msg/detail/dds_fastrtps/obstacle_msg__type_support.cpp.o[0m
[1.880s] [ 48%] [32mBuilding CXX object CMakeFiles/costmap_converter_msgs__rosidl_typesupport_c.dir/rosidl_typesupport_c/costmap_converter_msgs/msg/obstacle_msg__type_support.cpp.o[0m
[1.880s] [ 48%] [32mBuilding CXX object CMakeFiles/costmap_converter_msgs__rosidl_typesupport_c.dir/rosidl_typesupport_c/costmap_converter_msgs/msg/obstacle_array_msg__type_support.cpp.o[0m
[1.898s] [ 51%] [32mBuilding C object CMakeFiles/costmap_converter_msgs__rosidl_typesupport_introspection_c.dir/rosidl_typesupport_introspection_c/costmap_converter_msgs/msg/detail/obstacle_msg__type_support.c.o[0m
[1.898s] [ 53%] [32mBuilding C object CMakeFiles/costmap_converter_msgs__rosidl_typesupport_introspection_c.dir/rosidl_typesupport_introspection_c/costmap_converter_msgs/msg/detail/obstacle_array_msg__type_support.c.o[0m
[1.909s] [ 58%] [32mBuilding CXX object CMakeFiles/costmap_converter_msgs__rosidl_typesupport_fastrtps_c.dir/rosidl_typesupport_fastrtps_c/costmap_converter_msgs/msg/detail/obstacle_array_msg__type_support_c.cpp.o[0m
[1.909s] [ 58%] [32mBuilding CXX object CMakeFiles/costmap_converter_msgs__rosidl_typesupport_fastrtps_c.dir/rosidl_typesupport_fastrtps_c/costmap_converter_msgs/msg/detail/obstacle_msg__type_support_c.cpp.o[0m
[1.910s] [ 61%] [32m[1mLinking CXX shared library libcostmap_converter_msgs__rosidl_typesupport_c.so[0m
[1.925s] [ 64%] [32m[1mLinking C shared library libcostmap_converter_msgs__rosidl_typesupport_introspection_c.so[0m
[1.942s] [ 64%] Built target costmap_converter_msgs__rosidl_typesupport_c
[1.946s] [ 64%] Built target costmap_converter_msgs__rosidl_typesupport_introspection_c
[1.999s] [ 66%] [32m[1mLinking CXX shared library libcostmap_converter_msgs__rosidl_typesupport_cpp.so[0m
[2.028s] [ 66%] Built target costmap_converter_msgs__rosidl_typesupport_cpp
[2.097s] [ 69%] [32m[1mLinking CXX shared library libcostmap_converter_msgs__rosidl_typesupport_fastrtps_c.so[0m
[2.102s] [ 71%] [32m[1mLinking CXX shared library libcostmap_converter_msgs__rosidl_typesupport_fastrtps_cpp.so[0m
[2.145s] [ 71%] Built target costmap_converter_msgs__rosidl_typesupport_fastrtps_c
[2.154s] [ 71%] Built target costmap_converter_msgs__rosidl_typesupport_fastrtps_cpp
[2.175s] [ 74%] [32m[1mLinking CXX shared library libcostmap_converter_msgs__rosidl_typesupport_introspection_cpp.so[0m
[2.227s] [ 74%] Built target costmap_converter_msgs__rosidl_typesupport_introspection_cpp
[2.242s] [ 74%] Built target costmap_converter_msgs
[2.256s] [ 76%] [34m[1mGenerating Python code for ROS interfaces[0m
[2.522s] [ 76%] Built target costmap_converter_msgs__py
[2.534s] [ 79%] [32mBuilding C object CMakeFiles/costmap_converter_msgs__rosidl_generator_py.dir/rosidl_generator_py/costmap_converter_msgs/msg/_obstacle_msg_s.c.o[0m
[2.535s] [ 82%] [32mBuilding C object CMakeFiles/costmap_converter_msgs__rosidl_generator_py.dir/rosidl_generator_py/costmap_converter_msgs/msg/_obstacle_array_msg_s.c.o[0m
[2.595s] [ 84%] [32m[1mLinking C shared library rosidl_generator_py/costmap_converter_msgs/libcostmap_converter_msgs__rosidl_generator_py.so[0m
[2.624s] [ 84%] Built target costmap_converter_msgs__rosidl_generator_py
[2.646s] [ 89%] [32mBuilding C object CMakeFiles/costmap_converter_msgs__rosidl_typesupport_fastrtps_c__pyext.dir/rosidl_generator_py/costmap_converter_msgs/_costmap_converter_msgs_s.ep.rosidl_typesupport_fastrtps_c.c.o[0m
[2.646s] [ 89%] [32mBuilding C object CMakeFiles/costmap_converter_msgs__rosidl_typesupport_c__pyext.dir/rosidl_generator_py/costmap_converter_msgs/_costmap_converter_msgs_s.ep.rosidl_typesupport_c.c.o[0m
[2.647s] [ 92%] [32mBuilding C object CMakeFiles/costmap_converter_msgs__rosidl_typesupport_introspection_c__pyext.dir/rosidl_generator_py/costmap_converter_msgs/_costmap_converter_msgs_s.ep.rosidl_typesupport_introspection_c.c.o[0m
[2.705s] [ 94%] [32m[1mLinking C shared library rosidl_generator_py/costmap_converter_msgs/costmap_converter_msgs_s__rosidl_typesupport_c.cpython-310-x86_64-linux-gnu.so[0m
[2.705s] [ 97%] [32m[1mLinking C shared library rosidl_generator_py/costmap_converter_msgs/costmap_converter_msgs_s__rosidl_typesupport_fastrtps_c.cpython-310-x86_64-linux-gnu.so[0m
[2.708s] [100%] [32m[1mLinking C shared library rosidl_generator_py/costmap_converter_msgs/costmap_converter_msgs_s__rosidl_typesupport_introspection_c.cpython-310-x86_64-linux-gnu.so[0m
[2.729s] [100%] Built target costmap_converter_msgs__rosidl_typesupport_c__pyext
[2.730s] [100%] Built target costmap_converter_msgs__rosidl_typesupport_fastrtps_c__pyext
[2.735s] [100%] Built target costmap_converter_msgs__rosidl_typesupport_introspection_c__pyext
[2.742s] Invoked command in '/home/ake/nav/nav_neupan/src/bot_nav/build/costmap_converter_msgs' returned '0': CMAKE_PREFIX_PATH=${CMAKE_PREFIX_PATH}:/home/ake/nav/nav_neupan/install/nav_launch:/home/ake/nav/nav_neupan/install/robot_patrol:/home/ake/nav/nav_neupan/install/neupan_ros2:/opt/ros/humble /usr/bin/cmake --build /home/ake/nav/nav_neupan/src/bot_nav/build/costmap_converter_msgs -- -j20 -l20
[2.743s] Invoking command in '/home/ake/nav/nav_neupan/src/bot_nav/build/costmap_converter_msgs': CMAKE_PREFIX_PATH=${CMAKE_PREFIX_PATH}:/home/ake/nav/nav_neupan/install/nav_launch:/home/ake/nav/nav_neupan/install/robot_patrol:/home/ake/nav/nav_neupan/install/neupan_ros2:/opt/ros/humble /usr/bin/cmake --install /home/ake/nav/nav_neupan/src/bot_nav/build/costmap_converter_msgs
[2.747s] -- Install configuration: ""
[2.748s] -- Execute custom install script
[2.748s] -- Symlinking: /home/ake/nav/nav_neupan/src/bot_nav/install/costmap_converter_msgs/share/ament_index/resource_index/rosidl_interfaces/costmap_converter_msgs
[2.760s] -- Symlinking: /home/ake/nav/nav_neupan/src/bot_nav/install/costmap_converter_msgs/include/costmap_converter_msgs/costmap_converter_msgs/msg/detail/obstacle_array_msg__functions.h
[2.772s] -- Symlinking: /home/ake/nav/nav_neupan/src/bot_nav/install/costmap_converter_msgs/include/costmap_converter_msgs/costmap_converter_msgs/msg/detail/obstacle_array_msg__struct.h
[2.783s] -- Symlinking: /home/ake/nav/nav_neupan/src/bot_nav/install/costmap_converter_msgs/include/costmap_converter_msgs/costmap_converter_msgs/msg/detail/obstacle_array_msg__type_support.h
[2.795s] -- Symlinking: /home/ake/nav/nav_neupan/src/bot_nav/install/costmap_converter_msgs/include/costmap_converter_msgs/costmap_converter_msgs/msg/detail/obstacle_msg__functions.h
[2.812s] -- Symlinking: /home/ake/nav/nav_neupan/src/bot_nav/install/costmap_converter_msgs/include/costmap_converter_msgs/costmap_converter_msgs/msg/detail/obstacle_msg__struct.h
[2.827s] -- Symlinking: /home/ake/nav/nav_neupan/src/bot_nav/install/costmap_converter_msgs/include/costmap_converter_msgs/costmap_converter_msgs/msg/detail/obstacle_msg__type_support.h
[2.838s] -- Symlinking: /home/ake/nav/nav_neupan/src/bot_nav/install/costmap_converter_msgs/include/costmap_converter_msgs/costmap_converter_msgs/msg/obstacle_array_msg.h
[2.846s] -- Symlinking: /home/ake/nav/nav_neupan/src/bot_nav/install/costmap_converter_msgs/include/costmap_converter_msgs/costmap_converter_msgs/msg/obstacle_msg.h
[2.857s] -- Symlinking: /home/ake/nav/nav_neupan/src/bot_nav/install/costmap_converter_msgs/include/costmap_converter_msgs/costmap_converter_msgs/msg/rosidl_generator_c__visibility_control.h
[2.863s] -- Symlinking: /home/ake/nav/nav_neupan/src/bot_nav/install/costmap_converter_msgs/share/costmap_converter_msgs/environment/library_path.sh
[2.871s] -- Symlinking: /home/ake/nav/nav_neupan/src/bot_nav/install/costmap_converter_msgs/share/costmap_converter_msgs/environment/library_path.dsv
[2.878s] -- Symlinking: /home/ake/nav/nav_neupan/src/bot_nav/install/costmap_converter_msgs/include/costmap_converter_msgs/costmap_converter_msgs/msg/detail/obstacle_array_msg__rosidl_typesupport_fastrtps_c.h
[2.883s] -- Symlinking: /home/ake/nav/nav_neupan/src/bot_nav/install/costmap_converter_msgs/include/costmap_converter_msgs/costmap_converter_msgs/msg/detail/obstacle_msg__rosidl_typesupport_fastrtps_c.h
[2.890s] -- Symlinking: /home/ake/nav/nav_neupan/src/bot_nav/install/costmap_converter_msgs/include/costmap_converter_msgs/costmap_converter_msgs/msg/rosidl_typesupport_fastrtps_c__visibility_control.h
[2.896s] -- Symlinking: /home/ake/nav/nav_neupan/src/bot_nav/install/costmap_converter_msgs/include/costmap_converter_msgs/costmap_converter_msgs/msg/detail/obstacle_array_msg__builder.hpp
[2.904s] -- Symlinking: /home/ake/nav/nav_neupan/src/bot_nav/install/costmap_converter_msgs/include/costmap_converter_msgs/costmap_converter_msgs/msg/detail/obstacle_array_msg__struct.hpp
[2.913s] -- Symlinking: /home/ake/nav/nav_neupan/src/bot_nav/install/costmap_converter_msgs/include/costmap_converter_msgs/costmap_converter_msgs/msg/detail/obstacle_array_msg__traits.hpp
[2.929s] -- Symlinking: /home/ake/nav/nav_neupan/src/bot_nav/install/costmap_converter_msgs/include/costmap_converter_msgs/costmap_converter_msgs/msg/detail/obstacle_array_msg__type_support.hpp
[2.943s] -- Symlinking: /home/ake/nav/nav_neupan/src/bot_nav/install/costmap_converter_msgs/include/costmap_converter_msgs/costmap_converter_msgs/msg/detail/obstacle_msg__builder.hpp
[2.957s] -- Symlinking: /home/ake/nav/nav_neupan/src/bot_nav/install/costmap_converter_msgs/include/costmap_converter_msgs/costmap_converter_msgs/msg/detail/obstacle_msg__struct.hpp
[2.966s] -- Symlinking: /home/ake/nav/nav_neupan/src/bot_nav/install/costmap_converter_msgs/include/costmap_converter_msgs/costmap_converter_msgs/msg/detail/obstacle_msg__traits.hpp
[2.980s] -- Symlinking: /home/ake/nav/nav_neupan/src/bot_nav/install/costmap_converter_msgs/include/costmap_converter_msgs/costmap_converter_msgs/msg/detail/obstacle_msg__type_support.hpp
[2.997s] -- Symlinking: /home/ake/nav/nav_neupan/src/bot_nav/install/costmap_converter_msgs/include/costmap_converter_msgs/costmap_converter_msgs/msg/obstacle_array_msg.hpp
[3.016s] -- Symlinking: /home/ake/nav/nav_neupan/src/bot_nav/install/costmap_converter_msgs/include/costmap_converter_msgs/costmap_converter_msgs/msg/obstacle_msg.hpp
[3.033s] -- Symlinking: /home/ake/nav/nav_neupan/src/bot_nav/install/costmap_converter_msgs/include/costmap_converter_msgs/costmap_converter_msgs/msg/rosidl_generator_cpp__visibility_control.hpp
[3.048s] -- Symlinking: /home/ake/nav/nav_neupan/src/bot_nav/install/costmap_converter_msgs/include/costmap_converter_msgs/costmap_converter_msgs/msg/detail/obstacle_array_msg__rosidl_typesupport_fastrtps_cpp.hpp
[3.061s] -- Symlinking: /home/ake/nav/nav_neupan/src/bot_nav/install/costmap_converter_msgs/include/costmap_converter_msgs/costmap_converter_msgs/msg/detail/obstacle_msg__rosidl_typesupport_fastrtps_cpp.hpp
[3.079s] -- Symlinking: /home/ake/nav/nav_neupan/src/bot_nav/install/costmap_converter_msgs/include/costmap_converter_msgs/costmap_converter_msgs/msg/rosidl_typesupport_fastrtps_cpp__visibility_control.h
[3.094s] -- Symlinking: /home/ake/nav/nav_neupan/src/bot_nav/install/costmap_converter_msgs/include/costmap_converter_msgs/costmap_converter_msgs/msg/detail/obstacle_array_msg__rosidl_typesupport_introspection_c.h
[3.110s] -- Symlinking: /home/ake/nav/nav_neupan/src/bot_nav/install/costmap_converter_msgs/include/costmap_converter_msgs/costmap_converter_msgs/msg/detail/obstacle_msg__rosidl_typesupport_introspection_c.h
[3.127s] -- Symlinking: /home/ake/nav/nav_neupan/src/bot_nav/install/costmap_converter_msgs/include/costmap_converter_msgs/costmap_converter_msgs/msg/rosidl_typesupport_introspection_c__visibility_control.h
[3.139s] -- Symlinking: /home/ake/nav/nav_neupan/src/bot_nav/install/costmap_converter_msgs/include/costmap_converter_msgs/costmap_converter_msgs/msg/detail/obstacle_array_msg__rosidl_typesupport_introspection_cpp.hpp
[3.158s] -- Symlinking: /home/ake/nav/nav_neupan/src/bot_nav/install/costmap_converter_msgs/include/costmap_converter_msgs/costmap_converter_msgs/msg/detail/obstacle_msg__rosidl_typesupport_introspection_cpp.hpp
[3.168s] -- Symlinking: /home/ake/nav/nav_neupan/src/bot_nav/install/costmap_converter_msgs/share/costmap_converter_msgs/environment/pythonpath.sh
[3.180s] -- Symlinking: /home/ake/nav/nav_neupan/src/bot_nav/install/costmap_converter_msgs/share/costmap_converter_msgs/environment/pythonpath.dsv
[3.191s] -- Symlinking: /home/ake/nav/nav_neupan/src/bot_nav/install/costmap_converter_msgs/local/lib/python3.10/dist-packages/costmap_converter_msgs-0.1.2-py3.10.egg-info/PKG-INFO
[3.205s] -- Symlinking: /home/ake/nav/nav_neupan/src/bot_nav/install/costmap_converter_msgs/local/lib/python3.10/dist-packages/costmap_converter_msgs-0.1.2-py3.10.egg-info/SOURCES.txt
[3.211s] -- Symlinking: /home/ake/nav/nav_neupan/src/bot_nav/install/costmap_converter_msgs/local/lib/python3.10/dist-packages/costmap_converter_msgs-0.1.2-py3.10.egg-info/dependency_links.txt
[3.216s] -- Symlinking: /home/ake/nav/nav_neupan/src/bot_nav/install/costmap_converter_msgs/local/lib/python3.10/dist-packages/costmap_converter_msgs-0.1.2-py3.10.egg-info/top_level.txt
[3.223s] -- Symlinking: /home/ake/nav/nav_neupan/src/bot_nav/install/costmap_converter_msgs/local/lib/python3.10/dist-packages/costmap_converter_msgs/__init__.py
[3.236s] -- Symlinking: /home/ake/nav/nav_neupan/src/bot_nav/install/costmap_converter_msgs/local/lib/python3.10/dist-packages/costmap_converter_msgs/_costmap_converter_msgs_s.ep.rosidl_typesupport_c.c
[3.248s] -- Symlinking: /home/ake/nav/nav_neupan/src/bot_nav/install/costmap_converter_msgs/local/lib/python3.10/dist-packages/costmap_converter_msgs/_costmap_converter_msgs_s.ep.rosidl_typesupport_fastrtps_c.c
[3.264s] -- Symlinking: /home/ake/nav/nav_neupan/src/bot_nav/install/costmap_converter_msgs/local/lib/python3.10/dist-packages/costmap_converter_msgs/_costmap_converter_msgs_s.ep.rosidl_typesupport_introspection_c.c
[3.284s] -- Symlinking: /home/ake/nav/nav_neupan/src/bot_nav/install/costmap_converter_msgs/local/lib/python3.10/dist-packages/costmap_converter_msgs/costmap_converter_msgs_s__rosidl_typesupport_c.cpython-310-x86_64-linux-gnu.so
[3.304s] -- Symlinking: /home/ake/nav/nav_neupan/src/bot_nav/install/costmap_converter_msgs/local/lib/python3.10/dist-packages/costmap_converter_msgs/costmap_converter_msgs_s__rosidl_typesupport_fastrtps_c.cpython-310-x86_64-linux-gnu.so
[3.322s] -- Symlinking: /home/ake/nav/nav_neupan/src/bot_nav/install/costmap_converter_msgs/local/lib/python3.10/dist-packages/costmap_converter_msgs/costmap_converter_msgs_s__rosidl_typesupport_introspection_c.cpython-310-x86_64-linux-gnu.so
[3.338s] -- Symlinking: /home/ake/nav/nav_neupan/src/bot_nav/install/costmap_converter_msgs/local/lib/python3.10/dist-packages/costmap_converter_msgs/libcostmap_converter_msgs__rosidl_generator_py.so
[3.349s] -- Symlinking: /home/ake/nav/nav_neupan/src/bot_nav/install/costmap_converter_msgs/local/lib/python3.10/dist-packages/costmap_converter_msgs/msg/__init__.py
[3.362s] -- Symlinking: /home/ake/nav/nav_neupan/src/bot_nav/install/costmap_converter_msgs/local/lib/python3.10/dist-packages/costmap_converter_msgs/msg/_obstacle_array_msg.py
[3.380s] -- Symlinking: /home/ake/nav/nav_neupan/src/bot_nav/install/costmap_converter_msgs/local/lib/python3.10/dist-packages/costmap_converter_msgs/msg/_obstacle_array_msg_s.c
[3.399s] -- Symlinking: /home/ake/nav/nav_neupan/src/bot_nav/install/costmap_converter_msgs/local/lib/python3.10/dist-packages/costmap_converter_msgs/msg/_obstacle_msg.py
[3.416s] -- Symlinking: /home/ake/nav/nav_neupan/src/bot_nav/install/costmap_converter_msgs/local/lib/python3.10/dist-packages/costmap_converter_msgs/msg/_obstacle_msg_s.c
[3.430s] -- Up-to-date symlink: /home/ake/nav/nav_neupan/src/bot_nav/install/costmap_converter_msgs/local/lib/python3.10/dist-packages/costmap_converter_msgs/costmap_converter_msgs_s__rosidl_typesupport_fastrtps_c.cpython-310-x86_64-linux-gnu.so
[3.430s] -- Up-to-date symlink: /home/ake/nav/nav_neupan/src/bot_nav/install/costmap_converter_msgs/local/lib/python3.10/dist-packages/costmap_converter_msgs/costmap_converter_msgs_s__rosidl_typesupport_introspection_c.cpython-310-x86_64-linux-gnu.so
[3.431s] -- Up-to-date symlink: /home/ake/nav/nav_neupan/src/bot_nav/install/costmap_converter_msgs/local/lib/python3.10/dist-packages/costmap_converter_msgs/costmap_converter_msgs_s__rosidl_typesupport_c.cpython-310-x86_64-linux-gnu.so
[3.431s] -- Symlinking: /home/ake/nav/nav_neupan/src/bot_nav/install/costmap_converter_msgs/share/costmap_converter_msgs/msg/ObstacleMsg.idl
[3.442s] -- Symlinking: /home/ake/nav/nav_neupan/src/bot_nav/install/costmap_converter_msgs/share/costmap_converter_msgs/msg/ObstacleArrayMsg.idl
[3.455s] -- Symlinking: /home/ake/nav/nav_neupan/src/bot_nav/install/costmap_converter_msgs/share/costmap_converter_msgs/msg/ObstacleMsg.msg
[3.470s] -- Symlinking: /home/ake/nav/nav_neupan/src/bot_nav/install/costmap_converter_msgs/share/costmap_converter_msgs/msg/ObstacleArrayMsg.msg
[3.490s] -- Symlinking: /home/ake/nav/nav_neupan/src/bot_nav/install/costmap_converter_msgs/share/ament_index/resource_index/package_run_dependencies/costmap_converter_msgs
[3.501s] -- Symlinking: /home/ake/nav/nav_neupan/src/bot_nav/install/costmap_converter_msgs/share/ament_index/resource_index/parent_prefix_path/costmap_converter_msgs
[3.515s] -- Symlinking: /home/ake/nav/nav_neupan/src/bot_nav/install/costmap_converter_msgs/share/costmap_converter_msgs/environment/ament_prefix_path.sh
[3.530s] -- Symlinking: /home/ake/nav/nav_neupan/src/bot_nav/install/costmap_converter_msgs/share/costmap_converter_msgs/environment/ament_prefix_path.dsv
[3.539s] -- Symlinking: /home/ake/nav/nav_neupan/src/bot_nav/install/costmap_converter_msgs/share/costmap_converter_msgs/environment/path.sh
[3.545s] -- Symlinking: /home/ake/nav/nav_neupan/src/bot_nav/install/costmap_converter_msgs/share/costmap_converter_msgs/environment/path.dsv
[3.555s] -- Symlinking: /home/ake/nav/nav_neupan/src/bot_nav/install/costmap_converter_msgs/share/costmap_converter_msgs/local_setup.bash
[3.571s] -- Symlinking: /home/ake/nav/nav_neupan/src/bot_nav/install/costmap_converter_msgs/share/costmap_converter_msgs/local_setup.sh
[3.589s] -- Symlinking: /home/ake/nav/nav_neupan/src/bot_nav/install/costmap_converter_msgs/share/costmap_converter_msgs/local_setup.zsh
[3.607s] -- Symlinking: /home/ake/nav/nav_neupan/src/bot_nav/install/costmap_converter_msgs/share/costmap_converter_msgs/local_setup.dsv
[3.625s] -- Symlinking: /home/ake/nav/nav_neupan/src/bot_nav/install/costmap_converter_msgs/share/costmap_converter_msgs/package.dsv
[3.633s] -- Symlinking: /home/ake/nav/nav_neupan/src/bot_nav/install/costmap_converter_msgs/share/ament_index/resource_index/packages/costmap_converter_msgs
[3.639s] -- Symlinking: /home/ake/nav/nav_neupan/src/bot_nav/install/costmap_converter_msgs/share/costmap_converter_msgs/cmake/rosidl_cmake-extras.cmake
[3.643s] -- Symlinking: /home/ake/nav/nav_neupan/src/bot_nav/install/costmap_converter_msgs/share/costmap_converter_msgs/cmake/ament_cmake_export_dependencies-extras.cmake
[3.649s] -- Symlinking: /home/ake/nav/nav_neupan/src/bot_nav/install/costmap_converter_msgs/share/costmap_converter_msgs/cmake/ament_cmake_export_include_directories-extras.cmake
[3.655s] -- Symlinking: /home/ake/nav/nav_neupan/src/bot_nav/install/costmap_converter_msgs/share/costmap_converter_msgs/cmake/ament_cmake_export_libraries-extras.cmake
[3.667s] -- Symlinking: /home/ake/nav/nav_neupan/src/bot_nav/install/costmap_converter_msgs/share/costmap_converter_msgs/cmake/ament_cmake_export_targets-extras.cmake
[3.686s] -- Symlinking: /home/ake/nav/nav_neupan/src/bot_nav/install/costmap_converter_msgs/share/costmap_converter_msgs/cmake/rosidl_cmake_export_typesupport_targets-extras.cmake
[3.696s] -- Symlinking: /home/ake/nav/nav_neupan/src/bot_nav/install/costmap_converter_msgs/share/costmap_converter_msgs/cmake/rosidl_cmake_export_typesupport_libraries-extras.cmake
[3.704s] -- Symlinking: /home/ake/nav/nav_neupan/src/bot_nav/install/costmap_converter_msgs/share/costmap_converter_msgs/cmake/costmap_converter_msgsConfig.cmake
[3.714s] -- Symlinking: /home/ake/nav/nav_neupan/src/bot_nav/install/costmap_converter_msgs/share/costmap_converter_msgs/cmake/costmap_converter_msgsConfig-version.cmake
[3.726s] -- Symlinking: /home/ake/nav/nav_neupan/src/bot_nav/install/costmap_converter_msgs/share/costmap_converter_msgs/package.xml
[3.739s] -- Installing: /home/ake/nav/nav_neupan/src/bot_nav/install/costmap_converter_msgs/lib/libcostmap_converter_msgs__rosidl_generator_c.so
[3.739s] -- Set runtime path of "/home/ake/nav/nav_neupan/src/bot_nav/install/costmap_converter_msgs/lib/libcostmap_converter_msgs__rosidl_generator_c.so" to ""
[3.739s] -- Installing: /home/ake/nav/nav_neupan/src/bot_nav/install/costmap_converter_msgs/lib/libcostmap_converter_msgs__rosidl_typesupport_fastrtps_c.so
[3.740s] -- Set runtime path of "/home/ake/nav/nav_neupan/src/bot_nav/install/costmap_converter_msgs/lib/libcostmap_converter_msgs__rosidl_typesupport_fastrtps_c.so" to ""
[3.740s] -- Installing: /home/ake/nav/nav_neupan/src/bot_nav/install/costmap_converter_msgs/lib/libcostmap_converter_msgs__rosidl_typesupport_fastrtps_cpp.so
[3.740s] -- Set runtime path of "/home/ake/nav/nav_neupan/src/bot_nav/install/costmap_converter_msgs/lib/libcostmap_converter_msgs__rosidl_typesupport_fastrtps_cpp.so" to ""
[3.740s] -- Installing: /home/ake/nav/nav_neupan/src/bot_nav/install/costmap_converter_msgs/lib/libcostmap_converter_msgs__rosidl_typesupport_introspection_c.so
[3.740s] -- Set runtime path of "/home/ake/nav/nav_neupan/src/bot_nav/install/costmap_converter_msgs/lib/libcostmap_converter_msgs__rosidl_typesupport_introspection_c.so" to ""
[3.740s] -- Installing: /home/ake/nav/nav_neupan/src/bot_nav/install/costmap_converter_msgs/lib/libcostmap_converter_msgs__rosidl_typesupport_c.so
[3.740s] -- Set runtime path of "/home/ake/nav/nav_neupan/src/bot_nav/install/costmap_converter_msgs/lib/libcostmap_converter_msgs__rosidl_typesupport_c.so" to ""
[3.740s] -- Installing: /home/ake/nav/nav_neupan/src/bot_nav/install/costmap_converter_msgs/lib/libcostmap_converter_msgs__rosidl_typesupport_introspection_cpp.so
[3.741s] -- Set runtime path of "/home/ake/nav/nav_neupan/src/bot_nav/install/costmap_converter_msgs/lib/libcostmap_converter_msgs__rosidl_typesupport_introspection_cpp.so" to ""
[3.741s] -- Installing: /home/ake/nav/nav_neupan/src/bot_nav/install/costmap_converter_msgs/lib/libcostmap_converter_msgs__rosidl_typesupport_cpp.so
[3.741s] -- Set runtime path of "/home/ake/nav/nav_neupan/src/bot_nav/install/costmap_converter_msgs/lib/libcostmap_converter_msgs__rosidl_typesupport_cpp.so" to ""
[3.772s] Listing '/home/ake/nav/nav_neupan/src/bot_nav/install/costmap_converter_msgs/local/lib/python3.10/dist-packages/costmap_converter_msgs'...
[3.772s] Compiling '/home/ake/nav/nav_neupan/src/bot_nav/install/costmap_converter_msgs/local/lib/python3.10/dist-packages/costmap_converter_msgs/__init__.py'...
[3.772s] Listing '/home/ake/nav/nav_neupan/src/bot_nav/install/costmap_converter_msgs/local/lib/python3.10/dist-packages/costmap_converter_msgs/msg'...
[3.772s] Compiling '/home/ake/nav/nav_neupan/src/bot_nav/install/costmap_converter_msgs/local/lib/python3.10/dist-packages/costmap_converter_msgs/msg/__init__.py'...
[3.772s] Compiling '/home/ake/nav/nav_neupan/src/bot_nav/install/costmap_converter_msgs/local/lib/python3.10/dist-packages/costmap_converter_msgs/msg/_obstacle_array_msg.py'...
[3.772s] Compiling '/home/ake/nav/nav_neupan/src/bot_nav/install/costmap_converter_msgs/local/lib/python3.10/dist-packages/costmap_converter_msgs/msg/_obstacle_msg.py'...
[3.774s] -- Installing: /home/ake/nav/nav_neupan/src/bot_nav/install/costmap_converter_msgs/lib/libcostmap_converter_msgs__rosidl_generator_py.so
[3.775s] -- Set runtime path of "/home/ake/nav/nav_neupan/src/bot_nav/install/costmap_converter_msgs/lib/libcostmap_converter_msgs__rosidl_generator_py.so" to ""
[3.775s] -- Installing: /home/ake/nav/nav_neupan/src/bot_nav/install/costmap_converter_msgs/share/costmap_converter_msgs/cmake/export_costmap_converter_msgs__rosidl_generator_cExport.cmake
[3.775s] -- Installing: /home/ake/nav/nav_neupan/src/bot_nav/install/costmap_converter_msgs/share/costmap_converter_msgs/cmake/export_costmap_converter_msgs__rosidl_generator_cExport-noconfig.cmake
[3.775s] -- Installing: /home/ake/nav/nav_neupan/src/bot_nav/install/costmap_converter_msgs/share/costmap_converter_msgs/cmake/export_costmap_converter_msgs__rosidl_typesupport_fastrtps_cExport.cmake
[3.775s] -- Installing: /home/ake/nav/nav_neupan/src/bot_nav/install/costmap_converter_msgs/share/costmap_converter_msgs/cmake/export_costmap_converter_msgs__rosidl_typesupport_fastrtps_cExport-noconfig.cmake
[3.775s] -- Installing: /home/ake/nav/nav_neupan/src/bot_nav/install/costmap_converter_msgs/share/costmap_converter_msgs/cmake/export_costmap_converter_msgs__rosidl_generator_cppExport.cmake
[3.775s] -- Installing: /home/ake/nav/nav_neupan/src/bot_nav/install/costmap_converter_msgs/share/costmap_converter_msgs/cmake/export_costmap_converter_msgs__rosidl_typesupport_fastrtps_cppExport.cmake
[3.775s] -- Installing: /home/ake/nav/nav_neupan/src/bot_nav/install/costmap_converter_msgs/share/costmap_converter_msgs/cmake/export_costmap_converter_msgs__rosidl_typesupport_fastrtps_cppExport-noconfig.cmake
[3.775s] -- Installing: /home/ake/nav/nav_neupan/src/bot_nav/install/costmap_converter_msgs/share/costmap_converter_msgs/cmake/costmap_converter_msgs__rosidl_typesupport_introspection_cExport.cmake
[3.775s] -- Installing: /home/ake/nav/nav_neupan/src/bot_nav/install/costmap_converter_msgs/share/costmap_converter_msgs/cmake/costmap_converter_msgs__rosidl_typesupport_introspection_cExport-noconfig.cmake
[3.775s] -- Installing: /home/ake/nav/nav_neupan/src/bot_nav/install/costmap_converter_msgs/share/costmap_converter_msgs/cmake/costmap_converter_msgs__rosidl_typesupport_cExport.cmake
[3.775s] -- Installing: /home/ake/nav/nav_neupan/src/bot_nav/install/costmap_converter_msgs/share/costmap_converter_msgs/cmake/costmap_converter_msgs__rosidl_typesupport_cExport-noconfig.cmake
[3.775s] -- Installing: /home/ake/nav/nav_neupan/src/bot_nav/install/costmap_converter_msgs/share/costmap_converter_msgs/cmake/costmap_converter_msgs__rosidl_typesupport_introspection_cppExport.cmake
[3.775s] -- Installing: /home/ake/nav/nav_neupan/src/bot_nav/install/costmap_converter_msgs/share/costmap_converter_msgs/cmake/costmap_converter_msgs__rosidl_typesupport_introspection_cppExport-noconfig.cmake
[3.775s] -- Installing: /home/ake/nav/nav_neupan/src/bot_nav/install/costmap_converter_msgs/share/costmap_converter_msgs/cmake/costmap_converter_msgs__rosidl_typesupport_cppExport.cmake
[3.775s] -- Installing: /home/ake/nav/nav_neupan/src/bot_nav/install/costmap_converter_msgs/share/costmap_converter_msgs/cmake/costmap_converter_msgs__rosidl_typesupport_cppExport-noconfig.cmake
[3.776s] -- Installing: /home/ake/nav/nav_neupan/src/bot_nav/install/costmap_converter_msgs/share/costmap_converter_msgs/cmake/export_costmap_converter_msgs__rosidl_generator_pyExport.cmake
[3.776s] -- Installing: /home/ake/nav/nav_neupan/src/bot_nav/install/costmap_converter_msgs/share/costmap_converter_msgs/cmake/export_costmap_converter_msgs__rosidl_generator_pyExport-noconfig.cmake
[3.777s] Invoked command in '/home/ake/nav/nav_neupan/src/bot_nav/build/costmap_converter_msgs' returned '0': CMAKE_PREFIX_PATH=${CMAKE_PREFIX_PATH}:/home/ake/nav/nav_neupan/install/nav_launch:/home/ake/nav/nav_neupan/install/robot_patrol:/home/ake/nav/nav_neupan/install/neupan_ros2:/opt/ros/humble /usr/bin/cmake --install /home/ake/nav/nav_neupan/src/bot_nav/build/costmap_converter_msgs
