[0.006s] Invoking command in '/home/ake/nav/nav_neupan/src/bot_nav/build/robot_simulation': AMENT_PREFIX_PATH=/home/ake/nav/nav_neupan/src/bot_nav/install/robot_description:${AMENT_PREFIX_PATH} CMAKE_PREFIX_PATH=/home/ake/nav/nav_neupan/src/bot_nav/install/robot_description:/home/ake/nav/nav_neupan/install/teb_local_planner:/home/ake/nav/nav_neupan/install/teb_msgs:/home/ake/nav/nav_neupan/install/robot_simulation:/home/ake/nav/nav_neupan/install/robot_description:/home/ake/nav/nav_neupan/install/costmap_converter:/home/ake/nav/nav_neupan/install/costmap_converter_msgs:/home/ake/nav/nav_neupan/install/nav_launch:/home/ake/nav/nav_neupan/install/robot_patrol:/home/ake/nav/nav_neupan/install/neupan_ros2:/opt/ros/humble /usr/bin/cmake /home/ake/nav/nav_neupan/src/bot_nav/src/robot_simulation -DAMENT_CMAKE_SYMLINK_INSTALL=1 -DCMAKE_INSTALL_PREFIX=/home/ake/nav/nav_neupan/src/bot_nav/install/robot_simulation
[0.045s] -- The C compiler identification is GNU 11.4.0
[0.087s] -- The CXX compiler identification is GNU 11.4.0
[0.093s] -- Detecting C compiler ABI info
[0.139s] -- Detecting C compiler ABI info - done
[0.143s] -- Check for working C compiler: /usr/bin/cc - skipped
[0.143s] -- Detecting C compile features
[0.143s] -- Detecting C compile features - done
[0.145s] -- Detecting CXX compiler ABI info
[0.205s] -- Detecting CXX compiler ABI info - done
[0.210s] -- Check for working CXX compiler: /usr/bin/c++ - skipped
[0.210s] -- Detecting CXX compile features
[0.210s] -- Detecting CXX compile features - done
[0.212s] -- Found ament_cmake: 1.3.12 (/opt/ros/humble/share/ament_cmake/cmake)
[0.460s] -- Found Python3: /usr/bin/python3 (found version "3.10.12") found components: Interpreter 
[0.497s] -- Override CMake install command with custom implementation using symlinks instead of copying resources
[0.565s] -- Configuring done
[0.567s] -- Generating done
[0.568s] -- Build files have been written to: /home/ake/nav/nav_neupan/src/bot_nav/build/robot_simulation
[0.571s] Invoked command in '/home/ake/nav/nav_neupan/src/bot_nav/build/robot_simulation' returned '0': AMENT_PREFIX_PATH=/home/ake/nav/nav_neupan/src/bot_nav/install/robot_description:${AMENT_PREFIX_PATH} CMAKE_PREFIX_PATH=/home/ake/nav/nav_neupan/src/bot_nav/install/robot_description:/home/ake/nav/nav_neupan/install/teb_local_planner:/home/ake/nav/nav_neupan/install/teb_msgs:/home/ake/nav/nav_neupan/install/robot_simulation:/home/ake/nav/nav_neupan/install/robot_description:/home/ake/nav/nav_neupan/install/costmap_converter:/home/ake/nav/nav_neupan/install/costmap_converter_msgs:/home/ake/nav/nav_neupan/install/nav_launch:/home/ake/nav/nav_neupan/install/robot_patrol:/home/ake/nav/nav_neupan/install/neupan_ros2:/opt/ros/humble /usr/bin/cmake /home/ake/nav/nav_neupan/src/bot_nav/src/robot_simulation -DAMENT_CMAKE_SYMLINK_INSTALL=1 -DCMAKE_INSTALL_PREFIX=/home/ake/nav/nav_neupan/src/bot_nav/install/robot_simulation
[0.572s] Invoking command in '/home/ake/nav/nav_neupan/src/bot_nav/build/robot_simulation': AMENT_PREFIX_PATH=/home/ake/nav/nav_neupan/src/bot_nav/install/robot_description:${AMENT_PREFIX_PATH} CMAKE_PREFIX_PATH=/home/ake/nav/nav_neupan/src/bot_nav/install/robot_description:/home/ake/nav/nav_neupan/install/teb_local_planner:/home/ake/nav/nav_neupan/install/teb_msgs:/home/ake/nav/nav_neupan/install/robot_simulation:/home/ake/nav/nav_neupan/install/robot_description:/home/ake/nav/nav_neupan/install/costmap_converter:/home/ake/nav/nav_neupan/install/costmap_converter_msgs:/home/ake/nav/nav_neupan/install/nav_launch:/home/ake/nav/nav_neupan/install/robot_patrol:/home/ake/nav/nav_neupan/install/neupan_ros2:/opt/ros/humble /usr/bin/cmake --build /home/ake/nav/nav_neupan/src/bot_nav/build/robot_simulation -- -j20 -l20
[0.596s] Invoked command in '/home/ake/nav/nav_neupan/src/bot_nav/build/robot_simulation' returned '0': AMENT_PREFIX_PATH=/home/ake/nav/nav_neupan/src/bot_nav/install/robot_description:${AMENT_PREFIX_PATH} CMAKE_PREFIX_PATH=/home/ake/nav/nav_neupan/src/bot_nav/install/robot_description:/home/ake/nav/nav_neupan/install/teb_local_planner:/home/ake/nav/nav_neupan/install/teb_msgs:/home/ake/nav/nav_neupan/install/robot_simulation:/home/ake/nav/nav_neupan/install/robot_description:/home/ake/nav/nav_neupan/install/costmap_converter:/home/ake/nav/nav_neupan/install/costmap_converter_msgs:/home/ake/nav/nav_neupan/install/nav_launch:/home/ake/nav/nav_neupan/install/robot_patrol:/home/ake/nav/nav_neupan/install/neupan_ros2:/opt/ros/humble /usr/bin/cmake --build /home/ake/nav/nav_neupan/src/bot_nav/build/robot_simulation -- -j20 -l20
[0.597s] Invoking command in '/home/ake/nav/nav_neupan/src/bot_nav/build/robot_simulation': AMENT_PREFIX_PATH=/home/ake/nav/nav_neupan/src/bot_nav/install/robot_description:${AMENT_PREFIX_PATH} CMAKE_PREFIX_PATH=/home/ake/nav/nav_neupan/src/bot_nav/install/robot_description:/home/ake/nav/nav_neupan/install/teb_local_planner:/home/ake/nav/nav_neupan/install/teb_msgs:/home/ake/nav/nav_neupan/install/robot_simulation:/home/ake/nav/nav_neupan/install/robot_description:/home/ake/nav/nav_neupan/install/costmap_converter:/home/ake/nav/nav_neupan/install/costmap_converter_msgs:/home/ake/nav/nav_neupan/install/nav_launch:/home/ake/nav/nav_neupan/install/robot_patrol:/home/ake/nav/nav_neupan/install/neupan_ros2:/opt/ros/humble /usr/bin/cmake --install /home/ake/nav/nav_neupan/src/bot_nav/build/robot_simulation
[0.603s] -- Install configuration: ""
[0.604s] -- Execute custom install script
[0.604s] -- Symlinking: /home/ake/nav/nav_neupan/src/bot_nav/install/robot_simulation/share/robot_simulation/launch/autonomous_navigation.launch.py
[0.611s] -- Symlinking: /home/ake/nav/nav_neupan/src/bot_nav/install/robot_simulation/share/robot_simulation/launch/house_sim.launch.py
[0.616s] -- Symlinking: /home/ake/nav/nav_neupan/src/bot_nav/install/robot_simulation/share/robot_simulation/launch/house_slam.launch.py
[0.620s] -- Symlinking: /home/ake/nav/nav_neupan/src/bot_nav/install/robot_simulation/share/robot_simulation/config/ekf.yaml
[0.627s] -- Symlinking: /home/ake/nav/nav_neupan/src/bot_nav/install/robot_simulation/share/robot_simulation/config/nav2_config.rviz
[0.633s] -- Symlinking: /home/ake/nav/nav_neupan/src/bot_nav/install/robot_simulation/share/robot_simulation/worlds/house.world
[0.637s] -- Symlinking: /home/ake/nav/nav_neupan/src/bot_nav/install/robot_simulation/share/robot_simulation/maps/house_map.pgm
[0.642s] -- Symlinking: /home/ake/nav/nav_neupan/src/bot_nav/install/robot_simulation/share/robot_simulation/maps/house_map.yaml
[0.648s] -- Symlinking: /home/ake/nav/nav_neupan/src/bot_nav/install/robot_simulation/share/robot_simulation/params/nav2_params.yaml
[0.654s] -- Symlinking: /home/ake/nav/nav_neupan/src/bot_nav/install/robot_simulation/share/robot_simulation/params/nav2_params1.yaml
[0.658s] -- Symlinking: /home/ake/nav/nav_neupan/src/bot_nav/install/robot_simulation/share/ament_index/resource_index/package_run_dependencies/robot_simulation
[0.664s] -- Symlinking: /home/ake/nav/nav_neupan/src/bot_nav/install/robot_simulation/share/ament_index/resource_index/parent_prefix_path/robot_simulation
[0.671s] -- Symlinking: /home/ake/nav/nav_neupan/src/bot_nav/install/robot_simulation/share/robot_simulation/environment/ament_prefix_path.sh
[0.675s] -- Symlinking: /home/ake/nav/nav_neupan/src/bot_nav/install/robot_simulation/share/robot_simulation/environment/ament_prefix_path.dsv
[0.682s] -- Symlinking: /home/ake/nav/nav_neupan/src/bot_nav/install/robot_simulation/share/robot_simulation/environment/path.sh
[0.686s] -- Symlinking: /home/ake/nav/nav_neupan/src/bot_nav/install/robot_simulation/share/robot_simulation/environment/path.dsv
[0.691s] -- Symlinking: /home/ake/nav/nav_neupan/src/bot_nav/install/robot_simulation/share/robot_simulation/local_setup.bash
[0.695s] -- Symlinking: /home/ake/nav/nav_neupan/src/bot_nav/install/robot_simulation/share/robot_simulation/local_setup.sh
[0.699s] -- Symlinking: /home/ake/nav/nav_neupan/src/bot_nav/install/robot_simulation/share/robot_simulation/local_setup.zsh
[0.703s] -- Symlinking: /home/ake/nav/nav_neupan/src/bot_nav/install/robot_simulation/share/robot_simulation/local_setup.dsv
[0.708s] -- Symlinking: /home/ake/nav/nav_neupan/src/bot_nav/install/robot_simulation/share/robot_simulation/package.dsv
[0.713s] -- Symlinking: /home/ake/nav/nav_neupan/src/bot_nav/install/robot_simulation/share/ament_index/resource_index/packages/robot_simulation
[0.718s] -- Symlinking: /home/ake/nav/nav_neupan/src/bot_nav/install/robot_simulation/share/robot_simulation/cmake/robot_simulationConfig.cmake
[0.724s] -- Symlinking: /home/ake/nav/nav_neupan/src/bot_nav/install/robot_simulation/share/robot_simulation/cmake/robot_simulationConfig-version.cmake
[0.729s] -- Symlinking: /home/ake/nav/nav_neupan/src/bot_nav/install/robot_simulation/share/robot_simulation/package.xml
[0.736s] Invoked command in '/home/ake/nav/nav_neupan/src/bot_nav/build/robot_simulation' returned '0': AMENT_PREFIX_PATH=/home/ake/nav/nav_neupan/src/bot_nav/install/robot_description:${AMENT_PREFIX_PATH} CMAKE_PREFIX_PATH=/home/ake/nav/nav_neupan/src/bot_nav/install/robot_description:/home/ake/nav/nav_neupan/install/teb_local_planner:/home/ake/nav/nav_neupan/install/teb_msgs:/home/ake/nav/nav_neupan/install/robot_simulation:/home/ake/nav/nav_neupan/install/robot_description:/home/ake/nav/nav_neupan/install/costmap_converter:/home/ake/nav/nav_neupan/install/costmap_converter_msgs:/home/ake/nav/nav_neupan/install/nav_launch:/home/ake/nav/nav_neupan/install/robot_patrol:/home/ake/nav/nav_neupan/install/neupan_ros2:/opt/ros/humble /usr/bin/cmake --install /home/ake/nav/nav_neupan/src/bot_nav/build/robot_simulation
