[0.429s] Invoking command in '/home/ake/nav/nav_neupan/build/nav_launch': AMENT_PREFIX_PATH=/home/ake/nav/nav_neupan/install/robot_simulation:/home/ake/nav/nav_neupan/install/robot_description:/home/ake/nav/nav_neupan/install/neupan_ros2:${AMENT_PREFIX_PATH} CMAKE_PREFIX_PATH=/home/ake/nav/nav_neupan/install/robot_simulation:/home/ake/nav/nav_neupan/install/robot_description PYTHONPATH=/home/ake/nav/nav_neupan/build/nav_launch/prefix_override:/usr/lib/python3/dist-packages/colcon_core/task/python/colcon_distutils_commands:/home/ake/nav/nav_neupan/install/nav_launch/lib/python3.10/site-packages:/home/ake/nav/nav_neupan/build/neupan_ros2:/home/ake/nav/nav_neupan/install/neupan_ros2/lib/python3.10/site-packages:${PYTHONPATH} /usr/bin/python3 -W ignore:setup.py install is deprecated -W ignore:easy_install command is deprecated setup.py develop --editable --build-directory /home/ake/nav/nav_neupan/build/nav_launch/build --no-deps symlink_data
[0.525s] /home/ake/.local/lib/python3.10/site-packages/setuptools/_distutils/dist.py:289: UserWarning: Unknown distribution option: 'tests_require'
[0.525s]   warnings.warn(msg)
[0.629s] running develop
[0.765s] running egg_info
[0.775s] creating nav_launch.egg-info
[0.775s] writing nav_launch.egg-info/PKG-INFO
[0.775s] writing dependency_links to nav_launch.egg-info/dependency_links.txt
[0.775s] writing requirements to nav_launch.egg-info/requires.txt
[0.775s] writing top-level names to nav_launch.egg-info/top_level.txt
[0.775s] writing manifest file 'nav_launch.egg-info/SOURCES.txt'
[0.801s] reading manifest file 'nav_launch.egg-info/SOURCES.txt'
[0.801s] writing manifest file 'nav_launch.egg-info/SOURCES.txt'
[0.813s] running build_ext
[0.813s] Creating /home/ake/nav/nav_neupan/install/nav_launch/lib/python3.10/site-packages/nav-launch.egg-link (link to .)
[0.813s] 
[0.813s] Installed /home/ake/nav/nav_neupan/build/nav_launch
[0.813s] running symlink_data
[0.813s] creating /home/ake/nav/nav_neupan/install/nav_launch/share/ament_index/resource_index/packages
[0.813s] symbolically linking /home/ake/nav/nav_neupan/build/nav_launch/resource/nav_launch -> /home/ake/nav/nav_neupan/install/nav_launch/share/ament_index/resource_index/packages
[0.814s] symbolically linking /home/ake/nav/nav_neupan/build/nav_launch/package.xml -> /home/ake/nav/nav_neupan/install/nav_launch/share/nav_launch
[0.814s] creating /home/ake/nav/nav_neupan/install/nav_launch/share/nav_launch/launch
[0.814s] symbolically linking /home/ake/nav/nav_neupan/build/nav_launch/launch/nav_neupan_sequential.launch.py -> /home/ake/nav/nav_neupan/install/nav_launch/share/nav_launch/launch
[0.814s] symbolically linking /home/ake/nav/nav_neupan/build/nav_launch/launch/nav_neupan_complete.launch.py -> /home/ake/nav/nav_neupan/install/nav_launch/share/nav_launch/launch
[0.838s] Invoked command in '/home/ake/nav/nav_neupan/build/nav_launch' returned '0': AMENT_PREFIX_PATH=/home/ake/nav/nav_neupan/install/robot_simulation:/home/ake/nav/nav_neupan/install/robot_description:/home/ake/nav/nav_neupan/install/neupan_ros2:${AMENT_PREFIX_PATH} CMAKE_PREFIX_PATH=/home/ake/nav/nav_neupan/install/robot_simulation:/home/ake/nav/nav_neupan/install/robot_description PYTHONPATH=/home/ake/nav/nav_neupan/build/nav_launch/prefix_override:/usr/lib/python3/dist-packages/colcon_core/task/python/colcon_distutils_commands:/home/ake/nav/nav_neupan/install/nav_launch/lib/python3.10/site-packages:/home/ake/nav/nav_neupan/build/neupan_ros2:/home/ake/nav/nav_neupan/install/neupan_ros2/lib/python3.10/site-packages:${PYTHONPATH} /usr/bin/python3 -W ignore:setup.py install is deprecated -W ignore:easy_install command is deprecated setup.py develop --editable --build-directory /home/ake/nav/nav_neupan/build/nav_launch/build --no-deps symlink_data
