[0.006s] Invoking command in '/home/ake/nav/nav_neupan/build/teb_msgs': AMENT_PREFIX_PATH=/home/ake/nav/nav_neupan/install/costmap_converter_msgs:${AMENT_PREFIX_PATH} CMAKE_PREFIX_PATH=/home/ake/nav/nav_neupan/install/costmap_converter_msgs:/opt/ros/humble LD_LIBRARY_PATH=/home/ake/nav/nav_neupan/install/costmap_converter_msgs/lib:${LD_LIBRARY_PATH} PYTHONPATH=/home/ake/nav/nav_neupan/install/costmap_converter_msgs/local/lib/python3.10/dist-packages:${PYTHONPATH} /usr/bin/cmake /home/ake/nav/nav_neupan/src/bot_nav/src/teb_msgs -DAMENT_CMAKE_SYMLINK_INSTALL=1 -DCMAKE_INSTALL_PREFIX=/home/ake/nav/nav_neupan/install/teb_msgs
[0.043s] -- The C compiler identification is GNU 11.4.0
[0.084s] -- The CXX compiler identification is GNU 11.4.0
[0.089s] -- Detecting C compiler ABI info
[0.140s] -- Detecting C compiler ABI info - done
[0.144s] -- Check for working C compiler: /usr/bin/cc - skipped
[0.144s] -- Detecting C compile features
[0.144s] -- Detecting C compile features - done
[0.146s] -- Detecting CXX compiler ABI info
[0.199s] -- Detecting CXX compiler ABI info - done
[0.203s] -- Check for working CXX compiler: /usr/bin/c++ - skipped
[0.203s] -- Detecting CXX compile features
[0.204s] -- Detecting CXX compile features - done
[0.205s] -- Found ament_cmake: 1.3.12 (/opt/ros/humble/share/ament_cmake/cmake)
[0.451s] -- Found Python3: /usr/bin/python3 (found version "3.10.12") found components: Interpreter 
[0.494s] -- Override CMake install command with custom implementation using symlinks instead of copying resources
[0.509s] -- Found builtin_interfaces: 1.2.2 (/opt/ros/humble/share/builtin_interfaces/cmake)
[0.527s] -- Found rosidl_generator_c: 3.1.7 (/opt/ros/humble/share/rosidl_generator_c/cmake)
[0.530s] -- Found rosidl_adapter: 3.1.7 (/opt/ros/humble/share/rosidl_adapter/cmake)
[0.534s] -- Found rosidl_generator_cpp: 3.1.7 (/opt/ros/humble/share/rosidl_generator_cpp/cmake)
[0.541s] -- Using all available rosidl_typesupport_c: rosidl_typesupport_fastrtps_c;rosidl_typesupport_introspection_c
[0.550s] -- Using all available rosidl_typesupport_cpp: rosidl_typesupport_fastrtps_cpp;rosidl_typesupport_introspection_cpp
[0.557s] -- Found costmap_converter_msgs: 0.1.2 (/home/ake/nav/nav_neupan/install/costmap_converter_msgs/share/costmap_converter_msgs/cmake)
[0.583s] -- Found rosidl_default_generators: 1.2.0 (/opt/ros/humble/share/rosidl_default_generators/cmake)
[0.805s] -- Found ament_cmake_ros: 0.10.0 (/opt/ros/humble/share/ament_cmake_ros/cmake)
[1.105s] -- Using all available rosidl_typesupport_c: rosidl_typesupport_fastrtps_c;rosidl_typesupport_introspection_c
[1.221s] -- Using all available rosidl_typesupport_cpp: rosidl_typesupport_fastrtps_cpp;rosidl_typesupport_introspection_cpp
[1.240s] -- Found PythonInterp: /usr/bin/python3 (found suitable version "3.10.12", minimum required is "3.6") 
[1.241s] -- Found python_cmake_module: 0.10.0 (/opt/ros/humble/share/python_cmake_module/cmake)
[1.273s] -- Found PythonLibs: /usr/lib/x86_64-linux-gnu/libpython3.10.so (found suitable version "3.10.12", minimum required is "3.5") 
[1.273s] -- Using PYTHON_EXECUTABLE: /usr/bin/python3
[1.273s] -- Using PYTHON_INCLUDE_DIRS: /usr/include/python3.10
[1.273s] -- Using PYTHON_LIBRARIES: /usr/lib/x86_64-linux-gnu/libpython3.10.so
[1.301s] -- Found PythonExtra: .so  
[1.396s] -- Configuring done
[1.437s] -- Generating done
[1.450s] -- Build files have been written to: /home/ake/nav/nav_neupan/build/teb_msgs
[1.465s] Invoked command in '/home/ake/nav/nav_neupan/build/teb_msgs' returned '0': AMENT_PREFIX_PATH=/home/ake/nav/nav_neupan/install/costmap_converter_msgs:${AMENT_PREFIX_PATH} CMAKE_PREFIX_PATH=/home/ake/nav/nav_neupan/install/costmap_converter_msgs:/opt/ros/humble LD_LIBRARY_PATH=/home/ake/nav/nav_neupan/install/costmap_converter_msgs/lib:${LD_LIBRARY_PATH} PYTHONPATH=/home/ake/nav/nav_neupan/install/costmap_converter_msgs/local/lib/python3.10/dist-packages:${PYTHONPATH} /usr/bin/cmake /home/ake/nav/nav_neupan/src/bot_nav/src/teb_msgs -DAMENT_CMAKE_SYMLINK_INSTALL=1 -DCMAKE_INSTALL_PREFIX=/home/ake/nav/nav_neupan/install/teb_msgs
[1.466s] Invoking command in '/home/ake/nav/nav_neupan/build/teb_msgs': AMENT_PREFIX_PATH=/home/ake/nav/nav_neupan/install/costmap_converter_msgs:${AMENT_PREFIX_PATH} CMAKE_PREFIX_PATH=/home/ake/nav/nav_neupan/install/costmap_converter_msgs:/opt/ros/humble LD_LIBRARY_PATH=/home/ake/nav/nav_neupan/install/costmap_converter_msgs/lib:${LD_LIBRARY_PATH} PYTHONPATH=/home/ake/nav/nav_neupan/install/costmap_converter_msgs/local/lib/python3.10/dist-packages:${PYTHONPATH} /usr/bin/cmake --build /home/ake/nav/nav_neupan/build/teb_msgs -- -j20 -l20
[1.509s] [  2%] [34m[1mGenerating C code for ROS interfaces[0m
[1.520s] [  4%] [34m[1mGenerating C++ code for ROS interfaces[0m
[1.530s] [  4%] Built target ament_cmake_python_symlink_teb_msgs
[1.836s] running egg_info
[1.863s] creating teb_msgs.egg-info
[1.864s] writing teb_msgs.egg-info/PKG-INFO
[1.864s] writing dependency_links to teb_msgs.egg-info/dependency_links.txt
[1.864s] writing top-level names to teb_msgs.egg-info/top_level.txt
[1.864s] writing manifest file 'teb_msgs.egg-info/SOURCES.txt'
[1.943s] reading manifest file 'teb_msgs.egg-info/SOURCES.txt'
[1.945s] writing manifest file 'teb_msgs.egg-info/SOURCES.txt'
[1.997s] [ 10%] [32mBuilding C object CMakeFiles/teb_msgs__rosidl_generator_c.dir/rosidl_generator_c/teb_msgs/msg/detail/trajectory_point_msg__functions.c.o[0m
[1.998s] [ 10%] [32mBuilding C object CMakeFiles/teb_msgs__rosidl_generator_c.dir/rosidl_generator_c/teb_msgs/msg/detail/trajectory_msg__functions.c.o[0m
[1.998s] [ 10%] [32mBuilding C object CMakeFiles/teb_msgs__rosidl_generator_c.dir/rosidl_generator_c/teb_msgs/msg/detail/feedback_msg__functions.c.o[0m
[2.032s] [ 10%] Built target ament_cmake_python_build_teb_msgs_egg
[2.046s] [ 10%] Built target teb_msgs__cpp
[2.057s] [ 14%] [34m[1mGenerating C++ type support for eProsima Fast-RTPS[0m
[2.057s] [ 14%] [34m[1mGenerating C++ introspection for ROS interfaces[0m
[2.057s] [ 17%] [34m[1mGenerating C++ type support dispatch for ROS interfaces[0m
[2.065s] [ 19%] [32m[1mLinking C shared library libteb_msgs__rosidl_generator_c.so[0m
[2.101s] [ 19%] Built target teb_msgs__rosidl_generator_c
[2.115s] [ 25%] [34m[1mGenerating C type support dispatch for ROS interfaces[0m
[2.115s] [ 25%] [34m[1mGenerating C introspection for ROS interfaces[0m
[2.115s] [ 25%] [34m[1mGenerating C type support for eProsima Fast-RTPS[0m
[2.482s] [ 29%] [32mBuilding CXX object CMakeFiles/teb_msgs__rosidl_typesupport_cpp.dir/rosidl_typesupport_cpp/teb_msgs/msg/feedback_msg__type_support.cpp.o[0m
[2.483s] [ 31%] [32mBuilding CXX object CMakeFiles/teb_msgs__rosidl_typesupport_cpp.dir/rosidl_typesupport_cpp/teb_msgs/msg/trajectory_point_msg__type_support.cpp.o[0m
[2.484s] [ 31%] [32mBuilding CXX object CMakeFiles/teb_msgs__rosidl_typesupport_cpp.dir/rosidl_typesupport_cpp/teb_msgs/msg/trajectory_msg__type_support.cpp.o[0m
[2.556s] [ 34%] [32mBuilding CXX object CMakeFiles/teb_msgs__rosidl_typesupport_introspection_cpp.dir/rosidl_typesupport_introspection_cpp/teb_msgs/msg/detail/feedback_msg__type_support.cpp.o[0m
[2.558s] [ 36%] [32mBuilding CXX object CMakeFiles/teb_msgs__rosidl_typesupport_introspection_cpp.dir/rosidl_typesupport_introspection_cpp/teb_msgs/msg/detail/trajectory_msg__type_support.cpp.o[0m
[2.568s] [ 38%] [32mBuilding CXX object CMakeFiles/teb_msgs__rosidl_typesupport_introspection_cpp.dir/rosidl_typesupport_introspection_cpp/teb_msgs/msg/detail/trajectory_point_msg__type_support.cpp.o[0m
[2.579s] [ 40%] [32mBuilding CXX object CMakeFiles/teb_msgs__rosidl_typesupport_fastrtps_cpp.dir/rosidl_typesupport_fastrtps_cpp/teb_msgs/msg/detail/dds_fastrtps/feedback_msg__type_support.cpp.o[0m
[2.586s] [ 42%] [32mBuilding CXX object CMakeFiles/teb_msgs__rosidl_typesupport_fastrtps_cpp.dir/rosidl_typesupport_fastrtps_cpp/teb_msgs/msg/detail/dds_fastrtps/trajectory_msg__type_support.cpp.o[0m
[2.586s] [ 44%] [32mBuilding CXX object CMakeFiles/teb_msgs__rosidl_typesupport_fastrtps_cpp.dir/rosidl_typesupport_fastrtps_cpp/teb_msgs/msg/detail/dds_fastrtps/trajectory_point_msg__type_support.cpp.o[0m
[2.624s] [ 46%] [32mBuilding CXX object CMakeFiles/teb_msgs__rosidl_typesupport_c.dir/rosidl_typesupport_c/teb_msgs/msg/feedback_msg__type_support.cpp.o[0m
[2.627s] [ 48%] [32mBuilding CXX object CMakeFiles/teb_msgs__rosidl_typesupport_c.dir/rosidl_typesupport_c/teb_msgs/msg/trajectory_point_msg__type_support.cpp.o[0m
[2.628s] [ 51%] [32mBuilding CXX object CMakeFiles/teb_msgs__rosidl_typesupport_c.dir/rosidl_typesupport_c/teb_msgs/msg/trajectory_msg__type_support.cpp.o[0m
[2.652s] [ 53%] [32mBuilding CXX object CMakeFiles/teb_msgs__rosidl_typesupport_fastrtps_c.dir/rosidl_typesupport_fastrtps_c/teb_msgs/msg/detail/feedback_msg__type_support_c.cpp.o[0m
[2.652s] [ 55%] [32mBuilding CXX object CMakeFiles/teb_msgs__rosidl_typesupport_fastrtps_c.dir/rosidl_typesupport_fastrtps_c/teb_msgs/msg/detail/trajectory_msg__type_support_c.cpp.o[0m
[2.652s] [ 57%] [32mBuilding CXX object CMakeFiles/teb_msgs__rosidl_typesupport_fastrtps_c.dir/rosidl_typesupport_fastrtps_c/teb_msgs/msg/detail/trajectory_point_msg__type_support_c.cpp.o[0m
[2.659s] [ 59%] [32mBuilding C object CMakeFiles/teb_msgs__rosidl_typesupport_introspection_c.dir/rosidl_typesupport_introspection_c/teb_msgs/msg/detail/feedback_msg__type_support.c.o[0m
[2.664s] [ 61%] [32mBuilding C object CMakeFiles/teb_msgs__rosidl_typesupport_introspection_c.dir/rosidl_typesupport_introspection_c/teb_msgs/msg/detail/trajectory_msg__type_support.c.o[0m
[2.664s] [ 63%] [32mBuilding C object CMakeFiles/teb_msgs__rosidl_typesupport_introspection_c.dir/rosidl_typesupport_introspection_c/teb_msgs/msg/detail/trajectory_point_msg__type_support.c.o[0m
[2.718s] [ 65%] [32m[1mLinking CXX shared library libteb_msgs__rosidl_typesupport_c.so[0m
[2.774s] [ 68%] [32m[1mLinking C shared library libteb_msgs__rosidl_typesupport_introspection_c.so[0m
[2.843s] [ 68%] Built target teb_msgs__rosidl_typesupport_c
[2.858s] [ 68%] Built target teb_msgs__rosidl_typesupport_introspection_c
[2.890s] [ 70%] [32m[1mLinking CXX shared library libteb_msgs__rosidl_typesupport_cpp.so[0m
[3.012s] [ 70%] Built target teb_msgs__rosidl_typesupport_cpp
[3.176s] [ 72%] [32m[1mLinking CXX shared library libteb_msgs__rosidl_typesupport_fastrtps_c.so[0m
[3.199s] [ 74%] [32m[1mLinking CXX shared library libteb_msgs__rosidl_typesupport_introspection_cpp.so[0m
[3.252s] [ 76%] [32m[1mLinking CXX shared library libteb_msgs__rosidl_typesupport_fastrtps_cpp.so[0m
[3.296s] [ 76%] Built target teb_msgs__rosidl_typesupport_introspection_cpp
[3.329s] [ 76%] Built target teb_msgs__rosidl_typesupport_fastrtps_c
[3.359s] [ 76%] Built target teb_msgs__rosidl_typesupport_fastrtps_cpp
[3.375s] [ 76%] Built target teb_msgs
[3.394s] [ 78%] [34m[1mGenerating Python code for ROS interfaces[0m
[3.796s] [ 78%] Built target teb_msgs__py
[3.812s] [ 82%] [32mBuilding C object CMakeFiles/teb_msgs__rosidl_generator_py.dir/rosidl_generator_py/teb_msgs/msg/_trajectory_msg_s.c.o[0m
[3.813s] [ 82%] [32mBuilding C object CMakeFiles/teb_msgs__rosidl_generator_py.dir/rosidl_generator_py/teb_msgs/msg/_feedback_msg_s.c.o[0m
[3.813s] [ 85%] [32mBuilding C object CMakeFiles/teb_msgs__rosidl_generator_py.dir/rosidl_generator_py/teb_msgs/msg/_trajectory_point_msg_s.c.o[0m
[3.907s] [ 87%] [32m[1mLinking C shared library rosidl_generator_py/teb_msgs/libteb_msgs__rosidl_generator_py.so[0m
[3.946s] [ 87%] Built target teb_msgs__rosidl_generator_py
[3.962s] [ 89%] [32mBuilding C object CMakeFiles/teb_msgs__rosidl_typesupport_c__pyext.dir/rosidl_generator_py/teb_msgs/_teb_msgs_s.ep.rosidl_typesupport_c.c.o[0m
[3.967s] [ 93%] [32mBuilding C object CMakeFiles/teb_msgs__rosidl_typesupport_fastrtps_c__pyext.dir/rosidl_generator_py/teb_msgs/_teb_msgs_s.ep.rosidl_typesupport_fastrtps_c.c.o[0m
[3.967s] [ 93%] [32mBuilding C object CMakeFiles/teb_msgs__rosidl_typesupport_introspection_c__pyext.dir/rosidl_generator_py/teb_msgs/_teb_msgs_s.ep.rosidl_typesupport_introspection_c.c.o[0m
[4.031s] [ 95%] [32m[1mLinking C shared library rosidl_generator_py/teb_msgs/teb_msgs_s__rosidl_typesupport_c.cpython-310-x86_64-linux-gnu.so[0m
[4.042s] [ 97%] [32m[1mLinking C shared library rosidl_generator_py/teb_msgs/teb_msgs_s__rosidl_typesupport_fastrtps_c.cpython-310-x86_64-linux-gnu.so[0m
[4.063s] [100%] [32m[1mLinking C shared library rosidl_generator_py/teb_msgs/teb_msgs_s__rosidl_typesupport_introspection_c.cpython-310-x86_64-linux-gnu.so[0m
[4.072s] [100%] Built target teb_msgs__rosidl_typesupport_c__pyext
[4.072s] [100%] Built target teb_msgs__rosidl_typesupport_fastrtps_c__pyext
[4.104s] [100%] Built target teb_msgs__rosidl_typesupport_introspection_c__pyext
[4.113s] Invoked command in '/home/ake/nav/nav_neupan/build/teb_msgs' returned '0': AMENT_PREFIX_PATH=/home/ake/nav/nav_neupan/install/costmap_converter_msgs:${AMENT_PREFIX_PATH} CMAKE_PREFIX_PATH=/home/ake/nav/nav_neupan/install/costmap_converter_msgs:/opt/ros/humble LD_LIBRARY_PATH=/home/ake/nav/nav_neupan/install/costmap_converter_msgs/lib:${LD_LIBRARY_PATH} PYTHONPATH=/home/ake/nav/nav_neupan/install/costmap_converter_msgs/local/lib/python3.10/dist-packages:${PYTHONPATH} /usr/bin/cmake --build /home/ake/nav/nav_neupan/build/teb_msgs -- -j20 -l20
[4.115s] Invoking command in '/home/ake/nav/nav_neupan/build/teb_msgs': AMENT_PREFIX_PATH=/home/ake/nav/nav_neupan/install/costmap_converter_msgs:${AMENT_PREFIX_PATH} CMAKE_PREFIX_PATH=/home/ake/nav/nav_neupan/install/costmap_converter_msgs:/opt/ros/humble LD_LIBRARY_PATH=/home/ake/nav/nav_neupan/install/costmap_converter_msgs/lib:${LD_LIBRARY_PATH} PYTHONPATH=/home/ake/nav/nav_neupan/install/costmap_converter_msgs/local/lib/python3.10/dist-packages:${PYTHONPATH} /usr/bin/cmake --install /home/ake/nav/nav_neupan/build/teb_msgs
[4.122s] -- Install configuration: ""
[4.122s] -- Execute custom install script
[4.123s] -- Symlinking: /home/ake/nav/nav_neupan/install/teb_msgs/share/ament_index/resource_index/rosidl_interfaces/teb_msgs
[4.132s] -- Symlinking: /home/ake/nav/nav_neupan/install/teb_msgs/include/teb_msgs/teb_msgs/msg/detail/feedback_msg__functions.h
[4.140s] -- Symlinking: /home/ake/nav/nav_neupan/install/teb_msgs/include/teb_msgs/teb_msgs/msg/detail/feedback_msg__struct.h
[4.149s] -- Symlinking: /home/ake/nav/nav_neupan/install/teb_msgs/include/teb_msgs/teb_msgs/msg/detail/feedback_msg__type_support.h
[4.155s] -- Symlinking: /home/ake/nav/nav_neupan/install/teb_msgs/include/teb_msgs/teb_msgs/msg/detail/trajectory_msg__functions.h
[4.164s] -- Symlinking: /home/ake/nav/nav_neupan/install/teb_msgs/include/teb_msgs/teb_msgs/msg/detail/trajectory_msg__struct.h
[4.173s] -- Symlinking: /home/ake/nav/nav_neupan/install/teb_msgs/include/teb_msgs/teb_msgs/msg/detail/trajectory_msg__type_support.h
[4.182s] -- Symlinking: /home/ake/nav/nav_neupan/install/teb_msgs/include/teb_msgs/teb_msgs/msg/detail/trajectory_point_msg__functions.h
[4.191s] -- Symlinking: /home/ake/nav/nav_neupan/install/teb_msgs/include/teb_msgs/teb_msgs/msg/detail/trajectory_point_msg__struct.h
[4.201s] -- Symlinking: /home/ake/nav/nav_neupan/install/teb_msgs/include/teb_msgs/teb_msgs/msg/detail/trajectory_point_msg__type_support.h
[4.210s] -- Symlinking: /home/ake/nav/nav_neupan/install/teb_msgs/include/teb_msgs/teb_msgs/msg/feedback_msg.h
[4.216s] -- Symlinking: /home/ake/nav/nav_neupan/install/teb_msgs/include/teb_msgs/teb_msgs/msg/rosidl_generator_c__visibility_control.h
[4.224s] -- Symlinking: /home/ake/nav/nav_neupan/install/teb_msgs/include/teb_msgs/teb_msgs/msg/trajectory_msg.h
[4.233s] -- Symlinking: /home/ake/nav/nav_neupan/install/teb_msgs/include/teb_msgs/teb_msgs/msg/trajectory_point_msg.h
[4.241s] -- Symlinking: /home/ake/nav/nav_neupan/install/teb_msgs/share/teb_msgs/environment/library_path.sh
[4.250s] -- Symlinking: /home/ake/nav/nav_neupan/install/teb_msgs/share/teb_msgs/environment/library_path.dsv
[4.257s] -- Symlinking: /home/ake/nav/nav_neupan/install/teb_msgs/include/teb_msgs/teb_msgs/msg/detail/feedback_msg__rosidl_typesupport_fastrtps_c.h
[4.265s] -- Symlinking: /home/ake/nav/nav_neupan/install/teb_msgs/include/teb_msgs/teb_msgs/msg/detail/trajectory_msg__rosidl_typesupport_fastrtps_c.h
[4.273s] -- Symlinking: /home/ake/nav/nav_neupan/install/teb_msgs/include/teb_msgs/teb_msgs/msg/detail/trajectory_point_msg__rosidl_typesupport_fastrtps_c.h
[4.282s] -- Symlinking: /home/ake/nav/nav_neupan/install/teb_msgs/include/teb_msgs/teb_msgs/msg/rosidl_typesupport_fastrtps_c__visibility_control.h
[4.288s] -- Symlinking: /home/ake/nav/nav_neupan/install/teb_msgs/include/teb_msgs/teb_msgs/msg/detail/feedback_msg__builder.hpp
[4.298s] -- Symlinking: /home/ake/nav/nav_neupan/install/teb_msgs/include/teb_msgs/teb_msgs/msg/detail/feedback_msg__struct.hpp
[4.306s] -- Symlinking: /home/ake/nav/nav_neupan/install/teb_msgs/include/teb_msgs/teb_msgs/msg/detail/feedback_msg__traits.hpp
[4.314s] -- Symlinking: /home/ake/nav/nav_neupan/install/teb_msgs/include/teb_msgs/teb_msgs/msg/detail/feedback_msg__type_support.hpp
[4.323s] -- Symlinking: /home/ake/nav/nav_neupan/install/teb_msgs/include/teb_msgs/teb_msgs/msg/detail/trajectory_msg__builder.hpp
[4.332s] -- Symlinking: /home/ake/nav/nav_neupan/install/teb_msgs/include/teb_msgs/teb_msgs/msg/detail/trajectory_msg__struct.hpp
[4.340s] -- Symlinking: /home/ake/nav/nav_neupan/install/teb_msgs/include/teb_msgs/teb_msgs/msg/detail/trajectory_msg__traits.hpp
[4.348s] -- Symlinking: /home/ake/nav/nav_neupan/install/teb_msgs/include/teb_msgs/teb_msgs/msg/detail/trajectory_msg__type_support.hpp
[4.355s] -- Symlinking: /home/ake/nav/nav_neupan/install/teb_msgs/include/teb_msgs/teb_msgs/msg/detail/trajectory_point_msg__builder.hpp
[4.364s] -- Symlinking: /home/ake/nav/nav_neupan/install/teb_msgs/include/teb_msgs/teb_msgs/msg/detail/trajectory_point_msg__struct.hpp
[4.372s] -- Symlinking: /home/ake/nav/nav_neupan/install/teb_msgs/include/teb_msgs/teb_msgs/msg/detail/trajectory_point_msg__traits.hpp
[4.382s] -- Symlinking: /home/ake/nav/nav_neupan/install/teb_msgs/include/teb_msgs/teb_msgs/msg/detail/trajectory_point_msg__type_support.hpp
[4.391s] -- Symlinking: /home/ake/nav/nav_neupan/install/teb_msgs/include/teb_msgs/teb_msgs/msg/feedback_msg.hpp
[4.397s] -- Symlinking: /home/ake/nav/nav_neupan/install/teb_msgs/include/teb_msgs/teb_msgs/msg/rosidl_generator_cpp__visibility_control.hpp
[4.406s] -- Symlinking: /home/ake/nav/nav_neupan/install/teb_msgs/include/teb_msgs/teb_msgs/msg/trajectory_msg.hpp
[4.414s] -- Symlinking: /home/ake/nav/nav_neupan/install/teb_msgs/include/teb_msgs/teb_msgs/msg/trajectory_point_msg.hpp
[4.423s] -- Symlinking: /home/ake/nav/nav_neupan/install/teb_msgs/include/teb_msgs/teb_msgs/msg/detail/feedback_msg__rosidl_typesupport_fastrtps_cpp.hpp
[4.432s] -- Symlinking: /home/ake/nav/nav_neupan/install/teb_msgs/include/teb_msgs/teb_msgs/msg/detail/trajectory_msg__rosidl_typesupport_fastrtps_cpp.hpp
[4.440s] -- Symlinking: /home/ake/nav/nav_neupan/install/teb_msgs/include/teb_msgs/teb_msgs/msg/detail/trajectory_point_msg__rosidl_typesupport_fastrtps_cpp.hpp
[4.448s] -- Symlinking: /home/ake/nav/nav_neupan/install/teb_msgs/include/teb_msgs/teb_msgs/msg/rosidl_typesupport_fastrtps_cpp__visibility_control.h
[4.456s] -- Symlinking: /home/ake/nav/nav_neupan/install/teb_msgs/include/teb_msgs/teb_msgs/msg/detail/feedback_msg__rosidl_typesupport_introspection_c.h
[4.465s] -- Symlinking: /home/ake/nav/nav_neupan/install/teb_msgs/include/teb_msgs/teb_msgs/msg/detail/trajectory_msg__rosidl_typesupport_introspection_c.h
[4.473s] -- Symlinking: /home/ake/nav/nav_neupan/install/teb_msgs/include/teb_msgs/teb_msgs/msg/detail/trajectory_point_msg__rosidl_typesupport_introspection_c.h
[4.482s] -- Symlinking: /home/ake/nav/nav_neupan/install/teb_msgs/include/teb_msgs/teb_msgs/msg/rosidl_typesupport_introspection_c__visibility_control.h
[4.492s] -- Symlinking: /home/ake/nav/nav_neupan/install/teb_msgs/include/teb_msgs/teb_msgs/msg/detail/feedback_msg__rosidl_typesupport_introspection_cpp.hpp
[4.501s] -- Symlinking: /home/ake/nav/nav_neupan/install/teb_msgs/include/teb_msgs/teb_msgs/msg/detail/trajectory_msg__rosidl_typesupport_introspection_cpp.hpp
[4.510s] -- Symlinking: /home/ake/nav/nav_neupan/install/teb_msgs/include/teb_msgs/teb_msgs/msg/detail/trajectory_point_msg__rosidl_typesupport_introspection_cpp.hpp
[4.519s] -- Symlinking: /home/ake/nav/nav_neupan/install/teb_msgs/share/teb_msgs/environment/pythonpath.sh
[4.528s] -- Symlinking: /home/ake/nav/nav_neupan/install/teb_msgs/share/teb_msgs/environment/pythonpath.dsv
[4.537s] -- Symlinking: /home/ake/nav/nav_neupan/install/teb_msgs/local/lib/python3.10/dist-packages/teb_msgs-0.0.1-py3.10.egg-info/PKG-INFO
[4.546s] -- Symlinking: /home/ake/nav/nav_neupan/install/teb_msgs/local/lib/python3.10/dist-packages/teb_msgs-0.0.1-py3.10.egg-info/SOURCES.txt
[4.556s] -- Symlinking: /home/ake/nav/nav_neupan/install/teb_msgs/local/lib/python3.10/dist-packages/teb_msgs-0.0.1-py3.10.egg-info/dependency_links.txt
[4.565s] -- Symlinking: /home/ake/nav/nav_neupan/install/teb_msgs/local/lib/python3.10/dist-packages/teb_msgs-0.0.1-py3.10.egg-info/top_level.txt
[4.573s] -- Symlinking: /home/ake/nav/nav_neupan/install/teb_msgs/local/lib/python3.10/dist-packages/teb_msgs/__init__.py
[4.583s] -- Symlinking: /home/ake/nav/nav_neupan/install/teb_msgs/local/lib/python3.10/dist-packages/teb_msgs/_teb_msgs_s.ep.rosidl_typesupport_c.c
[4.592s] -- Symlinking: /home/ake/nav/nav_neupan/install/teb_msgs/local/lib/python3.10/dist-packages/teb_msgs/_teb_msgs_s.ep.rosidl_typesupport_fastrtps_c.c
[4.601s] -- Symlinking: /home/ake/nav/nav_neupan/install/teb_msgs/local/lib/python3.10/dist-packages/teb_msgs/_teb_msgs_s.ep.rosidl_typesupport_introspection_c.c
[4.607s] -- Symlinking: /home/ake/nav/nav_neupan/install/teb_msgs/local/lib/python3.10/dist-packages/teb_msgs/libteb_msgs__rosidl_generator_py.so
[4.617s] -- Symlinking: /home/ake/nav/nav_neupan/install/teb_msgs/local/lib/python3.10/dist-packages/teb_msgs/msg/__init__.py
[4.626s] -- Symlinking: /home/ake/nav/nav_neupan/install/teb_msgs/local/lib/python3.10/dist-packages/teb_msgs/msg/_feedback_msg.py
[4.633s] -- Symlinking: /home/ake/nav/nav_neupan/install/teb_msgs/local/lib/python3.10/dist-packages/teb_msgs/msg/_feedback_msg_s.c
[4.642s] -- Symlinking: /home/ake/nav/nav_neupan/install/teb_msgs/local/lib/python3.10/dist-packages/teb_msgs/msg/_trajectory_msg.py
[4.651s] -- Symlinking: /home/ake/nav/nav_neupan/install/teb_msgs/local/lib/python3.10/dist-packages/teb_msgs/msg/_trajectory_msg_s.c
[4.659s] -- Symlinking: /home/ake/nav/nav_neupan/install/teb_msgs/local/lib/python3.10/dist-packages/teb_msgs/msg/_trajectory_point_msg.py
[4.668s] -- Symlinking: /home/ake/nav/nav_neupan/install/teb_msgs/local/lib/python3.10/dist-packages/teb_msgs/msg/_trajectory_point_msg_s.c
[4.677s] -- Symlinking: /home/ake/nav/nav_neupan/install/teb_msgs/local/lib/python3.10/dist-packages/teb_msgs/teb_msgs_s__rosidl_typesupport_c.cpython-310-x86_64-linux-gnu.so
[4.687s] -- Symlinking: /home/ake/nav/nav_neupan/install/teb_msgs/local/lib/python3.10/dist-packages/teb_msgs/teb_msgs_s__rosidl_typesupport_fastrtps_c.cpython-310-x86_64-linux-gnu.so
[4.697s] -- Symlinking: /home/ake/nav/nav_neupan/install/teb_msgs/local/lib/python3.10/dist-packages/teb_msgs/teb_msgs_s__rosidl_typesupport_introspection_c.cpython-310-x86_64-linux-gnu.so
[4.704s] -- Up-to-date symlink: /home/ake/nav/nav_neupan/install/teb_msgs/local/lib/python3.10/dist-packages/teb_msgs/teb_msgs_s__rosidl_typesupport_fastrtps_c.cpython-310-x86_64-linux-gnu.so
[4.704s] -- Up-to-date symlink: /home/ake/nav/nav_neupan/install/teb_msgs/local/lib/python3.10/dist-packages/teb_msgs/teb_msgs_s__rosidl_typesupport_introspection_c.cpython-310-x86_64-linux-gnu.so
[4.704s] -- Up-to-date symlink: /home/ake/nav/nav_neupan/install/teb_msgs/local/lib/python3.10/dist-packages/teb_msgs/teb_msgs_s__rosidl_typesupport_c.cpython-310-x86_64-linux-gnu.so
[4.704s] -- Symlinking: /home/ake/nav/nav_neupan/install/teb_msgs/share/teb_msgs/msg/FeedbackMsg.idl
[4.715s] -- Symlinking: /home/ake/nav/nav_neupan/install/teb_msgs/share/teb_msgs/msg/TrajectoryMsg.idl
[4.724s] -- Symlinking: /home/ake/nav/nav_neupan/install/teb_msgs/share/teb_msgs/msg/TrajectoryPointMsg.idl
[4.733s] -- Symlinking: /home/ake/nav/nav_neupan/install/teb_msgs/share/teb_msgs/msg/FeedbackMsg.msg
[4.741s] -- Symlinking: /home/ake/nav/nav_neupan/install/teb_msgs/share/teb_msgs/msg/TrajectoryMsg.msg
[4.751s] -- Symlinking: /home/ake/nav/nav_neupan/install/teb_msgs/share/teb_msgs/msg/TrajectoryPointMsg.msg
[4.759s] -- Symlinking: /home/ake/nav/nav_neupan/install/teb_msgs/share/ament_index/resource_index/package_run_dependencies/teb_msgs
[4.768s] -- Symlinking: /home/ake/nav/nav_neupan/install/teb_msgs/share/ament_index/resource_index/parent_prefix_path/teb_msgs
[4.777s] -- Symlinking: /home/ake/nav/nav_neupan/install/teb_msgs/share/teb_msgs/environment/ament_prefix_path.sh
[4.785s] -- Symlinking: /home/ake/nav/nav_neupan/install/teb_msgs/share/teb_msgs/environment/ament_prefix_path.dsv
[4.796s] -- Symlinking: /home/ake/nav/nav_neupan/install/teb_msgs/share/teb_msgs/environment/path.sh
[4.803s] -- Symlinking: /home/ake/nav/nav_neupan/install/teb_msgs/share/teb_msgs/environment/path.dsv
[4.811s] -- Symlinking: /home/ake/nav/nav_neupan/install/teb_msgs/share/teb_msgs/local_setup.bash
[4.818s] -- Symlinking: /home/ake/nav/nav_neupan/install/teb_msgs/share/teb_msgs/local_setup.sh
[4.825s] -- Symlinking: /home/ake/nav/nav_neupan/install/teb_msgs/share/teb_msgs/local_setup.zsh
[4.834s] -- Symlinking: /home/ake/nav/nav_neupan/install/teb_msgs/share/teb_msgs/local_setup.dsv
[4.841s] -- Symlinking: /home/ake/nav/nav_neupan/install/teb_msgs/share/teb_msgs/package.dsv
[4.850s] -- Symlinking: /home/ake/nav/nav_neupan/install/teb_msgs/share/ament_index/resource_index/packages/teb_msgs
[4.860s] -- Symlinking: /home/ake/nav/nav_neupan/install/teb_msgs/share/teb_msgs/cmake/rosidl_cmake-extras.cmake
[4.869s] -- Symlinking: /home/ake/nav/nav_neupan/install/teb_msgs/share/teb_msgs/cmake/ament_cmake_export_dependencies-extras.cmake
[4.879s] -- Symlinking: /home/ake/nav/nav_neupan/install/teb_msgs/share/teb_msgs/cmake/ament_cmake_export_include_directories-extras.cmake
[4.889s] -- Symlinking: /home/ake/nav/nav_neupan/install/teb_msgs/share/teb_msgs/cmake/ament_cmake_export_libraries-extras.cmake
[4.899s] -- Symlinking: /home/ake/nav/nav_neupan/install/teb_msgs/share/teb_msgs/cmake/ament_cmake_export_targets-extras.cmake
[4.907s] -- Symlinking: /home/ake/nav/nav_neupan/install/teb_msgs/share/teb_msgs/cmake/rosidl_cmake_export_typesupport_targets-extras.cmake
[4.917s] -- Symlinking: /home/ake/nav/nav_neupan/install/teb_msgs/share/teb_msgs/cmake/rosidl_cmake_export_typesupport_libraries-extras.cmake
[4.925s] -- Symlinking: /home/ake/nav/nav_neupan/install/teb_msgs/share/teb_msgs/cmake/teb_msgsConfig.cmake
[4.934s] -- Symlinking: /home/ake/nav/nav_neupan/install/teb_msgs/share/teb_msgs/cmake/teb_msgsConfig-version.cmake
[4.943s] -- Symlinking: /home/ake/nav/nav_neupan/install/teb_msgs/share/teb_msgs/package.xml
[4.952s] -- Installing: /home/ake/nav/nav_neupan/install/teb_msgs/lib/libteb_msgs__rosidl_generator_c.so
[4.953s] -- Set runtime path of "/home/ake/nav/nav_neupan/install/teb_msgs/lib/libteb_msgs__rosidl_generator_c.so" to ""
[4.953s] -- Installing: /home/ake/nav/nav_neupan/install/teb_msgs/lib/libteb_msgs__rosidl_typesupport_fastrtps_c.so
[4.953s] -- Set runtime path of "/home/ake/nav/nav_neupan/install/teb_msgs/lib/libteb_msgs__rosidl_typesupport_fastrtps_c.so" to ""
[4.953s] -- Installing: /home/ake/nav/nav_neupan/install/teb_msgs/lib/libteb_msgs__rosidl_typesupport_fastrtps_cpp.so
[4.954s] -- Set runtime path of "/home/ake/nav/nav_neupan/install/teb_msgs/lib/libteb_msgs__rosidl_typesupport_fastrtps_cpp.so" to ""
[4.954s] -- Installing: /home/ake/nav/nav_neupan/install/teb_msgs/lib/libteb_msgs__rosidl_typesupport_introspection_c.so
[4.954s] -- Set runtime path of "/home/ake/nav/nav_neupan/install/teb_msgs/lib/libteb_msgs__rosidl_typesupport_introspection_c.so" to ""
[4.954s] -- Installing: /home/ake/nav/nav_neupan/install/teb_msgs/lib/libteb_msgs__rosidl_typesupport_c.so
[4.954s] -- Set runtime path of "/home/ake/nav/nav_neupan/install/teb_msgs/lib/libteb_msgs__rosidl_typesupport_c.so" to ""
[4.954s] -- Installing: /home/ake/nav/nav_neupan/install/teb_msgs/lib/libteb_msgs__rosidl_typesupport_introspection_cpp.so
[4.955s] -- Set runtime path of "/home/ake/nav/nav_neupan/install/teb_msgs/lib/libteb_msgs__rosidl_typesupport_introspection_cpp.so" to ""
[4.955s] -- Installing: /home/ake/nav/nav_neupan/install/teb_msgs/lib/libteb_msgs__rosidl_typesupport_cpp.so
[4.955s] -- Set runtime path of "/home/ake/nav/nav_neupan/install/teb_msgs/lib/libteb_msgs__rosidl_typesupport_cpp.so" to ""
[4.984s] Listing '/home/ake/nav/nav_neupan/install/teb_msgs/local/lib/python3.10/dist-packages/teb_msgs'...
[4.984s] Compiling '/home/ake/nav/nav_neupan/install/teb_msgs/local/lib/python3.10/dist-packages/teb_msgs/__init__.py'...
[4.984s] Listing '/home/ake/nav/nav_neupan/install/teb_msgs/local/lib/python3.10/dist-packages/teb_msgs/msg'...
[4.984s] Compiling '/home/ake/nav/nav_neupan/install/teb_msgs/local/lib/python3.10/dist-packages/teb_msgs/msg/__init__.py'...
[4.984s] Compiling '/home/ake/nav/nav_neupan/install/teb_msgs/local/lib/python3.10/dist-packages/teb_msgs/msg/_feedback_msg.py'...
[4.984s] Compiling '/home/ake/nav/nav_neupan/install/teb_msgs/local/lib/python3.10/dist-packages/teb_msgs/msg/_trajectory_msg.py'...
[4.984s] Compiling '/home/ake/nav/nav_neupan/install/teb_msgs/local/lib/python3.10/dist-packages/teb_msgs/msg/_trajectory_point_msg.py'...
[4.988s] -- Installing: /home/ake/nav/nav_neupan/install/teb_msgs/lib/libteb_msgs__rosidl_generator_py.so
[4.989s] -- Set runtime path of "/home/ake/nav/nav_neupan/install/teb_msgs/lib/libteb_msgs__rosidl_generator_py.so" to ""
[4.989s] -- Installing: /home/ake/nav/nav_neupan/install/teb_msgs/share/teb_msgs/cmake/export_teb_msgs__rosidl_generator_cExport.cmake
[4.989s] -- Installing: /home/ake/nav/nav_neupan/install/teb_msgs/share/teb_msgs/cmake/export_teb_msgs__rosidl_generator_cExport-noconfig.cmake
[4.989s] -- Installing: /home/ake/nav/nav_neupan/install/teb_msgs/share/teb_msgs/cmake/export_teb_msgs__rosidl_typesupport_fastrtps_cExport.cmake
[4.989s] -- Installing: /home/ake/nav/nav_neupan/install/teb_msgs/share/teb_msgs/cmake/export_teb_msgs__rosidl_typesupport_fastrtps_cExport-noconfig.cmake
[4.989s] -- Installing: /home/ake/nav/nav_neupan/install/teb_msgs/share/teb_msgs/cmake/export_teb_msgs__rosidl_generator_cppExport.cmake
[4.989s] -- Installing: /home/ake/nav/nav_neupan/install/teb_msgs/share/teb_msgs/cmake/export_teb_msgs__rosidl_typesupport_fastrtps_cppExport.cmake
[4.989s] -- Installing: /home/ake/nav/nav_neupan/install/teb_msgs/share/teb_msgs/cmake/export_teb_msgs__rosidl_typesupport_fastrtps_cppExport-noconfig.cmake
[4.989s] -- Installing: /home/ake/nav/nav_neupan/install/teb_msgs/share/teb_msgs/cmake/teb_msgs__rosidl_typesupport_introspection_cExport.cmake
[4.989s] -- Installing: /home/ake/nav/nav_neupan/install/teb_msgs/share/teb_msgs/cmake/teb_msgs__rosidl_typesupport_introspection_cExport-noconfig.cmake
[4.989s] -- Installing: /home/ake/nav/nav_neupan/install/teb_msgs/share/teb_msgs/cmake/teb_msgs__rosidl_typesupport_cExport.cmake
[4.989s] -- Installing: /home/ake/nav/nav_neupan/install/teb_msgs/share/teb_msgs/cmake/teb_msgs__rosidl_typesupport_cExport-noconfig.cmake
[4.989s] -- Installing: /home/ake/nav/nav_neupan/install/teb_msgs/share/teb_msgs/cmake/teb_msgs__rosidl_typesupport_introspection_cppExport.cmake
[4.989s] -- Installing: /home/ake/nav/nav_neupan/install/teb_msgs/share/teb_msgs/cmake/teb_msgs__rosidl_typesupport_introspection_cppExport-noconfig.cmake
[4.989s] -- Installing: /home/ake/nav/nav_neupan/install/teb_msgs/share/teb_msgs/cmake/teb_msgs__rosidl_typesupport_cppExport.cmake
[4.990s] -- Installing: /home/ake/nav/nav_neupan/install/teb_msgs/share/teb_msgs/cmake/teb_msgs__rosidl_typesupport_cppExport-noconfig.cmake
[4.990s] -- Installing: /home/ake/nav/nav_neupan/install/teb_msgs/share/teb_msgs/cmake/export_teb_msgs__rosidl_generator_pyExport.cmake
[4.990s] -- Installing: /home/ake/nav/nav_neupan/install/teb_msgs/share/teb_msgs/cmake/export_teb_msgs__rosidl_generator_pyExport-noconfig.cmake
[4.992s] Invoked command in '/home/ake/nav/nav_neupan/build/teb_msgs' returned '0': AMENT_PREFIX_PATH=/home/ake/nav/nav_neupan/install/costmap_converter_msgs:${AMENT_PREFIX_PATH} CMAKE_PREFIX_PATH=/home/ake/nav/nav_neupan/install/costmap_converter_msgs:/opt/ros/humble LD_LIBRARY_PATH=/home/ake/nav/nav_neupan/install/costmap_converter_msgs/lib:${LD_LIBRARY_PATH} PYTHONPATH=/home/ake/nav/nav_neupan/install/costmap_converter_msgs/local/lib/python3.10/dist-packages:${PYTHONPATH} /usr/bin/cmake --install /home/ake/nav/nav_neupan/build/teb_msgs
