[0.007s] Invoking command in '/home/ake/nav/nav_neupan/build/costmap_converter': CMAKE_PREFIX_PATH=/home/ake/nav/nav_neupan/install/costmap_converter_msgs:/home/ake/nav/nav_neupan/src/bot_nav/install/teb_local_planner:/home/ake/nav/nav_neupan/src/bot_nav/install/teb_msgs:/home/ake/nav/nav_neupan/src/bot_nav/install/robot_simulation:/home/ake/nav/nav_neupan/src/bot_nav/install/robot_description:/home/ake/nav/nav_neupan/src/bot_nav/install/costmap_converter:/home/ake/nav/nav_neupan/src/bot_nav/install/costmap_converter_msgs:/home/ake/nav/nav_neupan/install/teb_local_planner:/home/ake/nav/nav_neupan/install/teb_msgs:/home/ake/nav/nav_neupan/install/robot_simulation:/home/ake/nav/nav_neupan/install/robot_description:/home/ake/nav/nav_neupan/install/costmap_converter:/home/ake/nav/nav_neupan/src/bot_nav/install/robot_patrol:/home/ake/nav/nav_neupan/install/nav_launch:/home/ake/nav/nav_neupan/install/robot_patrol:/home/ake/nav/nav_neupan/install/neupan_ros2:/opt/ros/humble LD_LIBRARY_PATH=/home/ake/nav/nav_neupan/install/costmap_converter_msgs/lib:/home/ake/nav/nav_neupan/src/bot_nav/install/teb_local_planner/lib:/home/ake/nav/nav_neupan/src/bot_nav/install/teb_msgs/lib:/home/ake/nav/nav_neupan/src/bot_nav/install/costmap_converter/lib:/home/ake/nav/nav_neupan/src/bot_nav/install/costmap_converter_msgs/lib:/home/ake/nav/nav_neupan/install/teb_local_planner/lib:/home/ake/nav/nav_neupan/install/teb_msgs/lib:/home/ake/nav/nav_neupan/install/costmap_converter/lib:/usr/lib/x86_64-linux-gnu/gazebo-11/plugins:/opt/ros/humble/opt/rviz_ogre_vendor/lib:/opt/ros/humble/lib/x86_64-linux-gnu:/opt/ros/humble/lib /usr/bin/cmake --build /home/ake/nav/nav_neupan/build/costmap_converter -- -j20 -l20
[0.041s] [ 10%] Built target gtest_main
[0.041s] [ 21%] Built target gtest
[0.055s] [ 78%] Built target costmap_converter
[0.074s] [ 89%] Built target test_costmap_polygons
[0.075s] [100%] Built target standalone_converter
[0.083s] Invoked command in '/home/ake/nav/nav_neupan/build/costmap_converter' returned '0': CMAKE_PREFIX_PATH=/home/ake/nav/nav_neupan/install/costmap_converter_msgs:/home/ake/nav/nav_neupan/src/bot_nav/install/teb_local_planner:/home/ake/nav/nav_neupan/src/bot_nav/install/teb_msgs:/home/ake/nav/nav_neupan/src/bot_nav/install/robot_simulation:/home/ake/nav/nav_neupan/src/bot_nav/install/robot_description:/home/ake/nav/nav_neupan/src/bot_nav/install/costmap_converter:/home/ake/nav/nav_neupan/src/bot_nav/install/costmap_converter_msgs:/home/ake/nav/nav_neupan/install/teb_local_planner:/home/ake/nav/nav_neupan/install/teb_msgs:/home/ake/nav/nav_neupan/install/robot_simulation:/home/ake/nav/nav_neupan/install/robot_description:/home/ake/nav/nav_neupan/install/costmap_converter:/home/ake/nav/nav_neupan/src/bot_nav/install/robot_patrol:/home/ake/nav/nav_neupan/install/nav_launch:/home/ake/nav/nav_neupan/install/robot_patrol:/home/ake/nav/nav_neupan/install/neupan_ros2:/opt/ros/humble LD_LIBRARY_PATH=/home/ake/nav/nav_neupan/install/costmap_converter_msgs/lib:/home/ake/nav/nav_neupan/src/bot_nav/install/teb_local_planner/lib:/home/ake/nav/nav_neupan/src/bot_nav/install/teb_msgs/lib:/home/ake/nav/nav_neupan/src/bot_nav/install/costmap_converter/lib:/home/ake/nav/nav_neupan/src/bot_nav/install/costmap_converter_msgs/lib:/home/ake/nav/nav_neupan/install/teb_local_planner/lib:/home/ake/nav/nav_neupan/install/teb_msgs/lib:/home/ake/nav/nav_neupan/install/costmap_converter/lib:/usr/lib/x86_64-linux-gnu/gazebo-11/plugins:/opt/ros/humble/opt/rviz_ogre_vendor/lib:/opt/ros/humble/lib/x86_64-linux-gnu:/opt/ros/humble/lib /usr/bin/cmake --build /home/ake/nav/nav_neupan/build/costmap_converter -- -j20 -l20
[0.084s] Invoking command in '/home/ake/nav/nav_neupan/build/costmap_converter': CMAKE_PREFIX_PATH=/home/ake/nav/nav_neupan/install/costmap_converter_msgs:/home/ake/nav/nav_neupan/src/bot_nav/install/teb_local_planner:/home/ake/nav/nav_neupan/src/bot_nav/install/teb_msgs:/home/ake/nav/nav_neupan/src/bot_nav/install/robot_simulation:/home/ake/nav/nav_neupan/src/bot_nav/install/robot_description:/home/ake/nav/nav_neupan/src/bot_nav/install/costmap_converter:/home/ake/nav/nav_neupan/src/bot_nav/install/costmap_converter_msgs:/home/ake/nav/nav_neupan/install/teb_local_planner:/home/ake/nav/nav_neupan/install/teb_msgs:/home/ake/nav/nav_neupan/install/robot_simulation:/home/ake/nav/nav_neupan/install/robot_description:/home/ake/nav/nav_neupan/install/costmap_converter:/home/ake/nav/nav_neupan/src/bot_nav/install/robot_patrol:/home/ake/nav/nav_neupan/install/nav_launch:/home/ake/nav/nav_neupan/install/robot_patrol:/home/ake/nav/nav_neupan/install/neupan_ros2:/opt/ros/humble LD_LIBRARY_PATH=/home/ake/nav/nav_neupan/install/costmap_converter_msgs/lib:/home/ake/nav/nav_neupan/src/bot_nav/install/teb_local_planner/lib:/home/ake/nav/nav_neupan/src/bot_nav/install/teb_msgs/lib:/home/ake/nav/nav_neupan/src/bot_nav/install/costmap_converter/lib:/home/ake/nav/nav_neupan/src/bot_nav/install/costmap_converter_msgs/lib:/home/ake/nav/nav_neupan/install/teb_local_planner/lib:/home/ake/nav/nav_neupan/install/teb_msgs/lib:/home/ake/nav/nav_neupan/install/costmap_converter/lib:/usr/lib/x86_64-linux-gnu/gazebo-11/plugins:/opt/ros/humble/opt/rviz_ogre_vendor/lib:/opt/ros/humble/lib/x86_64-linux-gnu:/opt/ros/humble/lib /usr/bin/cmake --install /home/ake/nav/nav_neupan/build/costmap_converter
[0.089s] -- Install configuration: "Release"
[0.089s] -- Execute custom install script
[0.089s] -- Up-to-date symlink: /home/ake/nav/nav_neupan/install/costmap_converter/lib/libcostmap_converter.so
[0.090s] -- Up-to-date symlink: /home/ake/nav/nav_neupan/install/costmap_converter/bin/standalone_converter
[0.090s] -- Up-to-date symlink: /home/ake/nav/nav_neupan/install/costmap_converter/include//costmap_converter/costmap_converter_interface.h
[0.090s] -- Up-to-date symlink: /home/ake/nav/nav_neupan/install/costmap_converter/include//costmap_converter/costmap_to_dynamic_obstacles/background_subtractor.h
[0.090s] -- Up-to-date symlink: /home/ake/nav/nav_neupan/install/costmap_converter/include//costmap_converter/costmap_to_dynamic_obstacles/blob_detector.h
[0.090s] -- Up-to-date symlink: /home/ake/nav/nav_neupan/install/costmap_converter/include//costmap_converter/costmap_to_dynamic_obstacles/costmap_to_dynamic_obstacles.h
[0.090s] -- Up-to-date symlink: /home/ake/nav/nav_neupan/install/costmap_converter/include//costmap_converter/costmap_to_dynamic_obstacles/multitarget_tracker/Ctracker.h
[0.090s] -- Up-to-date symlink: /home/ake/nav/nav_neupan/install/costmap_converter/include//costmap_converter/costmap_to_dynamic_obstacles/multitarget_tracker/HungarianAlg.h
[0.090s] -- Up-to-date symlink: /home/ake/nav/nav_neupan/install/costmap_converter/include//costmap_converter/costmap_to_dynamic_obstacles/multitarget_tracker/Kalman.h
[0.090s] -- Up-to-date symlink: /home/ake/nav/nav_neupan/install/costmap_converter/include//costmap_converter/costmap_to_dynamic_obstacles/multitarget_tracker/README.md
[0.090s] -- Up-to-date symlink: /home/ake/nav/nav_neupan/install/costmap_converter/include//costmap_converter/costmap_to_dynamic_obstacles/multitarget_tracker/defines.h
[0.090s] -- Up-to-date symlink: /home/ake/nav/nav_neupan/install/costmap_converter/include//costmap_converter/costmap_to_lines_convex_hull.h
[0.090s] -- Up-to-date symlink: /home/ake/nav/nav_neupan/install/costmap_converter/include//costmap_converter/costmap_to_lines_ransac.h
[0.090s] -- Up-to-date symlink: /home/ake/nav/nav_neupan/install/costmap_converter/include//costmap_converter/costmap_to_polygons.h
[0.090s] -- Up-to-date symlink: /home/ake/nav/nav_neupan/install/costmap_converter/include//costmap_converter/costmap_to_polygons_concave.h
[0.090s] -- Up-to-date symlink: /home/ake/nav/nav_neupan/install/costmap_converter/include//costmap_converter/misc.h
[0.090s] -- Up-to-date symlink: /home/ake/nav/nav_neupan/install/costmap_converter/share/costmap_converter/environment/library_path.sh
[0.091s] -- Up-to-date symlink: /home/ake/nav/nav_neupan/install/costmap_converter/share/costmap_converter/environment/library_path.dsv
[0.091s] -- Up-to-date symlink: /home/ake/nav/nav_neupan/install/costmap_converter/share/costmap_converter//costmap_converter_plugins.xml
[0.091s] -- Up-to-date symlink: /home/ake/nav/nav_neupan/install/costmap_converter/share/ament_index/resource_index/package_run_dependencies/costmap_converter
[0.091s] -- Up-to-date symlink: /home/ake/nav/nav_neupan/install/costmap_converter/share/ament_index/resource_index/parent_prefix_path/costmap_converter
[0.091s] -- Up-to-date symlink: /home/ake/nav/nav_neupan/install/costmap_converter/share/costmap_converter/environment/ament_prefix_path.sh
[0.091s] -- Up-to-date symlink: /home/ake/nav/nav_neupan/install/costmap_converter/share/costmap_converter/environment/ament_prefix_path.dsv
[0.091s] -- Up-to-date symlink: /home/ake/nav/nav_neupan/install/costmap_converter/share/costmap_converter/environment/path.sh
[0.091s] -- Up-to-date symlink: /home/ake/nav/nav_neupan/install/costmap_converter/share/costmap_converter/environment/path.dsv
[0.091s] -- Up-to-date symlink: /home/ake/nav/nav_neupan/install/costmap_converter/share/costmap_converter/local_setup.bash
[0.091s] -- Up-to-date symlink: /home/ake/nav/nav_neupan/install/costmap_converter/share/costmap_converter/local_setup.sh
[0.091s] -- Up-to-date symlink: /home/ake/nav/nav_neupan/install/costmap_converter/share/costmap_converter/local_setup.zsh
[0.091s] -- Up-to-date symlink: /home/ake/nav/nav_neupan/install/costmap_converter/share/costmap_converter/local_setup.dsv
[0.091s] -- Symlinking: /home/ake/nav/nav_neupan/install/costmap_converter/share/costmap_converter/package.dsv
[0.097s] -- Up-to-date symlink: /home/ake/nav/nav_neupan/install/costmap_converter/share/ament_index/resource_index/packages/costmap_converter
[0.097s] -- Up-to-date symlink: /home/ake/nav/nav_neupan/install/costmap_converter/share/ament_index/resource_index/costmap_converter__pluginlib__plugin/costmap_converter
[0.098s] -- Up-to-date symlink: /home/ake/nav/nav_neupan/install/costmap_converter/share/costmap_converter/cmake/ament_cmake_export_include_directories-extras.cmake
[0.098s] -- Up-to-date symlink: /home/ake/nav/nav_neupan/install/costmap_converter/share/costmap_converter/cmake/ament_cmake_export_libraries-extras.cmake
[0.098s] -- Up-to-date symlink: /home/ake/nav/nav_neupan/install/costmap_converter/share/costmap_converter/cmake/ament_cmake_export_dependencies-extras.cmake
[0.098s] -- Up-to-date symlink: /home/ake/nav/nav_neupan/install/costmap_converter/share/costmap_converter/cmake/costmap_converterConfig.cmake
[0.098s] -- Up-to-date symlink: /home/ake/nav/nav_neupan/install/costmap_converter/share/costmap_converter/cmake/costmap_converterConfig-version.cmake
[0.098s] -- Up-to-date symlink: /home/ake/nav/nav_neupan/install/costmap_converter/share/costmap_converter/package.xml
[0.100s] Invoked command in '/home/ake/nav/nav_neupan/build/costmap_converter' returned '0': CMAKE_PREFIX_PATH=/home/ake/nav/nav_neupan/install/costmap_converter_msgs:/home/ake/nav/nav_neupan/src/bot_nav/install/teb_local_planner:/home/ake/nav/nav_neupan/src/bot_nav/install/teb_msgs:/home/ake/nav/nav_neupan/src/bot_nav/install/robot_simulation:/home/ake/nav/nav_neupan/src/bot_nav/install/robot_description:/home/ake/nav/nav_neupan/src/bot_nav/install/costmap_converter:/home/ake/nav/nav_neupan/src/bot_nav/install/costmap_converter_msgs:/home/ake/nav/nav_neupan/install/teb_local_planner:/home/ake/nav/nav_neupan/install/teb_msgs:/home/ake/nav/nav_neupan/install/robot_simulation:/home/ake/nav/nav_neupan/install/robot_description:/home/ake/nav/nav_neupan/install/costmap_converter:/home/ake/nav/nav_neupan/src/bot_nav/install/robot_patrol:/home/ake/nav/nav_neupan/install/nav_launch:/home/ake/nav/nav_neupan/install/robot_patrol:/home/ake/nav/nav_neupan/install/neupan_ros2:/opt/ros/humble LD_LIBRARY_PATH=/home/ake/nav/nav_neupan/install/costmap_converter_msgs/lib:/home/ake/nav/nav_neupan/src/bot_nav/install/teb_local_planner/lib:/home/ake/nav/nav_neupan/src/bot_nav/install/teb_msgs/lib:/home/ake/nav/nav_neupan/src/bot_nav/install/costmap_converter/lib:/home/ake/nav/nav_neupan/src/bot_nav/install/costmap_converter_msgs/lib:/home/ake/nav/nav_neupan/install/teb_local_planner/lib:/home/ake/nav/nav_neupan/install/teb_msgs/lib:/home/ake/nav/nav_neupan/install/costmap_converter/lib:/usr/lib/x86_64-linux-gnu/gazebo-11/plugins:/opt/ros/humble/opt/rviz_ogre_vendor/lib:/opt/ros/humble/lib/x86_64-linux-gnu:/opt/ros/humble/lib /usr/bin/cmake --install /home/ake/nav/nav_neupan/build/costmap_converter
