[0.012s] Invoking command in '/home/ake/nav/nav_neupan/build/costmap_converter_msgs': CMAKE_PREFIX_PATH=/opt/ros/humble /usr/bin/cmake /home/ake/nav/nav_neupan/src/bot_nav/src/costmap_converter/costmap_converter_msgs -DAMENT_CMAKE_SYMLINK_INSTALL=1 -DCMAKE_INSTALL_PREFIX=/home/ake/nav/nav_neupan/install/costmap_converter_msgs
[0.138s] -- The C compiler identification is GNU 11.4.0
[0.139s] -- The CXX compiler identification is GNU 11.4.0
[0.139s] -- Detecting C compiler ABI info
[0.145s] -- Detecting C compiler ABI info - done
[0.149s] -- Check for working C compiler: /usr/bin/cc - skipped
[0.150s] -- Detecting C compile features
[0.150s] -- Detecting C compile features - done
[0.152s] -- Detecting CXX compiler ABI info
[0.201s] -- Detecting CXX compiler ABI info - done
[0.205s] -- Check for working CXX compiler: /usr/bin/c++ - skipped
[0.205s] -- Detecting CXX compile features
[0.205s] -- Detecting CXX compile features - done
[0.207s] -- Found ament_cmake: 1.3.12 (/opt/ros/humble/share/ament_cmake/cmake)
[0.447s] -- Found Python3: /usr/bin/python3 (found version "3.10.12") found components: Interpreter 
[0.487s] -- Override CMake install command with custom implementation using symlinks instead of copying resources
[0.508s] -- Found builtin_interfaces: 1.2.2 (/opt/ros/humble/share/builtin_interfaces/cmake)
[0.537s] -- Found rosidl_generator_c: 3.1.7 (/opt/ros/humble/share/rosidl_generator_c/cmake)
[0.540s] -- Found rosidl_adapter: 3.1.7 (/opt/ros/humble/share/rosidl_adapter/cmake)
[0.547s] -- Found rosidl_generator_cpp: 3.1.7 (/opt/ros/humble/share/rosidl_generator_cpp/cmake)
[0.559s] -- Using all available rosidl_typesupport_c: rosidl_typesupport_fastrtps_c;rosidl_typesupport_introspection_c
[0.569s] -- Using all available rosidl_typesupport_cpp: rosidl_typesupport_fastrtps_cpp;rosidl_typesupport_introspection_cpp
[0.579s] -- Found geometry_msgs: 4.9.0 (/opt/ros/humble/share/geometry_msgs/cmake)
[0.599s] -- Found rosidl_default_generators: 1.2.0 (/opt/ros/humble/share/rosidl_default_generators/cmake)
[0.814s] -- Found ament_cmake_ros: 0.10.0 (/opt/ros/humble/share/ament_cmake_ros/cmake)
[1.131s] -- Using all available rosidl_typesupport_c: rosidl_typesupport_fastrtps_c;rosidl_typesupport_introspection_c
[1.244s] -- Using all available rosidl_typesupport_cpp: rosidl_typesupport_fastrtps_cpp;rosidl_typesupport_introspection_cpp
[1.263s] -- Found PythonInterp: /usr/bin/python3 (found suitable version "3.10.12", minimum required is "3.6") 
[1.264s] -- Found python_cmake_module: 0.10.0 (/opt/ros/humble/share/python_cmake_module/cmake)
[1.289s] -- Found PythonLibs: /usr/lib/x86_64-linux-gnu/libpython3.10.so (found suitable version "3.10.12", minimum required is "3.5") 
[1.289s] -- Using PYTHON_EXECUTABLE: /usr/bin/python3
[1.289s] -- Using PYTHON_INCLUDE_DIRS: /usr/include/python3.10
[1.289s] -- Using PYTHON_LIBRARIES: /usr/lib/x86_64-linux-gnu/libpython3.10.so
[1.310s] -- Found PythonExtra: .so  
[1.358s] -- Configuring done
[1.377s] -- Generating done
[1.384s] -- Build files have been written to: /home/ake/nav/nav_neupan/build/costmap_converter_msgs
[1.389s] Invoked command in '/home/ake/nav/nav_neupan/build/costmap_converter_msgs' returned '0': CMAKE_PREFIX_PATH=/opt/ros/humble /usr/bin/cmake /home/ake/nav/nav_neupan/src/bot_nav/src/costmap_converter/costmap_converter_msgs -DAMENT_CMAKE_SYMLINK_INSTALL=1 -DCMAKE_INSTALL_PREFIX=/home/ake/nav/nav_neupan/install/costmap_converter_msgs
[1.391s] Invoking command in '/home/ake/nav/nav_neupan/build/costmap_converter_msgs': CMAKE_PREFIX_PATH=/opt/ros/humble /usr/bin/cmake --build /home/ake/nav/nav_neupan/build/costmap_converter_msgs -- -j20 -l20
[1.415s] [  2%] [34m[1mGenerating C code for ROS interfaces[0m
[1.427s] [  2%] Built target ament_cmake_python_symlink_costmap_converter_msgs
[1.427s] [  5%] [34m[1mGenerating C++ code for ROS interfaces[0m
[1.568s] running egg_info
[1.578s] creating costmap_converter_msgs.egg-info
[1.578s] writing costmap_converter_msgs.egg-info/PKG-INFO
[1.578s] writing dependency_links to costmap_converter_msgs.egg-info/dependency_links.txt
[1.579s] writing top-level names to costmap_converter_msgs.egg-info/top_level.txt
[1.579s] writing manifest file 'costmap_converter_msgs.egg-info/SOURCES.txt'
[1.610s] reading manifest file 'costmap_converter_msgs.egg-info/SOURCES.txt'
[1.611s] writing manifest file 'costmap_converter_msgs.egg-info/SOURCES.txt'
[1.627s] [  5%] Built target costmap_converter_msgs__cpp
[1.629s] [  7%] [32mBuilding C object CMakeFiles/costmap_converter_msgs__rosidl_generator_c.dir/rosidl_generator_c/costmap_converter_msgs/msg/detail/obstacle_array_msg__functions.c.o[0m
[1.630s] [ 10%] [32mBuilding C object CMakeFiles/costmap_converter_msgs__rosidl_generator_c.dir/rosidl_generator_c/costmap_converter_msgs/msg/detail/obstacle_msg__functions.c.o[0m
[1.635s] [ 12%] [34m[1mGenerating C++ type support dispatch for ROS interfaces[0m
[1.635s] [ 15%] [34m[1mGenerating C++ introspection for ROS interfaces[0m
[1.635s] [ 17%] [34m[1mGenerating C++ type support for eProsima Fast-RTPS[0m
[1.642s] [ 17%] Built target ament_cmake_python_build_costmap_converter_msgs_egg
[1.665s] [ 20%] [32m[1mLinking C shared library libcostmap_converter_msgs__rosidl_generator_c.so[0m
[1.689s] [ 20%] Built target costmap_converter_msgs__rosidl_generator_c
[1.695s] [ 23%] [34m[1mGenerating C introspection for ROS interfaces[0m
[1.697s] [ 25%] [34m[1mGenerating C type support dispatch for ROS interfaces[0m
[1.697s] [ 28%] [34m[1mGenerating C type support for eProsima Fast-RTPS[0m
[1.815s] [ 33%] [32mBuilding CXX object CMakeFiles/costmap_converter_msgs__rosidl_typesupport_cpp.dir/rosidl_typesupport_cpp/costmap_converter_msgs/msg/obstacle_array_msg__type_support.cpp.o[0m
[1.815s] [ 33%] [32mBuilding CXX object CMakeFiles/costmap_converter_msgs__rosidl_typesupport_cpp.dir/rosidl_typesupport_cpp/costmap_converter_msgs/msg/obstacle_msg__type_support.cpp.o[0m
[1.823s] [ 35%] [32mBuilding CXX object CMakeFiles/costmap_converter_msgs__rosidl_typesupport_introspection_cpp.dir/rosidl_typesupport_introspection_cpp/costmap_converter_msgs/msg/detail/obstacle_msg__type_support.cpp.o[0m
[1.823s] [ 38%] [32mBuilding CXX object CMakeFiles/costmap_converter_msgs__rosidl_typesupport_introspection_cpp.dir/rosidl_typesupport_introspection_cpp/costmap_converter_msgs/msg/detail/obstacle_array_msg__type_support.cpp.o[0m
[1.832s] [ 43%] [32mBuilding CXX object CMakeFiles/costmap_converter_msgs__rosidl_typesupport_fastrtps_cpp.dir/rosidl_typesupport_fastrtps_cpp/costmap_converter_msgs/msg/detail/dds_fastrtps/obstacle_array_msg__type_support.cpp.o[0m
[1.832s] [ 43%] [32mBuilding CXX object CMakeFiles/costmap_converter_msgs__rosidl_typesupport_fastrtps_cpp.dir/rosidl_typesupport_fastrtps_cpp/costmap_converter_msgs/msg/detail/dds_fastrtps/obstacle_msg__type_support.cpp.o[0m
[1.876s] [ 48%] [32mBuilding CXX object CMakeFiles/costmap_converter_msgs__rosidl_typesupport_c.dir/rosidl_typesupport_c/costmap_converter_msgs/msg/obstacle_array_msg__type_support.cpp.o[0m
[1.876s] [ 48%] [32mBuilding CXX object CMakeFiles/costmap_converter_msgs__rosidl_typesupport_c.dir/rosidl_typesupport_c/costmap_converter_msgs/msg/obstacle_msg__type_support.cpp.o[0m
[1.899s] [ 51%] [32m[1mLinking CXX shared library libcostmap_converter_msgs__rosidl_typesupport_c.so[0m
[1.917s] [ 53%] [32mBuilding CXX object CMakeFiles/costmap_converter_msgs__rosidl_typesupport_fastrtps_c.dir/rosidl_typesupport_fastrtps_c/costmap_converter_msgs/msg/detail/obstacle_msg__type_support_c.cpp.o[0m
[1.918s] [ 56%] [32mBuilding CXX object CMakeFiles/costmap_converter_msgs__rosidl_typesupport_fastrtps_c.dir/rosidl_typesupport_fastrtps_c/costmap_converter_msgs/msg/detail/obstacle_array_msg__type_support_c.cpp.o[0m
[1.932s] [ 56%] Built target costmap_converter_msgs__rosidl_typesupport_c
[1.939s] [ 61%] [32mBuilding C object CMakeFiles/costmap_converter_msgs__rosidl_typesupport_introspection_c.dir/rosidl_typesupport_introspection_c/costmap_converter_msgs/msg/detail/obstacle_msg__type_support.c.o[0m
[1.939s] [ 61%] [32mBuilding C object CMakeFiles/costmap_converter_msgs__rosidl_typesupport_introspection_c.dir/rosidl_typesupport_introspection_c/costmap_converter_msgs/msg/detail/obstacle_array_msg__type_support.c.o[0m
[1.972s] [ 64%] [32m[1mLinking C shared library libcostmap_converter_msgs__rosidl_typesupport_introspection_c.so[0m
[1.993s] [ 64%] Built target costmap_converter_msgs__rosidl_typesupport_introspection_c
[2.067s] [ 66%] [32m[1mLinking CXX shared library libcostmap_converter_msgs__rosidl_typesupport_cpp.so[0m
[2.096s] [ 66%] Built target costmap_converter_msgs__rosidl_typesupport_cpp
[2.140s] [ 69%] [32m[1mLinking CXX shared library libcostmap_converter_msgs__rosidl_typesupport_fastrtps_cpp.so[0m
[2.141s] [ 71%] [32m[1mLinking CXX shared library libcostmap_converter_msgs__rosidl_typesupport_fastrtps_c.so[0m
[2.194s] [ 71%] Built target costmap_converter_msgs__rosidl_typesupport_fastrtps_cpp
[2.194s] [ 71%] Built target costmap_converter_msgs__rosidl_typesupport_fastrtps_c
[2.213s] [ 74%] [32m[1mLinking CXX shared library libcostmap_converter_msgs__rosidl_typesupport_introspection_cpp.so[0m
[2.258s] [ 74%] Built target costmap_converter_msgs__rosidl_typesupport_introspection_cpp
[2.269s] [ 74%] Built target costmap_converter_msgs
[2.282s] [ 76%] [34m[1mGenerating Python code for ROS interfaces[0m
[2.564s] [ 76%] Built target costmap_converter_msgs__py
[2.577s] [ 79%] [32mBuilding C object CMakeFiles/costmap_converter_msgs__rosidl_generator_py.dir/rosidl_generator_py/costmap_converter_msgs/msg/_obstacle_array_msg_s.c.o[0m
[2.579s] [ 82%] [32mBuilding C object CMakeFiles/costmap_converter_msgs__rosidl_generator_py.dir/rosidl_generator_py/costmap_converter_msgs/msg/_obstacle_msg_s.c.o[0m
[2.647s] [ 84%] [32m[1mLinking C shared library rosidl_generator_py/costmap_converter_msgs/libcostmap_converter_msgs__rosidl_generator_py.so[0m
[2.678s] [ 84%] Built target costmap_converter_msgs__rosidl_generator_py
[2.690s] [ 87%] [32mBuilding C object CMakeFiles/costmap_converter_msgs__rosidl_typesupport_fastrtps_c__pyext.dir/rosidl_generator_py/costmap_converter_msgs/_costmap_converter_msgs_s.ep.rosidl_typesupport_fastrtps_c.c.o[0m
[2.690s] [ 92%] [32mBuilding C object CMakeFiles/costmap_converter_msgs__rosidl_typesupport_c__pyext.dir/rosidl_generator_py/costmap_converter_msgs/_costmap_converter_msgs_s.ep.rosidl_typesupport_c.c.o[0m
[2.691s] [ 92%] [32mBuilding C object CMakeFiles/costmap_converter_msgs__rosidl_typesupport_introspection_c__pyext.dir/rosidl_generator_py/costmap_converter_msgs/_costmap_converter_msgs_s.ep.rosidl_typesupport_introspection_c.c.o[0m
[2.746s] [ 94%] [32m[1mLinking C shared library rosidl_generator_py/costmap_converter_msgs/costmap_converter_msgs_s__rosidl_typesupport_c.cpython-310-x86_64-linux-gnu.so[0m
[2.747s] [ 97%] [32m[1mLinking C shared library rosidl_generator_py/costmap_converter_msgs/costmap_converter_msgs_s__rosidl_typesupport_fastrtps_c.cpython-310-x86_64-linux-gnu.so[0m
[2.747s] [100%] [32m[1mLinking C shared library rosidl_generator_py/costmap_converter_msgs/costmap_converter_msgs_s__rosidl_typesupport_introspection_c.cpython-310-x86_64-linux-gnu.so[0m
[2.769s] [100%] Built target costmap_converter_msgs__rosidl_typesupport_c__pyext
[2.772s] [100%] Built target costmap_converter_msgs__rosidl_typesupport_fastrtps_c__pyext
[2.773s] [100%] Built target costmap_converter_msgs__rosidl_typesupport_introspection_c__pyext
[2.779s] Invoked command in '/home/ake/nav/nav_neupan/build/costmap_converter_msgs' returned '0': CMAKE_PREFIX_PATH=/opt/ros/humble /usr/bin/cmake --build /home/ake/nav/nav_neupan/build/costmap_converter_msgs -- -j20 -l20
[2.779s] Invoking command in '/home/ake/nav/nav_neupan/build/costmap_converter_msgs': CMAKE_PREFIX_PATH=/opt/ros/humble /usr/bin/cmake --install /home/ake/nav/nav_neupan/build/costmap_converter_msgs
[2.784s] -- Install configuration: ""
[2.785s] -- Execute custom install script
[2.785s] -- Symlinking: /home/ake/nav/nav_neupan/install/costmap_converter_msgs/share/ament_index/resource_index/rosidl_interfaces/costmap_converter_msgs
[2.790s] -- Symlinking: /home/ake/nav/nav_neupan/install/costmap_converter_msgs/include/costmap_converter_msgs/costmap_converter_msgs/msg/detail/obstacle_array_msg__functions.h
[2.794s] -- Symlinking: /home/ake/nav/nav_neupan/install/costmap_converter_msgs/include/costmap_converter_msgs/costmap_converter_msgs/msg/detail/obstacle_array_msg__struct.h
[2.801s] -- Symlinking: /home/ake/nav/nav_neupan/install/costmap_converter_msgs/include/costmap_converter_msgs/costmap_converter_msgs/msg/detail/obstacle_array_msg__type_support.h
[2.808s] -- Symlinking: /home/ake/nav/nav_neupan/install/costmap_converter_msgs/include/costmap_converter_msgs/costmap_converter_msgs/msg/detail/obstacle_msg__functions.h
[2.813s] -- Symlinking: /home/ake/nav/nav_neupan/install/costmap_converter_msgs/include/costmap_converter_msgs/costmap_converter_msgs/msg/detail/obstacle_msg__struct.h
[2.818s] -- Symlinking: /home/ake/nav/nav_neupan/install/costmap_converter_msgs/include/costmap_converter_msgs/costmap_converter_msgs/msg/detail/obstacle_msg__type_support.h
[2.823s] -- Symlinking: /home/ake/nav/nav_neupan/install/costmap_converter_msgs/include/costmap_converter_msgs/costmap_converter_msgs/msg/obstacle_array_msg.h
[2.830s] -- Symlinking: /home/ake/nav/nav_neupan/install/costmap_converter_msgs/include/costmap_converter_msgs/costmap_converter_msgs/msg/obstacle_msg.h
[2.836s] -- Symlinking: /home/ake/nav/nav_neupan/install/costmap_converter_msgs/include/costmap_converter_msgs/costmap_converter_msgs/msg/rosidl_generator_c__visibility_control.h
[2.841s] -- Symlinking: /home/ake/nav/nav_neupan/install/costmap_converter_msgs/share/costmap_converter_msgs/environment/library_path.sh
[2.847s] -- Symlinking: /home/ake/nav/nav_neupan/install/costmap_converter_msgs/share/costmap_converter_msgs/environment/library_path.dsv
[2.852s] -- Symlinking: /home/ake/nav/nav_neupan/install/costmap_converter_msgs/include/costmap_converter_msgs/costmap_converter_msgs/msg/detail/obstacle_array_msg__rosidl_typesupport_fastrtps_c.h
[2.857s] -- Symlinking: /home/ake/nav/nav_neupan/install/costmap_converter_msgs/include/costmap_converter_msgs/costmap_converter_msgs/msg/detail/obstacle_msg__rosidl_typesupport_fastrtps_c.h
[2.861s] -- Symlinking: /home/ake/nav/nav_neupan/install/costmap_converter_msgs/include/costmap_converter_msgs/costmap_converter_msgs/msg/rosidl_typesupport_fastrtps_c__visibility_control.h
[2.866s] -- Symlinking: /home/ake/nav/nav_neupan/install/costmap_converter_msgs/include/costmap_converter_msgs/costmap_converter_msgs/msg/detail/obstacle_array_msg__builder.hpp
[2.870s] -- Symlinking: /home/ake/nav/nav_neupan/install/costmap_converter_msgs/include/costmap_converter_msgs/costmap_converter_msgs/msg/detail/obstacle_array_msg__struct.hpp
[2.876s] -- Symlinking: /home/ake/nav/nav_neupan/install/costmap_converter_msgs/include/costmap_converter_msgs/costmap_converter_msgs/msg/detail/obstacle_array_msg__traits.hpp
[2.880s] -- Symlinking: /home/ake/nav/nav_neupan/install/costmap_converter_msgs/include/costmap_converter_msgs/costmap_converter_msgs/msg/detail/obstacle_array_msg__type_support.hpp
[2.885s] -- Symlinking: /home/ake/nav/nav_neupan/install/costmap_converter_msgs/include/costmap_converter_msgs/costmap_converter_msgs/msg/detail/obstacle_msg__builder.hpp
[2.890s] -- Symlinking: /home/ake/nav/nav_neupan/install/costmap_converter_msgs/include/costmap_converter_msgs/costmap_converter_msgs/msg/detail/obstacle_msg__struct.hpp
[2.896s] -- Symlinking: /home/ake/nav/nav_neupan/install/costmap_converter_msgs/include/costmap_converter_msgs/costmap_converter_msgs/msg/detail/obstacle_msg__traits.hpp
[2.901s] -- Symlinking: /home/ake/nav/nav_neupan/install/costmap_converter_msgs/include/costmap_converter_msgs/costmap_converter_msgs/msg/detail/obstacle_msg__type_support.hpp
[2.907s] -- Symlinking: /home/ake/nav/nav_neupan/install/costmap_converter_msgs/include/costmap_converter_msgs/costmap_converter_msgs/msg/obstacle_array_msg.hpp
[2.912s] -- Symlinking: /home/ake/nav/nav_neupan/install/costmap_converter_msgs/include/costmap_converter_msgs/costmap_converter_msgs/msg/obstacle_msg.hpp
[2.917s] -- Symlinking: /home/ake/nav/nav_neupan/install/costmap_converter_msgs/include/costmap_converter_msgs/costmap_converter_msgs/msg/rosidl_generator_cpp__visibility_control.hpp
[2.922s] -- Symlinking: /home/ake/nav/nav_neupan/install/costmap_converter_msgs/include/costmap_converter_msgs/costmap_converter_msgs/msg/detail/obstacle_array_msg__rosidl_typesupport_fastrtps_cpp.hpp
[2.928s] -- Symlinking: /home/ake/nav/nav_neupan/install/costmap_converter_msgs/include/costmap_converter_msgs/costmap_converter_msgs/msg/detail/obstacle_msg__rosidl_typesupport_fastrtps_cpp.hpp
[2.933s] -- Symlinking: /home/ake/nav/nav_neupan/install/costmap_converter_msgs/include/costmap_converter_msgs/costmap_converter_msgs/msg/rosidl_typesupport_fastrtps_cpp__visibility_control.h
[2.937s] -- Symlinking: /home/ake/nav/nav_neupan/install/costmap_converter_msgs/include/costmap_converter_msgs/costmap_converter_msgs/msg/detail/obstacle_array_msg__rosidl_typesupport_introspection_c.h
[2.942s] -- Symlinking: /home/ake/nav/nav_neupan/install/costmap_converter_msgs/include/costmap_converter_msgs/costmap_converter_msgs/msg/detail/obstacle_msg__rosidl_typesupport_introspection_c.h
[2.946s] -- Symlinking: /home/ake/nav/nav_neupan/install/costmap_converter_msgs/include/costmap_converter_msgs/costmap_converter_msgs/msg/rosidl_typesupport_introspection_c__visibility_control.h
[2.952s] -- Symlinking: /home/ake/nav/nav_neupan/install/costmap_converter_msgs/include/costmap_converter_msgs/costmap_converter_msgs/msg/detail/obstacle_array_msg__rosidl_typesupport_introspection_cpp.hpp
[2.957s] -- Symlinking: /home/ake/nav/nav_neupan/install/costmap_converter_msgs/include/costmap_converter_msgs/costmap_converter_msgs/msg/detail/obstacle_msg__rosidl_typesupport_introspection_cpp.hpp
[2.962s] -- Symlinking: /home/ake/nav/nav_neupan/install/costmap_converter_msgs/share/costmap_converter_msgs/environment/pythonpath.sh
[2.966s] -- Symlinking: /home/ake/nav/nav_neupan/install/costmap_converter_msgs/share/costmap_converter_msgs/environment/pythonpath.dsv
[2.972s] -- Symlinking: /home/ake/nav/nav_neupan/install/costmap_converter_msgs/local/lib/python3.10/dist-packages/costmap_converter_msgs-0.1.2-py3.10.egg-info/PKG-INFO
[2.977s] -- Symlinking: /home/ake/nav/nav_neupan/install/costmap_converter_msgs/local/lib/python3.10/dist-packages/costmap_converter_msgs-0.1.2-py3.10.egg-info/SOURCES.txt
[2.982s] -- Symlinking: /home/ake/nav/nav_neupan/install/costmap_converter_msgs/local/lib/python3.10/dist-packages/costmap_converter_msgs-0.1.2-py3.10.egg-info/dependency_links.txt
[2.987s] -- Symlinking: /home/ake/nav/nav_neupan/install/costmap_converter_msgs/local/lib/python3.10/dist-packages/costmap_converter_msgs-0.1.2-py3.10.egg-info/top_level.txt
[2.993s] -- Symlinking: /home/ake/nav/nav_neupan/install/costmap_converter_msgs/local/lib/python3.10/dist-packages/costmap_converter_msgs/__init__.py
[2.997s] -- Symlinking: /home/ake/nav/nav_neupan/install/costmap_converter_msgs/local/lib/python3.10/dist-packages/costmap_converter_msgs/_costmap_converter_msgs_s.ep.rosidl_typesupport_c.c
[3.002s] -- Symlinking: /home/ake/nav/nav_neupan/install/costmap_converter_msgs/local/lib/python3.10/dist-packages/costmap_converter_msgs/_costmap_converter_msgs_s.ep.rosidl_typesupport_fastrtps_c.c
[3.008s] -- Symlinking: /home/ake/nav/nav_neupan/install/costmap_converter_msgs/local/lib/python3.10/dist-packages/costmap_converter_msgs/_costmap_converter_msgs_s.ep.rosidl_typesupport_introspection_c.c
[3.013s] -- Symlinking: /home/ake/nav/nav_neupan/install/costmap_converter_msgs/local/lib/python3.10/dist-packages/costmap_converter_msgs/costmap_converter_msgs_s__rosidl_typesupport_c.cpython-310-x86_64-linux-gnu.so
[3.018s] -- Symlinking: /home/ake/nav/nav_neupan/install/costmap_converter_msgs/local/lib/python3.10/dist-packages/costmap_converter_msgs/costmap_converter_msgs_s__rosidl_typesupport_fastrtps_c.cpython-310-x86_64-linux-gnu.so
[3.024s] -- Symlinking: /home/ake/nav/nav_neupan/install/costmap_converter_msgs/local/lib/python3.10/dist-packages/costmap_converter_msgs/costmap_converter_msgs_s__rosidl_typesupport_introspection_c.cpython-310-x86_64-linux-gnu.so
[3.031s] -- Symlinking: /home/ake/nav/nav_neupan/install/costmap_converter_msgs/local/lib/python3.10/dist-packages/costmap_converter_msgs/libcostmap_converter_msgs__rosidl_generator_py.so
[3.037s] -- Symlinking: /home/ake/nav/nav_neupan/install/costmap_converter_msgs/local/lib/python3.10/dist-packages/costmap_converter_msgs/msg/__init__.py
[3.042s] -- Symlinking: /home/ake/nav/nav_neupan/install/costmap_converter_msgs/local/lib/python3.10/dist-packages/costmap_converter_msgs/msg/_obstacle_array_msg.py
[3.049s] -- Symlinking: /home/ake/nav/nav_neupan/install/costmap_converter_msgs/local/lib/python3.10/dist-packages/costmap_converter_msgs/msg/_obstacle_array_msg_s.c
[3.054s] -- Symlinking: /home/ake/nav/nav_neupan/install/costmap_converter_msgs/local/lib/python3.10/dist-packages/costmap_converter_msgs/msg/_obstacle_msg.py
[3.059s] -- Symlinking: /home/ake/nav/nav_neupan/install/costmap_converter_msgs/local/lib/python3.10/dist-packages/costmap_converter_msgs/msg/_obstacle_msg_s.c
[3.064s] -- Up-to-date symlink: /home/ake/nav/nav_neupan/install/costmap_converter_msgs/local/lib/python3.10/dist-packages/costmap_converter_msgs/costmap_converter_msgs_s__rosidl_typesupport_fastrtps_c.cpython-310-x86_64-linux-gnu.so
[3.064s] -- Up-to-date symlink: /home/ake/nav/nav_neupan/install/costmap_converter_msgs/local/lib/python3.10/dist-packages/costmap_converter_msgs/costmap_converter_msgs_s__rosidl_typesupport_introspection_c.cpython-310-x86_64-linux-gnu.so
[3.065s] -- Up-to-date symlink: /home/ake/nav/nav_neupan/install/costmap_converter_msgs/local/lib/python3.10/dist-packages/costmap_converter_msgs/costmap_converter_msgs_s__rosidl_typesupport_c.cpython-310-x86_64-linux-gnu.so
[3.065s] -- Symlinking: /home/ake/nav/nav_neupan/install/costmap_converter_msgs/share/costmap_converter_msgs/msg/ObstacleMsg.idl
[3.072s] -- Symlinking: /home/ake/nav/nav_neupan/install/costmap_converter_msgs/share/costmap_converter_msgs/msg/ObstacleArrayMsg.idl
[3.078s] -- Symlinking: /home/ake/nav/nav_neupan/install/costmap_converter_msgs/share/costmap_converter_msgs/msg/ObstacleMsg.msg
[3.083s] -- Symlinking: /home/ake/nav/nav_neupan/install/costmap_converter_msgs/share/costmap_converter_msgs/msg/ObstacleArrayMsg.msg
[3.089s] -- Symlinking: /home/ake/nav/nav_neupan/install/costmap_converter_msgs/share/ament_index/resource_index/package_run_dependencies/costmap_converter_msgs
[3.094s] -- Symlinking: /home/ake/nav/nav_neupan/install/costmap_converter_msgs/share/ament_index/resource_index/parent_prefix_path/costmap_converter_msgs
[3.098s] -- Symlinking: /home/ake/nav/nav_neupan/install/costmap_converter_msgs/share/costmap_converter_msgs/environment/ament_prefix_path.sh
[3.104s] -- Symlinking: /home/ake/nav/nav_neupan/install/costmap_converter_msgs/share/costmap_converter_msgs/environment/ament_prefix_path.dsv
[3.109s] -- Symlinking: /home/ake/nav/nav_neupan/install/costmap_converter_msgs/share/costmap_converter_msgs/environment/path.sh
[3.114s] -- Symlinking: /home/ake/nav/nav_neupan/install/costmap_converter_msgs/share/costmap_converter_msgs/environment/path.dsv
[3.119s] -- Symlinking: /home/ake/nav/nav_neupan/install/costmap_converter_msgs/share/costmap_converter_msgs/local_setup.bash
[3.125s] -- Symlinking: /home/ake/nav/nav_neupan/install/costmap_converter_msgs/share/costmap_converter_msgs/local_setup.sh
[3.131s] -- Symlinking: /home/ake/nav/nav_neupan/install/costmap_converter_msgs/share/costmap_converter_msgs/local_setup.zsh
[3.137s] -- Symlinking: /home/ake/nav/nav_neupan/install/costmap_converter_msgs/share/costmap_converter_msgs/local_setup.dsv
[3.143s] -- Symlinking: /home/ake/nav/nav_neupan/install/costmap_converter_msgs/share/costmap_converter_msgs/package.dsv
[3.148s] -- Symlinking: /home/ake/nav/nav_neupan/install/costmap_converter_msgs/share/ament_index/resource_index/packages/costmap_converter_msgs
[3.153s] -- Symlinking: /home/ake/nav/nav_neupan/install/costmap_converter_msgs/share/costmap_converter_msgs/cmake/rosidl_cmake-extras.cmake
[3.159s] -- Symlinking: /home/ake/nav/nav_neupan/install/costmap_converter_msgs/share/costmap_converter_msgs/cmake/ament_cmake_export_dependencies-extras.cmake
[3.164s] -- Symlinking: /home/ake/nav/nav_neupan/install/costmap_converter_msgs/share/costmap_converter_msgs/cmake/ament_cmake_export_include_directories-extras.cmake
[3.169s] -- Symlinking: /home/ake/nav/nav_neupan/install/costmap_converter_msgs/share/costmap_converter_msgs/cmake/ament_cmake_export_libraries-extras.cmake
[3.173s] -- Symlinking: /home/ake/nav/nav_neupan/install/costmap_converter_msgs/share/costmap_converter_msgs/cmake/ament_cmake_export_targets-extras.cmake
[3.178s] -- Symlinking: /home/ake/nav/nav_neupan/install/costmap_converter_msgs/share/costmap_converter_msgs/cmake/rosidl_cmake_export_typesupport_targets-extras.cmake
[3.183s] -- Symlinking: /home/ake/nav/nav_neupan/install/costmap_converter_msgs/share/costmap_converter_msgs/cmake/rosidl_cmake_export_typesupport_libraries-extras.cmake
[3.188s] -- Symlinking: /home/ake/nav/nav_neupan/install/costmap_converter_msgs/share/costmap_converter_msgs/cmake/costmap_converter_msgsConfig.cmake
[3.193s] -- Symlinking: /home/ake/nav/nav_neupan/install/costmap_converter_msgs/share/costmap_converter_msgs/cmake/costmap_converter_msgsConfig-version.cmake
[3.199s] -- Symlinking: /home/ake/nav/nav_neupan/install/costmap_converter_msgs/share/costmap_converter_msgs/package.xml
[3.203s] -- Installing: /home/ake/nav/nav_neupan/install/costmap_converter_msgs/lib/libcostmap_converter_msgs__rosidl_generator_c.so
[3.204s] -- Set runtime path of "/home/ake/nav/nav_neupan/install/costmap_converter_msgs/lib/libcostmap_converter_msgs__rosidl_generator_c.so" to ""
[3.204s] -- Installing: /home/ake/nav/nav_neupan/install/costmap_converter_msgs/lib/libcostmap_converter_msgs__rosidl_typesupport_fastrtps_c.so
[3.204s] -- Set runtime path of "/home/ake/nav/nav_neupan/install/costmap_converter_msgs/lib/libcostmap_converter_msgs__rosidl_typesupport_fastrtps_c.so" to ""
[3.204s] -- Installing: /home/ake/nav/nav_neupan/install/costmap_converter_msgs/lib/libcostmap_converter_msgs__rosidl_typesupport_fastrtps_cpp.so
[3.204s] -- Set runtime path of "/home/ake/nav/nav_neupan/install/costmap_converter_msgs/lib/libcostmap_converter_msgs__rosidl_typesupport_fastrtps_cpp.so" to ""
[3.204s] -- Installing: /home/ake/nav/nav_neupan/install/costmap_converter_msgs/lib/libcostmap_converter_msgs__rosidl_typesupport_introspection_c.so
[3.204s] -- Set runtime path of "/home/ake/nav/nav_neupan/install/costmap_converter_msgs/lib/libcostmap_converter_msgs__rosidl_typesupport_introspection_c.so" to ""
[3.204s] -- Installing: /home/ake/nav/nav_neupan/install/costmap_converter_msgs/lib/libcostmap_converter_msgs__rosidl_typesupport_c.so
[3.204s] -- Set runtime path of "/home/ake/nav/nav_neupan/install/costmap_converter_msgs/lib/libcostmap_converter_msgs__rosidl_typesupport_c.so" to ""
[3.204s] -- Installing: /home/ake/nav/nav_neupan/install/costmap_converter_msgs/lib/libcostmap_converter_msgs__rosidl_typesupport_introspection_cpp.so
[3.204s] -- Set runtime path of "/home/ake/nav/nav_neupan/install/costmap_converter_msgs/lib/libcostmap_converter_msgs__rosidl_typesupport_introspection_cpp.so" to ""
[3.204s] -- Installing: /home/ake/nav/nav_neupan/install/costmap_converter_msgs/lib/libcostmap_converter_msgs__rosidl_typesupport_cpp.so
[3.204s] -- Set runtime path of "/home/ake/nav/nav_neupan/install/costmap_converter_msgs/lib/libcostmap_converter_msgs__rosidl_typesupport_cpp.so" to ""
[3.228s] Listing '/home/ake/nav/nav_neupan/install/costmap_converter_msgs/local/lib/python3.10/dist-packages/costmap_converter_msgs'...
[3.228s] Compiling '/home/ake/nav/nav_neupan/install/costmap_converter_msgs/local/lib/python3.10/dist-packages/costmap_converter_msgs/__init__.py'...
[3.228s] Listing '/home/ake/nav/nav_neupan/install/costmap_converter_msgs/local/lib/python3.10/dist-packages/costmap_converter_msgs/msg'...
[3.228s] Compiling '/home/ake/nav/nav_neupan/install/costmap_converter_msgs/local/lib/python3.10/dist-packages/costmap_converter_msgs/msg/__init__.py'...
[3.228s] Compiling '/home/ake/nav/nav_neupan/install/costmap_converter_msgs/local/lib/python3.10/dist-packages/costmap_converter_msgs/msg/_obstacle_array_msg.py'...
[3.228s] Compiling '/home/ake/nav/nav_neupan/install/costmap_converter_msgs/local/lib/python3.10/dist-packages/costmap_converter_msgs/msg/_obstacle_msg.py'...
[3.231s] -- Installing: /home/ake/nav/nav_neupan/install/costmap_converter_msgs/lib/libcostmap_converter_msgs__rosidl_generator_py.so
[3.231s] -- Set runtime path of "/home/ake/nav/nav_neupan/install/costmap_converter_msgs/lib/libcostmap_converter_msgs__rosidl_generator_py.so" to ""
[3.231s] -- Installing: /home/ake/nav/nav_neupan/install/costmap_converter_msgs/share/costmap_converter_msgs/cmake/export_costmap_converter_msgs__rosidl_generator_cExport.cmake
[3.231s] -- Installing: /home/ake/nav/nav_neupan/install/costmap_converter_msgs/share/costmap_converter_msgs/cmake/export_costmap_converter_msgs__rosidl_generator_cExport-noconfig.cmake
[3.231s] -- Installing: /home/ake/nav/nav_neupan/install/costmap_converter_msgs/share/costmap_converter_msgs/cmake/export_costmap_converter_msgs__rosidl_typesupport_fastrtps_cExport.cmake
[3.231s] -- Installing: /home/ake/nav/nav_neupan/install/costmap_converter_msgs/share/costmap_converter_msgs/cmake/export_costmap_converter_msgs__rosidl_typesupport_fastrtps_cExport-noconfig.cmake
[3.231s] -- Installing: /home/ake/nav/nav_neupan/install/costmap_converter_msgs/share/costmap_converter_msgs/cmake/export_costmap_converter_msgs__rosidl_generator_cppExport.cmake
[3.231s] -- Installing: /home/ake/nav/nav_neupan/install/costmap_converter_msgs/share/costmap_converter_msgs/cmake/export_costmap_converter_msgs__rosidl_typesupport_fastrtps_cppExport.cmake
[3.231s] -- Installing: /home/ake/nav/nav_neupan/install/costmap_converter_msgs/share/costmap_converter_msgs/cmake/export_costmap_converter_msgs__rosidl_typesupport_fastrtps_cppExport-noconfig.cmake
[3.231s] -- Installing: /home/ake/nav/nav_neupan/install/costmap_converter_msgs/share/costmap_converter_msgs/cmake/costmap_converter_msgs__rosidl_typesupport_introspection_cExport.cmake
[3.232s] -- Installing: /home/ake/nav/nav_neupan/install/costmap_converter_msgs/share/costmap_converter_msgs/cmake/costmap_converter_msgs__rosidl_typesupport_introspection_cExport-noconfig.cmake
[3.232s] -- Installing: /home/ake/nav/nav_neupan/install/costmap_converter_msgs/share/costmap_converter_msgs/cmake/costmap_converter_msgs__rosidl_typesupport_cExport.cmake
[3.232s] -- Installing: /home/ake/nav/nav_neupan/install/costmap_converter_msgs/share/costmap_converter_msgs/cmake/costmap_converter_msgs__rosidl_typesupport_cExport-noconfig.cmake
[3.232s] -- Installing: /home/ake/nav/nav_neupan/install/costmap_converter_msgs/share/costmap_converter_msgs/cmake/costmap_converter_msgs__rosidl_typesupport_introspection_cppExport.cmake
[3.232s] -- Installing: /home/ake/nav/nav_neupan/install/costmap_converter_msgs/share/costmap_converter_msgs/cmake/costmap_converter_msgs__rosidl_typesupport_introspection_cppExport-noconfig.cmake
[3.232s] -- Installing: /home/ake/nav/nav_neupan/install/costmap_converter_msgs/share/costmap_converter_msgs/cmake/costmap_converter_msgs__rosidl_typesupport_cppExport.cmake
[3.232s] -- Installing: /home/ake/nav/nav_neupan/install/costmap_converter_msgs/share/costmap_converter_msgs/cmake/costmap_converter_msgs__rosidl_typesupport_cppExport-noconfig.cmake
[3.232s] -- Installing: /home/ake/nav/nav_neupan/install/costmap_converter_msgs/share/costmap_converter_msgs/cmake/export_costmap_converter_msgs__rosidl_generator_pyExport.cmake
[3.232s] -- Installing: /home/ake/nav/nav_neupan/install/costmap_converter_msgs/share/costmap_converter_msgs/cmake/export_costmap_converter_msgs__rosidl_generator_pyExport-noconfig.cmake
[3.234s] Invoked command in '/home/ake/nav/nav_neupan/build/costmap_converter_msgs' returned '0': CMAKE_PREFIX_PATH=/opt/ros/humble /usr/bin/cmake --install /home/ake/nav/nav_neupan/build/costmap_converter_msgs
