/home/ake/.local/lib/python3.10/site-packages/setuptools/_distutils/dist.py:289: UserWarning: Unknown distribution option: 'tests_require'
  warnings.warn(msg)
running develop
running egg_info
creating robot_patrol.egg-info
writing robot_patrol.egg-info/PKG-INFO
writing dependency_links to robot_patrol.egg-info/dependency_links.txt
writing entry points to robot_patrol.egg-info/entry_points.txt
writing requirements to robot_patrol.egg-info/requires.txt
writing top-level names to robot_patrol.egg-info/top_level.txt
writing manifest file 'robot_patrol.egg-info/SOURCES.txt'
reading manifest file 'robot_patrol.egg-info/SOURCES.txt'
writing manifest file 'robot_patrol.egg-info/SOURCES.txt'
running build_ext
Creating /home/ake/nav/nav_neupan/install/robot_patrol/lib/python3.10/site-packages/robot-patrol.egg-link (link to .)
Installing robot_patrol script to /home/ake/nav/nav_neupan/install/robot_patrol/lib/robot_patrol

Installed /home/ake/nav/nav_neupan/build/robot_patrol
running symlink_data
creating /home/ake/nav/nav_neupan/install/robot_patrol/share/ament_index/resource_index/packages
symbolically linking /home/ake/nav/nav_neupan/build/robot_patrol/resource/robot_patrol -> /home/ake/nav/nav_neupan/install/robot_patrol/share/ament_index/resource_index/packages
symbolically linking /home/ake/nav/nav_neupan/build/robot_patrol/package.xml -> /home/ake/nav/nav_neupan/install/robot_patrol/share/robot_patrol
