[0.651s] Invoking command in '/home/ake/nav/nav_neupan/build/robot_patrol': PYTHONPATH=/home/ake/nav/nav_neupan/build/robot_patrol/prefix_override:/usr/lib/python3/dist-packages/colcon_core/task/python/colcon_distutils_commands:/home/ake/nav/nav_neupan/install/robot_patrol/lib/python3.10/site-packages:${PYTHONPATH} /usr/bin/python3 -W ignore:setup.py install is deprecated -W ignore:easy_install command is deprecated setup.py develop --editable --build-directory /home/ake/nav/nav_neupan/build/robot_patrol/build --no-deps symlink_data
[0.746s] /home/ake/.local/lib/python3.10/site-packages/setuptools/_distutils/dist.py:289: UserWarning: Unknown distribution option: 'tests_require'
[0.746s]   warnings.warn(msg)
[0.846s] running develop
[0.974s] running egg_info
[0.984s] creating robot_patrol.egg-info
[0.984s] writing robot_patrol.egg-info/PKG-INFO
[0.984s] writing dependency_links to robot_patrol.egg-info/dependency_links.txt
[0.984s] writing entry points to robot_patrol.egg-info/entry_points.txt
[0.985s] writing requirements to robot_patrol.egg-info/requires.txt
[0.985s] writing top-level names to robot_patrol.egg-info/top_level.txt
[0.985s] writing manifest file 'robot_patrol.egg-info/SOURCES.txt'
[1.012s] reading manifest file 'robot_patrol.egg-info/SOURCES.txt'
[1.012s] writing manifest file 'robot_patrol.egg-info/SOURCES.txt'
[1.023s] running build_ext
[1.023s] Creating /home/ake/nav/nav_neupan/install/robot_patrol/lib/python3.10/site-packages/robot-patrol.egg-link (link to .)
[1.024s] Installing robot_patrol script to /home/ake/nav/nav_neupan/install/robot_patrol/lib/robot_patrol
[1.024s] 
[1.024s] Installed /home/ake/nav/nav_neupan/build/robot_patrol
[1.024s] running symlink_data
[1.024s] creating /home/ake/nav/nav_neupan/install/robot_patrol/share/ament_index/resource_index/packages
[1.024s] symbolically linking /home/ake/nav/nav_neupan/build/robot_patrol/resource/robot_patrol -> /home/ake/nav/nav_neupan/install/robot_patrol/share/ament_index/resource_index/packages
[1.024s] symbolically linking /home/ake/nav/nav_neupan/build/robot_patrol/package.xml -> /home/ake/nav/nav_neupan/install/robot_patrol/share/robot_patrol
[1.059s] Invoked command in '/home/ake/nav/nav_neupan/build/robot_patrol' returned '0': PYTHONPATH=/home/ake/nav/nav_neupan/build/robot_patrol/prefix_override:/usr/lib/python3/dist-packages/colcon_core/task/python/colcon_distutils_commands:/home/ake/nav/nav_neupan/install/robot_patrol/lib/python3.10/site-packages:${PYTHONPATH} /usr/bin/python3 -W ignore:setup.py install is deprecated -W ignore:easy_install command is deprecated setup.py develop --editable --build-directory /home/ake/nav/nav_neupan/build/robot_patrol/build --no-deps symlink_data
