[0.008s] Invoking command in '/home/ake/nav/nav_neupan/build/teb_msgs': CMAKE_PREFIX_PATH=/home/ake/nav/nav_neupan/install/costmap_converter_msgs:/home/ake/nav/nav_neupan/src/bot_nav/install/teb_local_planner:/home/ake/nav/nav_neupan/src/bot_nav/install/teb_msgs:/home/ake/nav/nav_neupan/src/bot_nav/install/robot_simulation:/home/ake/nav/nav_neupan/src/bot_nav/install/robot_description:/home/ake/nav/nav_neupan/src/bot_nav/install/costmap_converter:/home/ake/nav/nav_neupan/src/bot_nav/install/costmap_converter_msgs:/home/ake/nav/nav_neupan/install/teb_local_planner:/home/ake/nav/nav_neupan/install/teb_msgs:/home/ake/nav/nav_neupan/install/robot_simulation:/home/ake/nav/nav_neupan/install/robot_description:/home/ake/nav/nav_neupan/install/costmap_converter:/home/ake/nav/nav_neupan/src/bot_nav/install/robot_patrol:/home/ake/nav/nav_neupan/install/nav_launch:/home/ake/nav/nav_neupan/install/robot_patrol:/home/ake/nav/nav_neupan/install/neupan_ros2:/opt/ros/humble LD_LIBRARY_PATH=/home/ake/nav/nav_neupan/install/costmap_converter_msgs/lib:/home/ake/nav/nav_neupan/src/bot_nav/install/teb_local_planner/lib:/home/ake/nav/nav_neupan/src/bot_nav/install/teb_msgs/lib:/home/ake/nav/nav_neupan/src/bot_nav/install/costmap_converter/lib:/home/ake/nav/nav_neupan/src/bot_nav/install/costmap_converter_msgs/lib:/home/ake/nav/nav_neupan/install/teb_local_planner/lib:/home/ake/nav/nav_neupan/install/teb_msgs/lib:/home/ake/nav/nav_neupan/install/costmap_converter/lib:/usr/lib/x86_64-linux-gnu/gazebo-11/plugins:/opt/ros/humble/opt/rviz_ogre_vendor/lib:/opt/ros/humble/lib/x86_64-linux-gnu:/opt/ros/humble/lib /usr/bin/cmake --build /home/ake/nav/nav_neupan/build/teb_msgs -- -j20 -l20
[0.039s] [  6%] Built target teb_msgs__cpp
[0.039s] [ 12%] Built target teb_msgs__rosidl_generator_c
[0.049s] [ 12%] Built target ament_cmake_python_symlink_teb_msgs
[0.053s] [ 31%] Built target teb_msgs__rosidl_typesupport_introspection_c
[0.053s] [ 34%] Built target teb_msgs__rosidl_typesupport_fastrtps_cpp
[0.054s] [ 44%] Built target teb_msgs__rosidl_typesupport_fastrtps_c
[0.054s] [ 55%] Built target teb_msgs__rosidl_typesupport_cpp
[0.058s] [ 74%] Built target teb_msgs__rosidl_typesupport_introspection_cpp
[0.058s] [ 76%] Built target teb_msgs__rosidl_typesupport_c
[0.075s] [ 76%] Built target teb_msgs
[0.091s] [ 78%] Built target teb_msgs__py
[0.107s] [ 87%] Built target teb_msgs__rosidl_generator_py
[0.121s] [ 91%] Built target teb_msgs__rosidl_typesupport_fastrtps_c__pyext
[0.121s] [ 95%] Built target teb_msgs__rosidl_typesupport_introspection_c__pyext
[0.123s] [100%] Built target teb_msgs__rosidl_typesupport_c__pyext
[0.187s] running egg_info
[0.196s] writing teb_msgs.egg-info/PKG-INFO
[0.197s] writing dependency_links to teb_msgs.egg-info/dependency_links.txt
[0.197s] writing top-level names to teb_msgs.egg-info/top_level.txt
[0.226s] reading manifest file 'teb_msgs.egg-info/SOURCES.txt'
[0.226s] writing manifest file 'teb_msgs.egg-info/SOURCES.txt'
[0.251s] [100%] Built target ament_cmake_python_build_teb_msgs_egg
[0.259s] Invoked command in '/home/ake/nav/nav_neupan/build/teb_msgs' returned '0': CMAKE_PREFIX_PATH=/home/ake/nav/nav_neupan/install/costmap_converter_msgs:/home/ake/nav/nav_neupan/src/bot_nav/install/teb_local_planner:/home/ake/nav/nav_neupan/src/bot_nav/install/teb_msgs:/home/ake/nav/nav_neupan/src/bot_nav/install/robot_simulation:/home/ake/nav/nav_neupan/src/bot_nav/install/robot_description:/home/ake/nav/nav_neupan/src/bot_nav/install/costmap_converter:/home/ake/nav/nav_neupan/src/bot_nav/install/costmap_converter_msgs:/home/ake/nav/nav_neupan/install/teb_local_planner:/home/ake/nav/nav_neupan/install/teb_msgs:/home/ake/nav/nav_neupan/install/robot_simulation:/home/ake/nav/nav_neupan/install/robot_description:/home/ake/nav/nav_neupan/install/costmap_converter:/home/ake/nav/nav_neupan/src/bot_nav/install/robot_patrol:/home/ake/nav/nav_neupan/install/nav_launch:/home/ake/nav/nav_neupan/install/robot_patrol:/home/ake/nav/nav_neupan/install/neupan_ros2:/opt/ros/humble LD_LIBRARY_PATH=/home/ake/nav/nav_neupan/install/costmap_converter_msgs/lib:/home/ake/nav/nav_neupan/src/bot_nav/install/teb_local_planner/lib:/home/ake/nav/nav_neupan/src/bot_nav/install/teb_msgs/lib:/home/ake/nav/nav_neupan/src/bot_nav/install/costmap_converter/lib:/home/ake/nav/nav_neupan/src/bot_nav/install/costmap_converter_msgs/lib:/home/ake/nav/nav_neupan/install/teb_local_planner/lib:/home/ake/nav/nav_neupan/install/teb_msgs/lib:/home/ake/nav/nav_neupan/install/costmap_converter/lib:/usr/lib/x86_64-linux-gnu/gazebo-11/plugins:/opt/ros/humble/opt/rviz_ogre_vendor/lib:/opt/ros/humble/lib/x86_64-linux-gnu:/opt/ros/humble/lib /usr/bin/cmake --build /home/ake/nav/nav_neupan/build/teb_msgs -- -j20 -l20
[0.260s] Invoking command in '/home/ake/nav/nav_neupan/build/teb_msgs': CMAKE_PREFIX_PATH=/home/ake/nav/nav_neupan/install/costmap_converter_msgs:/home/ake/nav/nav_neupan/src/bot_nav/install/teb_local_planner:/home/ake/nav/nav_neupan/src/bot_nav/install/teb_msgs:/home/ake/nav/nav_neupan/src/bot_nav/install/robot_simulation:/home/ake/nav/nav_neupan/src/bot_nav/install/robot_description:/home/ake/nav/nav_neupan/src/bot_nav/install/costmap_converter:/home/ake/nav/nav_neupan/src/bot_nav/install/costmap_converter_msgs:/home/ake/nav/nav_neupan/install/teb_local_planner:/home/ake/nav/nav_neupan/install/teb_msgs:/home/ake/nav/nav_neupan/install/robot_simulation:/home/ake/nav/nav_neupan/install/robot_description:/home/ake/nav/nav_neupan/install/costmap_converter:/home/ake/nav/nav_neupan/src/bot_nav/install/robot_patrol:/home/ake/nav/nav_neupan/install/nav_launch:/home/ake/nav/nav_neupan/install/robot_patrol:/home/ake/nav/nav_neupan/install/neupan_ros2:/opt/ros/humble LD_LIBRARY_PATH=/home/ake/nav/nav_neupan/install/costmap_converter_msgs/lib:/home/ake/nav/nav_neupan/src/bot_nav/install/teb_local_planner/lib:/home/ake/nav/nav_neupan/src/bot_nav/install/teb_msgs/lib:/home/ake/nav/nav_neupan/src/bot_nav/install/costmap_converter/lib:/home/ake/nav/nav_neupan/src/bot_nav/install/costmap_converter_msgs/lib:/home/ake/nav/nav_neupan/install/teb_local_planner/lib:/home/ake/nav/nav_neupan/install/teb_msgs/lib:/home/ake/nav/nav_neupan/install/costmap_converter/lib:/usr/lib/x86_64-linux-gnu/gazebo-11/plugins:/opt/ros/humble/opt/rviz_ogre_vendor/lib:/opt/ros/humble/lib/x86_64-linux-gnu:/opt/ros/humble/lib /usr/bin/cmake --install /home/ake/nav/nav_neupan/build/teb_msgs
[0.265s] -- Install configuration: ""
[0.265s] -- Execute custom install script
[0.265s] -- Up-to-date symlink: /home/ake/nav/nav_neupan/install/teb_msgs/share/ament_index/resource_index/rosidl_interfaces/teb_msgs
[0.266s] -- Up-to-date symlink: /home/ake/nav/nav_neupan/install/teb_msgs/include/teb_msgs/teb_msgs/msg/detail/feedback_msg__functions.h
[0.266s] -- Up-to-date symlink: /home/ake/nav/nav_neupan/install/teb_msgs/include/teb_msgs/teb_msgs/msg/detail/feedback_msg__struct.h
[0.266s] -- Up-to-date symlink: /home/ake/nav/nav_neupan/install/teb_msgs/include/teb_msgs/teb_msgs/msg/detail/feedback_msg__type_support.h
[0.266s] -- Up-to-date symlink: /home/ake/nav/nav_neupan/install/teb_msgs/include/teb_msgs/teb_msgs/msg/detail/trajectory_msg__functions.h
[0.266s] -- Up-to-date symlink: /home/ake/nav/nav_neupan/install/teb_msgs/include/teb_msgs/teb_msgs/msg/detail/trajectory_msg__struct.h
[0.266s] -- Up-to-date symlink: /home/ake/nav/nav_neupan/install/teb_msgs/include/teb_msgs/teb_msgs/msg/detail/trajectory_msg__type_support.h
[0.266s] -- Up-to-date symlink: /home/ake/nav/nav_neupan/install/teb_msgs/include/teb_msgs/teb_msgs/msg/detail/trajectory_point_msg__functions.h
[0.266s] -- Up-to-date symlink: /home/ake/nav/nav_neupan/install/teb_msgs/include/teb_msgs/teb_msgs/msg/detail/trajectory_point_msg__struct.h
[0.266s] -- Up-to-date symlink: /home/ake/nav/nav_neupan/install/teb_msgs/include/teb_msgs/teb_msgs/msg/detail/trajectory_point_msg__type_support.h
[0.266s] -- Up-to-date symlink: /home/ake/nav/nav_neupan/install/teb_msgs/include/teb_msgs/teb_msgs/msg/feedback_msg.h
[0.266s] -- Up-to-date symlink: /home/ake/nav/nav_neupan/install/teb_msgs/include/teb_msgs/teb_msgs/msg/rosidl_generator_c__visibility_control.h
[0.266s] -- Up-to-date symlink: /home/ake/nav/nav_neupan/install/teb_msgs/include/teb_msgs/teb_msgs/msg/trajectory_msg.h
[0.266s] -- Up-to-date symlink: /home/ake/nav/nav_neupan/install/teb_msgs/include/teb_msgs/teb_msgs/msg/trajectory_point_msg.h
[0.266s] -- Up-to-date symlink: /home/ake/nav/nav_neupan/install/teb_msgs/share/teb_msgs/environment/library_path.sh
[0.266s] -- Up-to-date symlink: /home/ake/nav/nav_neupan/install/teb_msgs/share/teb_msgs/environment/library_path.dsv
[0.266s] -- Up-to-date symlink: /home/ake/nav/nav_neupan/install/teb_msgs/include/teb_msgs/teb_msgs/msg/detail/feedback_msg__rosidl_typesupport_fastrtps_c.h
[0.266s] -- Up-to-date symlink: /home/ake/nav/nav_neupan/install/teb_msgs/include/teb_msgs/teb_msgs/msg/detail/trajectory_msg__rosidl_typesupport_fastrtps_c.h
[0.266s] -- Up-to-date symlink: /home/ake/nav/nav_neupan/install/teb_msgs/include/teb_msgs/teb_msgs/msg/detail/trajectory_point_msg__rosidl_typesupport_fastrtps_c.h
[0.267s] -- Up-to-date symlink: /home/ake/nav/nav_neupan/install/teb_msgs/include/teb_msgs/teb_msgs/msg/rosidl_typesupport_fastrtps_c__visibility_control.h
[0.267s] -- Up-to-date symlink: /home/ake/nav/nav_neupan/install/teb_msgs/include/teb_msgs/teb_msgs/msg/detail/feedback_msg__builder.hpp
[0.267s] -- Up-to-date symlink: /home/ake/nav/nav_neupan/install/teb_msgs/include/teb_msgs/teb_msgs/msg/detail/feedback_msg__struct.hpp
[0.267s] -- Up-to-date symlink: /home/ake/nav/nav_neupan/install/teb_msgs/include/teb_msgs/teb_msgs/msg/detail/feedback_msg__traits.hpp
[0.267s] -- Up-to-date symlink: /home/ake/nav/nav_neupan/install/teb_msgs/include/teb_msgs/teb_msgs/msg/detail/feedback_msg__type_support.hpp
[0.267s] -- Up-to-date symlink: /home/ake/nav/nav_neupan/install/teb_msgs/include/teb_msgs/teb_msgs/msg/detail/trajectory_msg__builder.hpp
[0.267s] -- Up-to-date symlink: /home/ake/nav/nav_neupan/install/teb_msgs/include/teb_msgs/teb_msgs/msg/detail/trajectory_msg__struct.hpp
[0.267s] -- Up-to-date symlink: /home/ake/nav/nav_neupan/install/teb_msgs/include/teb_msgs/teb_msgs/msg/detail/trajectory_msg__traits.hpp
[0.267s] -- Up-to-date symlink: /home/ake/nav/nav_neupan/install/teb_msgs/include/teb_msgs/teb_msgs/msg/detail/trajectory_msg__type_support.hpp
[0.267s] -- Up-to-date symlink: /home/ake/nav/nav_neupan/install/teb_msgs/include/teb_msgs/teb_msgs/msg/detail/trajectory_point_msg__builder.hpp
[0.267s] -- Up-to-date symlink: /home/ake/nav/nav_neupan/install/teb_msgs/include/teb_msgs/teb_msgs/msg/detail/trajectory_point_msg__struct.hpp
[0.267s] -- Up-to-date symlink: /home/ake/nav/nav_neupan/install/teb_msgs/include/teb_msgs/teb_msgs/msg/detail/trajectory_point_msg__traits.hpp
[0.267s] -- Up-to-date symlink: /home/ake/nav/nav_neupan/install/teb_msgs/include/teb_msgs/teb_msgs/msg/detail/trajectory_point_msg__type_support.hpp
[0.267s] -- Up-to-date symlink: /home/ake/nav/nav_neupan/install/teb_msgs/include/teb_msgs/teb_msgs/msg/feedback_msg.hpp
[0.267s] -- Up-to-date symlink: /home/ake/nav/nav_neupan/install/teb_msgs/include/teb_msgs/teb_msgs/msg/rosidl_generator_cpp__visibility_control.hpp
[0.267s] -- Up-to-date symlink: /home/ake/nav/nav_neupan/install/teb_msgs/include/teb_msgs/teb_msgs/msg/trajectory_msg.hpp
[0.267s] -- Up-to-date symlink: /home/ake/nav/nav_neupan/install/teb_msgs/include/teb_msgs/teb_msgs/msg/trajectory_point_msg.hpp
[0.268s] -- Up-to-date symlink: /home/ake/nav/nav_neupan/install/teb_msgs/include/teb_msgs/teb_msgs/msg/detail/feedback_msg__rosidl_typesupport_fastrtps_cpp.hpp
[0.268s] -- Up-to-date symlink: /home/ake/nav/nav_neupan/install/teb_msgs/include/teb_msgs/teb_msgs/msg/detail/trajectory_msg__rosidl_typesupport_fastrtps_cpp.hpp
[0.268s] -- Up-to-date symlink: /home/ake/nav/nav_neupan/install/teb_msgs/include/teb_msgs/teb_msgs/msg/detail/trajectory_point_msg__rosidl_typesupport_fastrtps_cpp.hpp
[0.268s] -- Up-to-date symlink: /home/ake/nav/nav_neupan/install/teb_msgs/include/teb_msgs/teb_msgs/msg/rosidl_typesupport_fastrtps_cpp__visibility_control.h
[0.268s] -- Up-to-date symlink: /home/ake/nav/nav_neupan/install/teb_msgs/include/teb_msgs/teb_msgs/msg/detail/feedback_msg__rosidl_typesupport_introspection_c.h
[0.268s] -- Up-to-date symlink: /home/ake/nav/nav_neupan/install/teb_msgs/include/teb_msgs/teb_msgs/msg/detail/trajectory_msg__rosidl_typesupport_introspection_c.h
[0.268s] -- Up-to-date symlink: /home/ake/nav/nav_neupan/install/teb_msgs/include/teb_msgs/teb_msgs/msg/detail/trajectory_point_msg__rosidl_typesupport_introspection_c.h
[0.268s] -- Up-to-date symlink: /home/ake/nav/nav_neupan/install/teb_msgs/include/teb_msgs/teb_msgs/msg/rosidl_typesupport_introspection_c__visibility_control.h
[0.268s] -- Up-to-date symlink: /home/ake/nav/nav_neupan/install/teb_msgs/include/teb_msgs/teb_msgs/msg/detail/feedback_msg__rosidl_typesupport_introspection_cpp.hpp
[0.268s] -- Up-to-date symlink: /home/ake/nav/nav_neupan/install/teb_msgs/include/teb_msgs/teb_msgs/msg/detail/trajectory_msg__rosidl_typesupport_introspection_cpp.hpp
[0.268s] -- Up-to-date symlink: /home/ake/nav/nav_neupan/install/teb_msgs/include/teb_msgs/teb_msgs/msg/detail/trajectory_point_msg__rosidl_typesupport_introspection_cpp.hpp
[0.268s] -- Up-to-date symlink: /home/ake/nav/nav_neupan/install/teb_msgs/share/teb_msgs/environment/pythonpath.sh
[0.268s] -- Up-to-date symlink: /home/ake/nav/nav_neupan/install/teb_msgs/share/teb_msgs/environment/pythonpath.dsv
[0.268s] -- Up-to-date symlink: /home/ake/nav/nav_neupan/install/teb_msgs/local/lib/python3.10/dist-packages/teb_msgs-0.0.1-py3.10.egg-info/PKG-INFO
[0.269s] -- Up-to-date symlink: /home/ake/nav/nav_neupan/install/teb_msgs/local/lib/python3.10/dist-packages/teb_msgs-0.0.1-py3.10.egg-info/SOURCES.txt
[0.269s] -- Up-to-date symlink: /home/ake/nav/nav_neupan/install/teb_msgs/local/lib/python3.10/dist-packages/teb_msgs-0.0.1-py3.10.egg-info/dependency_links.txt
[0.269s] -- Up-to-date symlink: /home/ake/nav/nav_neupan/install/teb_msgs/local/lib/python3.10/dist-packages/teb_msgs-0.0.1-py3.10.egg-info/top_level.txt
[0.269s] -- Up-to-date symlink: /home/ake/nav/nav_neupan/install/teb_msgs/local/lib/python3.10/dist-packages/teb_msgs/__init__.py
[0.269s] -- Up-to-date symlink: /home/ake/nav/nav_neupan/install/teb_msgs/local/lib/python3.10/dist-packages/teb_msgs/_teb_msgs_s.ep.rosidl_typesupport_c.c
[0.269s] -- Up-to-date symlink: /home/ake/nav/nav_neupan/install/teb_msgs/local/lib/python3.10/dist-packages/teb_msgs/_teb_msgs_s.ep.rosidl_typesupport_fastrtps_c.c
[0.269s] -- Up-to-date symlink: /home/ake/nav/nav_neupan/install/teb_msgs/local/lib/python3.10/dist-packages/teb_msgs/_teb_msgs_s.ep.rosidl_typesupport_introspection_c.c
[0.269s] -- Up-to-date symlink: /home/ake/nav/nav_neupan/install/teb_msgs/local/lib/python3.10/dist-packages/teb_msgs/libteb_msgs__rosidl_generator_py.so
[0.269s] -- Up-to-date symlink: /home/ake/nav/nav_neupan/install/teb_msgs/local/lib/python3.10/dist-packages/teb_msgs/msg/__init__.py
[0.269s] -- Up-to-date symlink: /home/ake/nav/nav_neupan/install/teb_msgs/local/lib/python3.10/dist-packages/teb_msgs/msg/_feedback_msg.py
[0.269s] -- Up-to-date symlink: /home/ake/nav/nav_neupan/install/teb_msgs/local/lib/python3.10/dist-packages/teb_msgs/msg/_feedback_msg_s.c
[0.269s] -- Up-to-date symlink: /home/ake/nav/nav_neupan/install/teb_msgs/local/lib/python3.10/dist-packages/teb_msgs/msg/_trajectory_msg.py
[0.269s] -- Up-to-date symlink: /home/ake/nav/nav_neupan/install/teb_msgs/local/lib/python3.10/dist-packages/teb_msgs/msg/_trajectory_msg_s.c
[0.269s] -- Up-to-date symlink: /home/ake/nav/nav_neupan/install/teb_msgs/local/lib/python3.10/dist-packages/teb_msgs/msg/_trajectory_point_msg.py
[0.269s] -- Up-to-date symlink: /home/ake/nav/nav_neupan/install/teb_msgs/local/lib/python3.10/dist-packages/teb_msgs/msg/_trajectory_point_msg_s.c
[0.269s] -- Up-to-date symlink: /home/ake/nav/nav_neupan/install/teb_msgs/local/lib/python3.10/dist-packages/teb_msgs/teb_msgs_s__rosidl_typesupport_c.cpython-310-x86_64-linux-gnu.so
[0.269s] -- Up-to-date symlink: /home/ake/nav/nav_neupan/install/teb_msgs/local/lib/python3.10/dist-packages/teb_msgs/teb_msgs_s__rosidl_typesupport_fastrtps_c.cpython-310-x86_64-linux-gnu.so
[0.269s] -- Up-to-date symlink: /home/ake/nav/nav_neupan/install/teb_msgs/local/lib/python3.10/dist-packages/teb_msgs/teb_msgs_s__rosidl_typesupport_introspection_c.cpython-310-x86_64-linux-gnu.so
[0.270s] -- Up-to-date symlink: /home/ake/nav/nav_neupan/install/teb_msgs/local/lib/python3.10/dist-packages/teb_msgs/teb_msgs_s__rosidl_typesupport_fastrtps_c.cpython-310-x86_64-linux-gnu.so
[0.270s] -- Up-to-date symlink: /home/ake/nav/nav_neupan/install/teb_msgs/local/lib/python3.10/dist-packages/teb_msgs/teb_msgs_s__rosidl_typesupport_introspection_c.cpython-310-x86_64-linux-gnu.so
[0.270s] -- Up-to-date symlink: /home/ake/nav/nav_neupan/install/teb_msgs/local/lib/python3.10/dist-packages/teb_msgs/teb_msgs_s__rosidl_typesupport_c.cpython-310-x86_64-linux-gnu.so
[0.270s] -- Up-to-date symlink: /home/ake/nav/nav_neupan/install/teb_msgs/share/teb_msgs/msg/FeedbackMsg.idl
[0.270s] -- Up-to-date symlink: /home/ake/nav/nav_neupan/install/teb_msgs/share/teb_msgs/msg/TrajectoryMsg.idl
[0.270s] -- Up-to-date symlink: /home/ake/nav/nav_neupan/install/teb_msgs/share/teb_msgs/msg/TrajectoryPointMsg.idl
[0.270s] -- Up-to-date symlink: /home/ake/nav/nav_neupan/install/teb_msgs/share/teb_msgs/msg/FeedbackMsg.msg
[0.270s] -- Up-to-date symlink: /home/ake/nav/nav_neupan/install/teb_msgs/share/teb_msgs/msg/TrajectoryMsg.msg
[0.270s] -- Up-to-date symlink: /home/ake/nav/nav_neupan/install/teb_msgs/share/teb_msgs/msg/TrajectoryPointMsg.msg
[0.270s] -- Up-to-date symlink: /home/ake/nav/nav_neupan/install/teb_msgs/share/ament_index/resource_index/package_run_dependencies/teb_msgs
[0.270s] -- Up-to-date symlink: /home/ake/nav/nav_neupan/install/teb_msgs/share/ament_index/resource_index/parent_prefix_path/teb_msgs
[0.270s] -- Up-to-date symlink: /home/ake/nav/nav_neupan/install/teb_msgs/share/teb_msgs/environment/ament_prefix_path.sh
[0.270s] -- Up-to-date symlink: /home/ake/nav/nav_neupan/install/teb_msgs/share/teb_msgs/environment/ament_prefix_path.dsv
[0.270s] -- Up-to-date symlink: /home/ake/nav/nav_neupan/install/teb_msgs/share/teb_msgs/environment/path.sh
[0.271s] -- Up-to-date symlink: /home/ake/nav/nav_neupan/install/teb_msgs/share/teb_msgs/environment/path.dsv
[0.271s] -- Up-to-date symlink: /home/ake/nav/nav_neupan/install/teb_msgs/share/teb_msgs/local_setup.bash
[0.271s] -- Up-to-date symlink: /home/ake/nav/nav_neupan/install/teb_msgs/share/teb_msgs/local_setup.sh
[0.271s] -- Up-to-date symlink: /home/ake/nav/nav_neupan/install/teb_msgs/share/teb_msgs/local_setup.zsh
[0.271s] -- Up-to-date symlink: /home/ake/nav/nav_neupan/install/teb_msgs/share/teb_msgs/local_setup.dsv
[0.271s] -- Symlinking: /home/ake/nav/nav_neupan/install/teb_msgs/share/teb_msgs/package.dsv
[0.277s] -- Up-to-date symlink: /home/ake/nav/nav_neupan/install/teb_msgs/share/ament_index/resource_index/packages/teb_msgs
[0.277s] -- Up-to-date symlink: /home/ake/nav/nav_neupan/install/teb_msgs/share/teb_msgs/cmake/rosidl_cmake-extras.cmake
[0.277s] -- Up-to-date symlink: /home/ake/nav/nav_neupan/install/teb_msgs/share/teb_msgs/cmake/ament_cmake_export_dependencies-extras.cmake
[0.277s] -- Up-to-date symlink: /home/ake/nav/nav_neupan/install/teb_msgs/share/teb_msgs/cmake/ament_cmake_export_include_directories-extras.cmake
[0.277s] -- Up-to-date symlink: /home/ake/nav/nav_neupan/install/teb_msgs/share/teb_msgs/cmake/ament_cmake_export_libraries-extras.cmake
[0.277s] -- Up-to-date symlink: /home/ake/nav/nav_neupan/install/teb_msgs/share/teb_msgs/cmake/ament_cmake_export_targets-extras.cmake
[0.277s] -- Up-to-date symlink: /home/ake/nav/nav_neupan/install/teb_msgs/share/teb_msgs/cmake/rosidl_cmake_export_typesupport_targets-extras.cmake
[0.277s] -- Up-to-date symlink: /home/ake/nav/nav_neupan/install/teb_msgs/share/teb_msgs/cmake/rosidl_cmake_export_typesupport_libraries-extras.cmake
[0.277s] -- Up-to-date symlink: /home/ake/nav/nav_neupan/install/teb_msgs/share/teb_msgs/cmake/teb_msgsConfig.cmake
[0.277s] -- Up-to-date symlink: /home/ake/nav/nav_neupan/install/teb_msgs/share/teb_msgs/cmake/teb_msgsConfig-version.cmake
[0.277s] -- Up-to-date symlink: /home/ake/nav/nav_neupan/install/teb_msgs/share/teb_msgs/package.xml
[0.278s] -- Up-to-date: /home/ake/nav/nav_neupan/install/teb_msgs/lib/libteb_msgs__rosidl_generator_c.so
[0.278s] -- Up-to-date: /home/ake/nav/nav_neupan/install/teb_msgs/lib/libteb_msgs__rosidl_typesupport_fastrtps_c.so
[0.278s] -- Up-to-date: /home/ake/nav/nav_neupan/install/teb_msgs/lib/libteb_msgs__rosidl_typesupport_fastrtps_cpp.so
[0.278s] -- Up-to-date: /home/ake/nav/nav_neupan/install/teb_msgs/lib/libteb_msgs__rosidl_typesupport_introspection_c.so
[0.278s] -- Up-to-date: /home/ake/nav/nav_neupan/install/teb_msgs/lib/libteb_msgs__rosidl_typesupport_c.so
[0.278s] -- Up-to-date: /home/ake/nav/nav_neupan/install/teb_msgs/lib/libteb_msgs__rosidl_typesupport_introspection_cpp.so
[0.278s] -- Up-to-date: /home/ake/nav/nav_neupan/install/teb_msgs/lib/libteb_msgs__rosidl_typesupport_cpp.so
[0.300s] Listing '/home/ake/nav/nav_neupan/install/teb_msgs/local/lib/python3.10/dist-packages/teb_msgs'...
[0.300s] Listing '/home/ake/nav/nav_neupan/install/teb_msgs/local/lib/python3.10/dist-packages/teb_msgs/msg'...
[0.303s] -- Up-to-date: /home/ake/nav/nav_neupan/install/teb_msgs/lib/libteb_msgs__rosidl_generator_py.so
[0.303s] -- Up-to-date: /home/ake/nav/nav_neupan/install/teb_msgs/share/teb_msgs/cmake/export_teb_msgs__rosidl_generator_cExport.cmake
[0.303s] -- Up-to-date: /home/ake/nav/nav_neupan/install/teb_msgs/share/teb_msgs/cmake/export_teb_msgs__rosidl_generator_cExport-noconfig.cmake
[0.303s] -- Up-to-date: /home/ake/nav/nav_neupan/install/teb_msgs/share/teb_msgs/cmake/export_teb_msgs__rosidl_typesupport_fastrtps_cExport.cmake
[0.304s] -- Up-to-date: /home/ake/nav/nav_neupan/install/teb_msgs/share/teb_msgs/cmake/export_teb_msgs__rosidl_typesupport_fastrtps_cExport-noconfig.cmake
[0.304s] -- Up-to-date: /home/ake/nav/nav_neupan/install/teb_msgs/share/teb_msgs/cmake/export_teb_msgs__rosidl_generator_cppExport.cmake
[0.304s] -- Up-to-date: /home/ake/nav/nav_neupan/install/teb_msgs/share/teb_msgs/cmake/export_teb_msgs__rosidl_typesupport_fastrtps_cppExport.cmake
[0.304s] -- Up-to-date: /home/ake/nav/nav_neupan/install/teb_msgs/share/teb_msgs/cmake/export_teb_msgs__rosidl_typesupport_fastrtps_cppExport-noconfig.cmake
[0.304s] -- Up-to-date: /home/ake/nav/nav_neupan/install/teb_msgs/share/teb_msgs/cmake/teb_msgs__rosidl_typesupport_introspection_cExport.cmake
[0.304s] -- Up-to-date: /home/ake/nav/nav_neupan/install/teb_msgs/share/teb_msgs/cmake/teb_msgs__rosidl_typesupport_introspection_cExport-noconfig.cmake
[0.304s] -- Up-to-date: /home/ake/nav/nav_neupan/install/teb_msgs/share/teb_msgs/cmake/teb_msgs__rosidl_typesupport_cExport.cmake
[0.304s] -- Up-to-date: /home/ake/nav/nav_neupan/install/teb_msgs/share/teb_msgs/cmake/teb_msgs__rosidl_typesupport_cExport-noconfig.cmake
[0.304s] -- Up-to-date: /home/ake/nav/nav_neupan/install/teb_msgs/share/teb_msgs/cmake/teb_msgs__rosidl_typesupport_introspection_cppExport.cmake
[0.304s] -- Up-to-date: /home/ake/nav/nav_neupan/install/teb_msgs/share/teb_msgs/cmake/teb_msgs__rosidl_typesupport_introspection_cppExport-noconfig.cmake
[0.304s] -- Up-to-date: /home/ake/nav/nav_neupan/install/teb_msgs/share/teb_msgs/cmake/teb_msgs__rosidl_typesupport_cppExport.cmake
[0.304s] -- Up-to-date: /home/ake/nav/nav_neupan/install/teb_msgs/share/teb_msgs/cmake/teb_msgs__rosidl_typesupport_cppExport-noconfig.cmake
[0.304s] -- Up-to-date: /home/ake/nav/nav_neupan/install/teb_msgs/share/teb_msgs/cmake/export_teb_msgs__rosidl_generator_pyExport.cmake
[0.304s] -- Up-to-date: /home/ake/nav/nav_neupan/install/teb_msgs/share/teb_msgs/cmake/export_teb_msgs__rosidl_generator_pyExport-noconfig.cmake
[0.306s] Invoked command in '/home/ake/nav/nav_neupan/build/teb_msgs' returned '0': CMAKE_PREFIX_PATH=/home/ake/nav/nav_neupan/install/costmap_converter_msgs:/home/ake/nav/nav_neupan/src/bot_nav/install/teb_local_planner:/home/ake/nav/nav_neupan/src/bot_nav/install/teb_msgs:/home/ake/nav/nav_neupan/src/bot_nav/install/robot_simulation:/home/ake/nav/nav_neupan/src/bot_nav/install/robot_description:/home/ake/nav/nav_neupan/src/bot_nav/install/costmap_converter:/home/ake/nav/nav_neupan/src/bot_nav/install/costmap_converter_msgs:/home/ake/nav/nav_neupan/install/teb_local_planner:/home/ake/nav/nav_neupan/install/teb_msgs:/home/ake/nav/nav_neupan/install/robot_simulation:/home/ake/nav/nav_neupan/install/robot_description:/home/ake/nav/nav_neupan/install/costmap_converter:/home/ake/nav/nav_neupan/src/bot_nav/install/robot_patrol:/home/ake/nav/nav_neupan/install/nav_launch:/home/ake/nav/nav_neupan/install/robot_patrol:/home/ake/nav/nav_neupan/install/neupan_ros2:/opt/ros/humble LD_LIBRARY_PATH=/home/ake/nav/nav_neupan/install/costmap_converter_msgs/lib:/home/ake/nav/nav_neupan/src/bot_nav/install/teb_local_planner/lib:/home/ake/nav/nav_neupan/src/bot_nav/install/teb_msgs/lib:/home/ake/nav/nav_neupan/src/bot_nav/install/costmap_converter/lib:/home/ake/nav/nav_neupan/src/bot_nav/install/costmap_converter_msgs/lib:/home/ake/nav/nav_neupan/install/teb_local_planner/lib:/home/ake/nav/nav_neupan/install/teb_msgs/lib:/home/ake/nav/nav_neupan/install/costmap_converter/lib:/usr/lib/x86_64-linux-gnu/gazebo-11/plugins:/opt/ros/humble/opt/rviz_ogre_vendor/lib:/opt/ros/humble/lib/x86_64-linux-gnu:/opt/ros/humble/lib /usr/bin/cmake --install /home/ake/nav/nav_neupan/build/teb_msgs
