[0.007s] Invoking command in '/home/ake/nav/nav_neupan/build/robot_simulation': AMENT_PREFIX_PATH=/home/ake/nav/nav_neupan/install/robot_description:${AMENT_PREFIX_PATH} CMAKE_PREFIX_PATH=/home/ake/nav/nav_neupan/install/robot_description:/opt/ros/humble /usr/bin/cmake --build /home/ake/nav/nav_neupan/build/robot_simulation -- -j20 -l20
[0.032s] Invoked command in '/home/ake/nav/nav_neupan/build/robot_simulation' returned '0': AMENT_PREFIX_PATH=/home/ake/nav/nav_neupan/install/robot_description:${AMENT_PREFIX_PATH} CMAKE_PREFIX_PATH=/home/ake/nav/nav_neupan/install/robot_description:/opt/ros/humble /usr/bin/cmake --build /home/ake/nav/nav_neupan/build/robot_simulation -- -j20 -l20
[0.034s] Invoking command in '/home/ake/nav/nav_neupan/build/robot_simulation': AMENT_PREFIX_PATH=/home/ake/nav/nav_neupan/install/robot_description:${AMENT_PREFIX_PATH} CMAKE_PREFIX_PATH=/home/ake/nav/nav_neupan/install/robot_description:/opt/ros/humble /usr/bin/cmake --install /home/ake/nav/nav_neupan/build/robot_simulation
[0.038s] -- Install configuration: ""
[0.038s] -- Execute custom install script
[0.039s] -- Up-to-date symlink: /home/ake/nav/nav_neupan/install/robot_simulation/share/robot_simulation/launch/autonomous_navigation.launch.py
[0.039s] -- Up-to-date symlink: /home/ake/nav/nav_neupan/install/robot_simulation/share/robot_simulation/launch/house_sim.launch.py
[0.039s] -- Up-to-date symlink: /home/ake/nav/nav_neupan/install/robot_simulation/share/robot_simulation/launch/house_slam.launch.py
[0.039s] -- Up-to-date symlink: /home/ake/nav/nav_neupan/install/robot_simulation/share/robot_simulation/config/ekf.yaml
[0.039s] -- Up-to-date symlink: /home/ake/nav/nav_neupan/install/robot_simulation/share/robot_simulation/config/nav2_config.rviz
[0.039s] -- Up-to-date symlink: /home/ake/nav/nav_neupan/install/robot_simulation/share/robot_simulation/worlds/house.world
[0.039s] -- Up-to-date symlink: /home/ake/nav/nav_neupan/install/robot_simulation/share/robot_simulation/maps/house_map.pgm
[0.039s] -- Up-to-date symlink: /home/ake/nav/nav_neupan/install/robot_simulation/share/robot_simulation/maps/house_map.yaml
[0.039s] -- Up-to-date symlink: /home/ake/nav/nav_neupan/install/robot_simulation/share/robot_simulation/params/nav2_params.yaml
[0.039s] -- Up-to-date symlink: /home/ake/nav/nav_neupan/install/robot_simulation/share/robot_simulation/params/nav2_params1.yaml
[0.039s] -- Up-to-date symlink: /home/ake/nav/nav_neupan/install/robot_simulation/share/ament_index/resource_index/package_run_dependencies/robot_simulation
[0.039s] -- Up-to-date symlink: /home/ake/nav/nav_neupan/install/robot_simulation/share/ament_index/resource_index/parent_prefix_path/robot_simulation
[0.039s] -- Up-to-date symlink: /home/ake/nav/nav_neupan/install/robot_simulation/share/robot_simulation/environment/ament_prefix_path.sh
[0.040s] -- Up-to-date symlink: /home/ake/nav/nav_neupan/install/robot_simulation/share/robot_simulation/environment/ament_prefix_path.dsv
[0.040s] -- Up-to-date symlink: /home/ake/nav/nav_neupan/install/robot_simulation/share/robot_simulation/environment/path.sh
[0.040s] -- Up-to-date symlink: /home/ake/nav/nav_neupan/install/robot_simulation/share/robot_simulation/environment/path.dsv
[0.040s] -- Up-to-date symlink: /home/ake/nav/nav_neupan/install/robot_simulation/share/robot_simulation/local_setup.bash
[0.040s] -- Up-to-date symlink: /home/ake/nav/nav_neupan/install/robot_simulation/share/robot_simulation/local_setup.sh
[0.040s] -- Up-to-date symlink: /home/ake/nav/nav_neupan/install/robot_simulation/share/robot_simulation/local_setup.zsh
[0.040s] -- Up-to-date symlink: /home/ake/nav/nav_neupan/install/robot_simulation/share/robot_simulation/local_setup.dsv
[0.040s] -- Symlinking: /home/ake/nav/nav_neupan/install/robot_simulation/share/robot_simulation/package.dsv
[0.045s] -- Up-to-date symlink: /home/ake/nav/nav_neupan/install/robot_simulation/share/ament_index/resource_index/packages/robot_simulation
[0.045s] -- Up-to-date symlink: /home/ake/nav/nav_neupan/install/robot_simulation/share/robot_simulation/cmake/robot_simulationConfig.cmake
[0.045s] -- Up-to-date symlink: /home/ake/nav/nav_neupan/install/robot_simulation/share/robot_simulation/cmake/robot_simulationConfig-version.cmake
[0.045s] -- Up-to-date symlink: /home/ake/nav/nav_neupan/install/robot_simulation/share/robot_simulation/package.xml
[0.046s] Invoked command in '/home/ake/nav/nav_neupan/build/robot_simulation' returned '0': AMENT_PREFIX_PATH=/home/ake/nav/nav_neupan/install/robot_description:${AMENT_PREFIX_PATH} CMAKE_PREFIX_PATH=/home/ake/nav/nav_neupan/install/robot_description:/opt/ros/humble /usr/bin/cmake --install /home/ake/nav/nav_neupan/build/robot_simulation
