[0.006s] Invoking command in '/home/ake/nav/nav_neupan/build/robot_simulation': AMENT_PREFIX_PATH=/home/ake/nav/nav_neupan/install/robot_description:${AMENT_PREFIX_PATH} CMAKE_PREFIX_PATH=/home/ake/nav/nav_neupan/install/robot_description:/opt/ros/humble /usr/bin/cmake /home/ake/nav/nav_neupan/src/bot_nav/src/robot_simulation -DAMENT_CMAKE_SYMLINK_INSTALL=1 -DCMAKE_INSTALL_PREFIX=/home/ake/nav/nav_neupan/install/robot_simulation
[0.045s] -- The C compiler identification is GNU 11.4.0
[0.089s] -- The CXX compiler identification is GNU 11.4.0
[0.095s] -- Detecting C compiler ABI info
[0.147s] -- Detecting C compiler ABI info - done
[0.152s] -- Check for working C compiler: /usr/bin/cc - skipped
[0.152s] -- Detecting C compile features
[0.152s] -- Detecting C compile features - done
[0.154s] -- Detecting CXX compiler ABI info
[0.213s] -- Detecting CXX compiler ABI info - done
[0.217s] -- Check for working CXX compiler: /usr/bin/c++ - skipped
[0.217s] -- Detecting CXX compile features
[0.217s] -- Detecting CXX compile features - done
[0.219s] -- Found ament_cmake: 1.3.12 (/opt/ros/humble/share/ament_cmake/cmake)
[0.468s] -- Found Python3: /usr/bin/python3 (found version "3.10.12") found components: Interpreter 
[0.504s] -- Override CMake install command with custom implementation using symlinks instead of copying resources
[0.560s] -- Configuring done
[0.561s] -- Generating done
[0.562s] -- Build files have been written to: /home/ake/nav/nav_neupan/build/robot_simulation
[0.564s] Invoked command in '/home/ake/nav/nav_neupan/build/robot_simulation' returned '0': AMENT_PREFIX_PATH=/home/ake/nav/nav_neupan/install/robot_description:${AMENT_PREFIX_PATH} CMAKE_PREFIX_PATH=/home/ake/nav/nav_neupan/install/robot_description:/opt/ros/humble /usr/bin/cmake /home/ake/nav/nav_neupan/src/bot_nav/src/robot_simulation -DAMENT_CMAKE_SYMLINK_INSTALL=1 -DCMAKE_INSTALL_PREFIX=/home/ake/nav/nav_neupan/install/robot_simulation
[0.565s] Invoking command in '/home/ake/nav/nav_neupan/build/robot_simulation': AMENT_PREFIX_PATH=/home/ake/nav/nav_neupan/install/robot_description:${AMENT_PREFIX_PATH} CMAKE_PREFIX_PATH=/home/ake/nav/nav_neupan/install/robot_description:/opt/ros/humble /usr/bin/cmake --build /home/ake/nav/nav_neupan/build/robot_simulation -- -j20 -l20
[0.592s] Invoked command in '/home/ake/nav/nav_neupan/build/robot_simulation' returned '0': AMENT_PREFIX_PATH=/home/ake/nav/nav_neupan/install/robot_description:${AMENT_PREFIX_PATH} CMAKE_PREFIX_PATH=/home/ake/nav/nav_neupan/install/robot_description:/opt/ros/humble /usr/bin/cmake --build /home/ake/nav/nav_neupan/build/robot_simulation -- -j20 -l20
[0.593s] Invoking command in '/home/ake/nav/nav_neupan/build/robot_simulation': AMENT_PREFIX_PATH=/home/ake/nav/nav_neupan/install/robot_description:${AMENT_PREFIX_PATH} CMAKE_PREFIX_PATH=/home/ake/nav/nav_neupan/install/robot_description:/opt/ros/humble /usr/bin/cmake --install /home/ake/nav/nav_neupan/build/robot_simulation
[0.597s] -- Install configuration: ""
[0.597s] -- Execute custom install script
[0.597s] -- Symlinking: /home/ake/nav/nav_neupan/install/robot_simulation/share/robot_simulation/launch/autonomous_navigation.launch.py
[0.603s] -- Symlinking: /home/ake/nav/nav_neupan/install/robot_simulation/share/robot_simulation/launch/house_sim.launch.py
[0.608s] -- Symlinking: /home/ake/nav/nav_neupan/install/robot_simulation/share/robot_simulation/launch/house_slam.launch.py
[0.614s] -- Symlinking: /home/ake/nav/nav_neupan/install/robot_simulation/share/robot_simulation/config/ekf.yaml
[0.619s] -- Symlinking: /home/ake/nav/nav_neupan/install/robot_simulation/share/robot_simulation/config/nav2_config.rviz
[0.624s] -- Symlinking: /home/ake/nav/nav_neupan/install/robot_simulation/share/robot_simulation/worlds/house.world
[0.628s] -- Symlinking: /home/ake/nav/nav_neupan/install/robot_simulation/share/robot_simulation/maps/house_map.pgm
[0.635s] -- Symlinking: /home/ake/nav/nav_neupan/install/robot_simulation/share/robot_simulation/maps/house_map.yaml
[0.639s] -- Symlinking: /home/ake/nav/nav_neupan/install/robot_simulation/share/robot_simulation/params/nav2_params.yaml
[0.643s] -- Symlinking: /home/ake/nav/nav_neupan/install/robot_simulation/share/robot_simulation/params/nav2_params1.yaml
[0.648s] -- Symlinking: /home/ake/nav/nav_neupan/install/robot_simulation/share/ament_index/resource_index/package_run_dependencies/robot_simulation
[0.653s] -- Symlinking: /home/ake/nav/nav_neupan/install/robot_simulation/share/ament_index/resource_index/parent_prefix_path/robot_simulation
[0.657s] -- Symlinking: /home/ake/nav/nav_neupan/install/robot_simulation/share/robot_simulation/environment/ament_prefix_path.sh
[0.662s] -- Symlinking: /home/ake/nav/nav_neupan/install/robot_simulation/share/robot_simulation/environment/ament_prefix_path.dsv
[0.667s] -- Symlinking: /home/ake/nav/nav_neupan/install/robot_simulation/share/robot_simulation/environment/path.sh
[0.672s] -- Symlinking: /home/ake/nav/nav_neupan/install/robot_simulation/share/robot_simulation/environment/path.dsv
[0.681s] -- Symlinking: /home/ake/nav/nav_neupan/install/robot_simulation/share/robot_simulation/local_setup.bash
[0.687s] -- Symlinking: /home/ake/nav/nav_neupan/install/robot_simulation/share/robot_simulation/local_setup.sh
[0.698s] -- Symlinking: /home/ake/nav/nav_neupan/install/robot_simulation/share/robot_simulation/local_setup.zsh
[0.706s] -- Symlinking: /home/ake/nav/nav_neupan/install/robot_simulation/share/robot_simulation/local_setup.dsv
[0.716s] -- Symlinking: /home/ake/nav/nav_neupan/install/robot_simulation/share/robot_simulation/package.dsv
[0.723s] -- Symlinking: /home/ake/nav/nav_neupan/install/robot_simulation/share/ament_index/resource_index/packages/robot_simulation
[0.729s] -- Symlinking: /home/ake/nav/nav_neupan/install/robot_simulation/share/robot_simulation/cmake/robot_simulationConfig.cmake
[0.736s] -- Symlinking: /home/ake/nav/nav_neupan/install/robot_simulation/share/robot_simulation/cmake/robot_simulationConfig-version.cmake
[0.744s] -- Symlinking: /home/ake/nav/nav_neupan/install/robot_simulation/share/robot_simulation/package.xml
[0.750s] Invoked command in '/home/ake/nav/nav_neupan/build/robot_simulation' returned '0': AMENT_PREFIX_PATH=/home/ake/nav/nav_neupan/install/robot_description:${AMENT_PREFIX_PATH} CMAKE_PREFIX_PATH=/home/ake/nav/nav_neupan/install/robot_description:/opt/ros/humble /usr/bin/cmake --install /home/ake/nav/nav_neupan/build/robot_simulation
