[0.006s] Invoking command in '/home/ake/nav/nav_neupan/build/robot_simulation': CMAKE_PREFIX_PATH=/home/ake/nav/nav_neupan/install/robot_description:/home/ake/nav/nav_neupan/src/bot_nav/install/teb_local_planner:/home/ake/nav/nav_neupan/src/bot_nav/install/teb_msgs:/home/ake/nav/nav_neupan/src/bot_nav/install/robot_simulation:/home/ake/nav/nav_neupan/src/bot_nav/install/robot_description:/home/ake/nav/nav_neupan/src/bot_nav/install/costmap_converter:/home/ake/nav/nav_neupan/src/bot_nav/install/costmap_converter_msgs:/home/ake/nav/nav_neupan/install/teb_local_planner:/home/ake/nav/nav_neupan/install/teb_msgs:/home/ake/nav/nav_neupan/install/robot_simulation:/home/ake/nav/nav_neupan/install/costmap_converter:/home/ake/nav/nav_neupan/install/costmap_converter_msgs:/home/ake/nav/nav_neupan/src/bot_nav/install/robot_patrol:/home/ake/nav/nav_neupan/install/nav_launch:/home/ake/nav/nav_neupan/install/robot_patrol:/home/ake/nav/nav_neupan/install/neupan_ros2:/opt/ros/humble /usr/bin/cmake --build /home/ake/nav/nav_neupan/build/robot_simulation -- -j20 -l20
[0.038s] Invoked command in '/home/ake/nav/nav_neupan/build/robot_simulation' returned '0': CMAKE_PREFIX_PATH=/home/ake/nav/nav_neupan/install/robot_description:/home/ake/nav/nav_neupan/src/bot_nav/install/teb_local_planner:/home/ake/nav/nav_neupan/src/bot_nav/install/teb_msgs:/home/ake/nav/nav_neupan/src/bot_nav/install/robot_simulation:/home/ake/nav/nav_neupan/src/bot_nav/install/robot_description:/home/ake/nav/nav_neupan/src/bot_nav/install/costmap_converter:/home/ake/nav/nav_neupan/src/bot_nav/install/costmap_converter_msgs:/home/ake/nav/nav_neupan/install/teb_local_planner:/home/ake/nav/nav_neupan/install/teb_msgs:/home/ake/nav/nav_neupan/install/robot_simulation:/home/ake/nav/nav_neupan/install/costmap_converter:/home/ake/nav/nav_neupan/install/costmap_converter_msgs:/home/ake/nav/nav_neupan/src/bot_nav/install/robot_patrol:/home/ake/nav/nav_neupan/install/nav_launch:/home/ake/nav/nav_neupan/install/robot_patrol:/home/ake/nav/nav_neupan/install/neupan_ros2:/opt/ros/humble /usr/bin/cmake --build /home/ake/nav/nav_neupan/build/robot_simulation -- -j20 -l20
[0.039s] Invoking command in '/home/ake/nav/nav_neupan/build/robot_simulation': CMAKE_PREFIX_PATH=/home/ake/nav/nav_neupan/install/robot_description:/home/ake/nav/nav_neupan/src/bot_nav/install/teb_local_planner:/home/ake/nav/nav_neupan/src/bot_nav/install/teb_msgs:/home/ake/nav/nav_neupan/src/bot_nav/install/robot_simulation:/home/ake/nav/nav_neupan/src/bot_nav/install/robot_description:/home/ake/nav/nav_neupan/src/bot_nav/install/costmap_converter:/home/ake/nav/nav_neupan/src/bot_nav/install/costmap_converter_msgs:/home/ake/nav/nav_neupan/install/teb_local_planner:/home/ake/nav/nav_neupan/install/teb_msgs:/home/ake/nav/nav_neupan/install/robot_simulation:/home/ake/nav/nav_neupan/install/costmap_converter:/home/ake/nav/nav_neupan/install/costmap_converter_msgs:/home/ake/nav/nav_neupan/src/bot_nav/install/robot_patrol:/home/ake/nav/nav_neupan/install/nav_launch:/home/ake/nav/nav_neupan/install/robot_patrol:/home/ake/nav/nav_neupan/install/neupan_ros2:/opt/ros/humble /usr/bin/cmake --install /home/ake/nav/nav_neupan/build/robot_simulation
[0.044s] -- Install configuration: ""
[0.044s] -- Execute custom install script
[0.044s] -- Up-to-date symlink: /home/ake/nav/nav_neupan/install/robot_simulation/share/robot_simulation/launch/autonomous_navigation.launch.py
[0.044s] -- Up-to-date symlink: /home/ake/nav/nav_neupan/install/robot_simulation/share/robot_simulation/launch/house_sim.launch.py
[0.045s] -- Up-to-date symlink: /home/ake/nav/nav_neupan/install/robot_simulation/share/robot_simulation/launch/house_slam.launch.py
[0.045s] -- Up-to-date symlink: /home/ake/nav/nav_neupan/install/robot_simulation/share/robot_simulation/config/ekf.yaml
[0.045s] -- Up-to-date symlink: /home/ake/nav/nav_neupan/install/robot_simulation/share/robot_simulation/config/nav2_config.rviz
[0.045s] -- Up-to-date symlink: /home/ake/nav/nav_neupan/install/robot_simulation/share/robot_simulation/worlds/house.world
[0.045s] -- Up-to-date symlink: /home/ake/nav/nav_neupan/install/robot_simulation/share/robot_simulation/maps/house_map.pgm
[0.045s] -- Up-to-date symlink: /home/ake/nav/nav_neupan/install/robot_simulation/share/robot_simulation/maps/house_map.yaml
[0.045s] -- Up-to-date symlink: /home/ake/nav/nav_neupan/install/robot_simulation/share/robot_simulation/params/nav2_params.yaml
[0.045s] -- Up-to-date symlink: /home/ake/nav/nav_neupan/install/robot_simulation/share/robot_simulation/params/nav2_params1.yaml
[0.045s] -- Up-to-date symlink: /home/ake/nav/nav_neupan/install/robot_simulation/share/ament_index/resource_index/package_run_dependencies/robot_simulation
[0.045s] -- Up-to-date symlink: /home/ake/nav/nav_neupan/install/robot_simulation/share/ament_index/resource_index/parent_prefix_path/robot_simulation
[0.045s] -- Up-to-date symlink: /home/ake/nav/nav_neupan/install/robot_simulation/share/robot_simulation/environment/ament_prefix_path.sh
[0.045s] -- Up-to-date symlink: /home/ake/nav/nav_neupan/install/robot_simulation/share/robot_simulation/environment/ament_prefix_path.dsv
[0.045s] -- Up-to-date symlink: /home/ake/nav/nav_neupan/install/robot_simulation/share/robot_simulation/environment/path.sh
[0.045s] -- Up-to-date symlink: /home/ake/nav/nav_neupan/install/robot_simulation/share/robot_simulation/environment/path.dsv
[0.045s] -- Up-to-date symlink: /home/ake/nav/nav_neupan/install/robot_simulation/share/robot_simulation/local_setup.bash
[0.045s] -- Up-to-date symlink: /home/ake/nav/nav_neupan/install/robot_simulation/share/robot_simulation/local_setup.sh
[0.045s] -- Up-to-date symlink: /home/ake/nav/nav_neupan/install/robot_simulation/share/robot_simulation/local_setup.zsh
[0.046s] -- Up-to-date symlink: /home/ake/nav/nav_neupan/install/robot_simulation/share/robot_simulation/local_setup.dsv
[0.046s] -- Symlinking: /home/ake/nav/nav_neupan/install/robot_simulation/share/robot_simulation/package.dsv
[0.052s] -- Up-to-date symlink: /home/ake/nav/nav_neupan/install/robot_simulation/share/ament_index/resource_index/packages/robot_simulation
[0.052s] -- Up-to-date symlink: /home/ake/nav/nav_neupan/install/robot_simulation/share/robot_simulation/cmake/robot_simulationConfig.cmake
[0.052s] -- Up-to-date symlink: /home/ake/nav/nav_neupan/install/robot_simulation/share/robot_simulation/cmake/robot_simulationConfig-version.cmake
[0.052s] -- Up-to-date symlink: /home/ake/nav/nav_neupan/install/robot_simulation/share/robot_simulation/package.xml
[0.053s] Invoked command in '/home/ake/nav/nav_neupan/build/robot_simulation' returned '0': CMAKE_PREFIX_PATH=/home/ake/nav/nav_neupan/install/robot_description:/home/ake/nav/nav_neupan/src/bot_nav/install/teb_local_planner:/home/ake/nav/nav_neupan/src/bot_nav/install/teb_msgs:/home/ake/nav/nav_neupan/src/bot_nav/install/robot_simulation:/home/ake/nav/nav_neupan/src/bot_nav/install/robot_description:/home/ake/nav/nav_neupan/src/bot_nav/install/costmap_converter:/home/ake/nav/nav_neupan/src/bot_nav/install/costmap_converter_msgs:/home/ake/nav/nav_neupan/install/teb_local_planner:/home/ake/nav/nav_neupan/install/teb_msgs:/home/ake/nav/nav_neupan/install/robot_simulation:/home/ake/nav/nav_neupan/install/costmap_converter:/home/ake/nav/nav_neupan/install/costmap_converter_msgs:/home/ake/nav/nav_neupan/src/bot_nav/install/robot_patrol:/home/ake/nav/nav_neupan/install/nav_launch:/home/ake/nav/nav_neupan/install/robot_patrol:/home/ake/nav/nav_neupan/install/neupan_ros2:/opt/ros/humble /usr/bin/cmake --install /home/ake/nav/nav_neupan/build/robot_simulation
